[2024-07-01T11:17:55.464-0400] {local_task_job_runner.py:120} INFO - ::group::Pre task execution logs
[2024-07-01T11:17:55.482-0400] {taskinstance.py:2076} INFO - Dependencies all met for dep_context=non-requeueable deps ti=<TaskInstance: api_cuevana3_movie.execute_post_details_fasapi scheduled__2024-07-01T05:00:00+00:00 [queued]>
[2024-07-01T11:17:55.488-0400] {taskinstance.py:2076} INFO - Dependencies all met for dep_context=requeueable deps ti=<TaskInstance: api_cuevana3_movie.execute_post_details_fasapi scheduled__2024-07-01T05:00:00+00:00 [queued]>
[2024-07-01T11:17:55.489-0400] {taskinstance.py:2306} INFO - Starting attempt 1 of 1
[2024-07-01T11:17:55.527-0400] {taskinstance.py:2330} INFO - Executing <Task(PythonOperator): execute_post_details_fasapi> on 2024-07-01 05:00:00+00:00
[2024-07-01T11:17:55.533-0400] {standard_task_runner.py:63} INFO - Started process 383204 to run task
[2024-07-01T11:17:55.539-0400] {standard_task_runner.py:90} INFO - Running: ['airflow', 'tasks', 'run', 'api_cuevana3_movie', 'execute_post_details_fasapi', 'scheduled__2024-07-01T05:00:00+00:00', '--job-id', '682', '--raw', '--subdir', 'DAGS_FOLDER/movie_recommend.py', '--cfg-path', '/tmp/tmpfpmjhazi']
[2024-07-01T11:17:55.541-0400] {standard_task_runner.py:91} INFO - Job 682: Subtask execute_post_details_fasapi
[2024-07-01T11:17:55.599-0400] {task_command.py:426} INFO - Running <TaskInstance: api_cuevana3_movie.execute_post_details_fasapi scheduled__2024-07-01T05:00:00+00:00 [running]> on host walter-VirtualBox
[2024-07-01T11:17:55.748-0400] {taskinstance.py:2648} INFO - Exporting env vars: AIRFLOW_CTX_DAG_OWNER='airflow' AIRFLOW_CTX_DAG_ID='api_cuevana3_movie' AIRFLOW_CTX_TASK_ID='execute_post_details_fasapi' AIRFLOW_CTX_EXECUTION_DATE='2024-07-01T05:00:00+00:00' AIRFLOW_CTX_TRY_NUMBER='1' AIRFLOW_CTX_DAG_RUN_ID='scheduled__2024-07-01T05:00:00+00:00'
[2024-07-01T11:17:55.749-0400] {taskinstance.py:430} INFO - ::endgroup::
[2024-07-01T11:17:55.781-0400] {logging_mixin.py:188} INFO - Scraping movie details running successfully
[2024-07-01T11:17:55.783-0400] {taskinstance.py:441} INFO - ::group::Post task execution logs
[2024-07-01T11:17:55.787-0400] {taskinstance.py:2905} ERROR - Task failed with exception
Traceback (most recent call last):
  File "/home/walter/Documentos/rakuntentv/airflow/dags/movie_recommend.py", line 61, in execute_post_details_fasapi
    consumer = Consumer(consumer_config)
               ^^^^^^^^^^^^^^^^^^^^^^^^^
cimpl.KafkaException: KafkaError{code=_INVALID_ARG,val=-186,str="No such configuration property: "boostrap.servers""}

During handling of the above exception, another exception occurred:

Traceback (most recent call last):
  File "/home/walter/Documentos/rakuntentv/venv/lib/python3.12/site-packages/airflow/models/taskinstance.py", line 465, in _execute_task
    result = _execute_callable(context=context, **execute_callable_kwargs)
             ^^^^^^^^^^^^^^^^^^^^^^^^^^^^^^^^^^^^^^^^^^^^^^^^^^^^^^^^^^^^^
  File "/home/walter/Documentos/rakuntentv/venv/lib/python3.12/site-packages/airflow/models/taskinstance.py", line 432, in _execute_callable
    return execute_callable(context=context, **execute_callable_kwargs)
           ^^^^^^^^^^^^^^^^^^^^^^^^^^^^^^^^^^^^^^^^^^^^^^^^^^^^^^^^^^^^
  File "/home/walter/Documentos/rakuntentv/venv/lib/python3.12/site-packages/airflow/models/baseoperator.py", line 401, in wrapper
    return func(self, *args, **kwargs)
           ^^^^^^^^^^^^^^^^^^^^^^^^^^^
  File "/home/walter/Documentos/rakuntentv/venv/lib/python3.12/site-packages/airflow/operators/python.py", line 235, in execute
    return_value = self.execute_callable()
                   ^^^^^^^^^^^^^^^^^^^^^^^
  File "/home/walter/Documentos/rakuntentv/venv/lib/python3.12/site-packages/airflow/operators/python.py", line 252, in execute_callable
    return self.python_callable(*self.op_args, **self.op_kwargs)
           ^^^^^^^^^^^^^^^^^^^^^^^^^^^^^^^^^^^^^^^^^^^^^^^^^^^^^
  File "/home/walter/Documentos/rakuntentv/airflow/dags/movie_recommend.py", line 83, in execute_post_details_fasapi
    consumer.close()
    ^^^^^^^^
UnboundLocalError: cannot access local variable 'consumer' where it is not associated with a value
[2024-07-01T11:17:55.797-0400] {taskinstance.py:1206} INFO - Marking task as FAILED. dag_id=api_cuevana3_movie, task_id=execute_post_details_fasapi, run_id=scheduled__2024-07-01T05:00:00+00:00, execution_date=20240701T050000, start_date=20240701T151755, end_date=20240701T151755
[2024-07-01T11:17:55.832-0400] {standard_task_runner.py:110} ERROR - Failed to execute job 682 for task execute_post_details_fasapi (cannot access local variable 'consumer' where it is not associated with a value; 383204)
[2024-07-01T11:17:55.852-0400] {local_task_job_runner.py:240} INFO - Task exited with return code 1
[2024-07-01T11:17:55.874-0400] {taskinstance.py:3503} INFO - 0 downstream tasks scheduled from follow-on schedule check
[2024-07-01T11:17:55.890-0400] {local_task_job_runner.py:222} INFO - ::endgroup::
[2024-07-01T21:18:24.211-0400] {local_task_job_runner.py:120} INFO - ::group::Pre task execution logs
[2024-07-01T21:18:24.228-0400] {taskinstance.py:2076} INFO - Dependencies all met for dep_context=non-requeueable deps ti=<TaskInstance: api_cuevana3_movie.execute_post_details_fasapi scheduled__2024-07-01T05:00:00+00:00 [queued]>
[2024-07-01T21:18:24.243-0400] {taskinstance.py:2076} INFO - Dependencies all met for dep_context=requeueable deps ti=<TaskInstance: api_cuevana3_movie.execute_post_details_fasapi scheduled__2024-07-01T05:00:00+00:00 [queued]>
[2024-07-01T21:18:24.244-0400] {taskinstance.py:2306} INFO - Starting attempt 1 of 1
[2024-07-01T21:18:24.271-0400] {taskinstance.py:2330} INFO - Executing <Task(PythonOperator): execute_post_details_fasapi> on 2024-07-01 05:00:00+00:00
[2024-07-01T21:18:24.277-0400] {standard_task_runner.py:63} INFO - Started process 429300 to run task
[2024-07-01T21:18:24.280-0400] {standard_task_runner.py:90} INFO - Running: ['airflow', 'tasks', 'run', 'api_cuevana3_movie', 'execute_post_details_fasapi', 'scheduled__2024-07-01T05:00:00+00:00', '--job-id', '770', '--raw', '--subdir', 'DAGS_FOLDER/movie_recommend.py', '--cfg-path', '/tmp/tmp_156yyge']
[2024-07-01T21:18:24.281-0400] {standard_task_runner.py:91} INFO - Job 770: Subtask execute_post_details_fasapi
[2024-07-01T21:18:24.370-0400] {task_command.py:426} INFO - Running <TaskInstance: api_cuevana3_movie.execute_post_details_fasapi scheduled__2024-07-01T05:00:00+00:00 [running]> on host walter-VirtualBox
[2024-07-01T21:18:24.702-0400] {taskinstance.py:2648} INFO - Exporting env vars: AIRFLOW_CTX_DAG_OWNER='airflow' AIRFLOW_CTX_DAG_ID='api_cuevana3_movie' AIRFLOW_CTX_TASK_ID='execute_post_details_fasapi' AIRFLOW_CTX_EXECUTION_DATE='2024-07-01T05:00:00+00:00' AIRFLOW_CTX_TRY_NUMBER='1' AIRFLOW_CTX_DAG_RUN_ID='scheduled__2024-07-01T05:00:00+00:00'
[2024-07-01T21:18:24.704-0400] {taskinstance.py:430} INFO - ::endgroup::
[2024-07-01T21:18:44.586-0400] {local_task_job_runner.py:310} WARNING - State of this instance has been externally set to None. Terminating instance.
[2024-07-01T21:18:44.590-0400] {local_task_job_runner.py:222} INFO - ::endgroup::
[2024-07-01T21:18:44.615-0400] {process_utils.py:132} INFO - Sending 15 to group 429300. PIDs of all processes in the group: [429300]
[2024-07-01T21:18:44.617-0400] {process_utils.py:87} INFO - Sending the signal 15 to group 429300
[2024-07-01T21:18:44.618-0400] {taskinstance.py:2611} ERROR - Received SIGTERM. Terminating subprocesses.
[2024-07-01T21:18:44.681-0400] {taskinstance.py:441} INFO - ::group::Post task execution logs
[2024-07-01T21:18:44.709-0400] {taskinstance.py:2905} ERROR - Task failed with exception
Traceback (most recent call last):
  File "/home/walter/Documentos/rakuntentv/venv/lib/python3.12/site-packages/airflow/models/taskinstance.py", line 465, in _execute_task
    result = _execute_callable(context=context, **execute_callable_kwargs)
             ^^^^^^^^^^^^^^^^^^^^^^^^^^^^^^^^^^^^^^^^^^^^^^^^^^^^^^^^^^^^^
  File "/home/walter/Documentos/rakuntentv/venv/lib/python3.12/site-packages/airflow/models/taskinstance.py", line 432, in _execute_callable
    return execute_callable(context=context, **execute_callable_kwargs)
           ^^^^^^^^^^^^^^^^^^^^^^^^^^^^^^^^^^^^^^^^^^^^^^^^^^^^^^^^^^^^
  File "/home/walter/Documentos/rakuntentv/venv/lib/python3.12/site-packages/airflow/models/baseoperator.py", line 401, in wrapper
    return func(self, *args, **kwargs)
           ^^^^^^^^^^^^^^^^^^^^^^^^^^^
  File "/home/walter/Documentos/rakuntentv/venv/lib/python3.12/site-packages/airflow/operators/python.py", line 235, in execute
    return_value = self.execute_callable()
                   ^^^^^^^^^^^^^^^^^^^^^^^
  File "/home/walter/Documentos/rakuntentv/venv/lib/python3.12/site-packages/airflow/operators/python.py", line 252, in execute_callable
    return self.python_callable(*self.op_args, **self.op_kwargs)
           ^^^^^^^^^^^^^^^^^^^^^^^^^^^^^^^^^^^^^^^^^^^^^^^^^^^^^
  File "/home/walter/Documentos/rakuntentv/airflow/dags/movie_recommend.py", line 60, in execute_post_details_fasapi
    response = requests.post(api_url)
               ^^^^^^^^^^^^^^^^^^^^^^
  File "/home/walter/Documentos/rakuntentv/venv/lib/python3.12/site-packages/requests/api.py", line 115, in post
    return request("post", url, data=data, json=json, **kwargs)
           ^^^^^^^^^^^^^^^^^^^^^^^^^^^^^^^^^^^^^^^^^^^^^^^^^^^^
  File "/home/walter/Documentos/rakuntentv/venv/lib/python3.12/site-packages/requests/api.py", line 59, in request
    return session.request(method=method, url=url, **kwargs)
           ^^^^^^^^^^^^^^^^^^^^^^^^^^^^^^^^^^^^^^^^^^^^^^^^^
  File "/home/walter/Documentos/rakuntentv/venv/lib/python3.12/site-packages/requests/sessions.py", line 589, in request
    resp = self.send(prep, **send_kwargs)
           ^^^^^^^^^^^^^^^^^^^^^^^^^^^^^^
  File "/home/walter/Documentos/rakuntentv/venv/lib/python3.12/site-packages/requests/sessions.py", line 703, in send
    r = adapter.send(request, **kwargs)
        ^^^^^^^^^^^^^^^^^^^^^^^^^^^^^^^
  File "/home/walter/Documentos/rakuntentv/venv/lib/python3.12/site-packages/requests/adapters.py", line 667, in send
    resp = conn.urlopen(
           ^^^^^^^^^^^^^
  File "/home/walter/Documentos/rakuntentv/venv/lib/python3.12/site-packages/urllib3/connectionpool.py", line 789, in urlopen
    response = self._make_request(
               ^^^^^^^^^^^^^^^^^^^
  File "/home/walter/Documentos/rakuntentv/venv/lib/python3.12/site-packages/urllib3/connectionpool.py", line 536, in _make_request
    response = conn.getresponse()
               ^^^^^^^^^^^^^^^^^^
  File "/home/walter/Documentos/rakuntentv/venv/lib/python3.12/site-packages/urllib3/connection.py", line 464, in getresponse
    httplib_response = super().getresponse()
                       ^^^^^^^^^^^^^^^^^^^^^
  File "/usr/lib/python3.12/http/client.py", line 1428, in getresponse
    response.begin()
  File "/usr/lib/python3.12/http/client.py", line 331, in begin
    version, status, reason = self._read_status()
                              ^^^^^^^^^^^^^^^^^^^
  File "/usr/lib/python3.12/http/client.py", line 292, in _read_status
    line = str(self.fp.readline(_MAXLINE + 1), "iso-8859-1")
               ^^^^^^^^^^^^^^^^^^^^^^^^^^^^^^
  File "/usr/lib/python3.12/socket.py", line 707, in readinto
    return self._sock.recv_into(b)
           ^^^^^^^^^^^^^^^^^^^^^^^
  File "/home/walter/Documentos/rakuntentv/venv/lib/python3.12/site-packages/airflow/models/taskinstance.py", line 2613, in signal_handler
    raise AirflowTaskTerminated("Task received SIGTERM signal")
airflow.exceptions.AirflowTaskTerminated: Task received SIGTERM signal
[2024-07-01T21:18:44.780-0400] {taskinstance.py:1206} INFO - Marking task as FAILED. dag_id=api_cuevana3_movie, task_id=execute_post_details_fasapi, run_id=scheduled__2024-07-01T05:00:00+00:00, execution_date=20240701T050000, start_date=20240702T011824, end_date=20240702T011844
[2024-07-01T21:18:44.804-0400] {standard_task_runner.py:110} ERROR - Failed to execute job 770 for task execute_post_details_fasapi ((sqlite3.IntegrityError) FOREIGN KEY constraint failed
[SQL: INSERT INTO task_fail (task_id, dag_id, run_id, map_index, start_date, end_date, duration) VALUES (?, ?, ?, ?, ?, ?, ?)]
[parameters: ('execute_post_details_fasapi', 'api_cuevana3_movie', 'scheduled__2024-07-01T05:00:00+00:00', -1, '2024-07-02 01:18:24.228426', '2024-07-02 01:18:44.779406', 20)]
(Background on this error at: https://sqlalche.me/e/14/gkpj); 429300)
[2024-07-01T21:18:44.863-0400] {process_utils.py:80} INFO - Process psutil.Process(pid=429300, status='terminated', exitcode=1, started='21:18:23') (429300) terminated with exit code 1
[2024-07-01T23:08:48.713-0400] {local_task_job_runner.py:120} INFO - ::group::Pre task execution logs
[2024-07-01T23:08:48.727-0400] {taskinstance.py:2076} INFO - Dependencies all met for dep_context=non-requeueable deps ti=<TaskInstance: api_cuevana3_movie.execute_post_details_fasapi scheduled__2024-07-01T05:00:00+00:00 [queued]>
[2024-07-01T23:08:48.735-0400] {taskinstance.py:2076} INFO - Dependencies all met for dep_context=requeueable deps ti=<TaskInstance: api_cuevana3_movie.execute_post_details_fasapi scheduled__2024-07-01T05:00:00+00:00 [queued]>
[2024-07-01T23:08:48.736-0400] {taskinstance.py:2306} INFO - Starting attempt 1 of 1
[2024-07-01T23:08:48.752-0400] {taskinstance.py:2330} INFO - Executing <Task(PythonOperator): execute_post_details_fasapi> on 2024-07-01 05:00:00+00:00
[2024-07-01T23:08:48.758-0400] {standard_task_runner.py:63} INFO - Started process 446182 to run task
[2024-07-01T23:08:48.761-0400] {standard_task_runner.py:90} INFO - Running: ['airflow', 'tasks', 'run', 'api_cuevana3_movie', 'execute_post_details_fasapi', 'scheduled__2024-07-01T05:00:00+00:00', '--job-id', '827', '--raw', '--subdir', 'DAGS_FOLDER/movie_recommend.py', '--cfg-path', '/tmp/tmppxd4q3w9']
[2024-07-01T23:08:48.763-0400] {standard_task_runner.py:91} INFO - Job 827: Subtask execute_post_details_fasapi
[2024-07-01T23:08:48.830-0400] {task_command.py:426} INFO - Running <TaskInstance: api_cuevana3_movie.execute_post_details_fasapi scheduled__2024-07-01T05:00:00+00:00 [running]> on host walter-VirtualBox
[2024-07-01T23:08:48.909-0400] {taskinstance.py:2648} INFO - Exporting env vars: AIRFLOW_CTX_DAG_OWNER='airflow' AIRFLOW_CTX_DAG_ID='api_cuevana3_movie' AIRFLOW_CTX_TASK_ID='execute_post_details_fasapi' AIRFLOW_CTX_EXECUTION_DATE='2024-07-01T05:00:00+00:00' AIRFLOW_CTX_TRY_NUMBER='1' AIRFLOW_CTX_DAG_RUN_ID='scheduled__2024-07-01T05:00:00+00:00'
[2024-07-01T23:08:48.910-0400] {taskinstance.py:430} INFO - ::endgroup::
[2024-07-01T23:09:42.127-0400] {logging_mixin.py:188} INFO - Scraping movie details running successfully
[2024-07-01T23:09:42.184-0400] {logging_mixin.py:188} INFO - {"image_url": "https://i0.wp.com/www.themoviedb.org/t/p/w185/5jI2vEHJReAx8iFDmhC2O3yW37w.jpg", "title": "Bad Boys: Ride or Die", "rating": 6.9, "duration": "1h 55m", "year": "2024", "quality": "HD", "description": "Ver bad boys: ride or die Cuevana3.Tras escuchar falsas acusaciones sobre su excapit\u00e1n y mentor Mike y Marcus deciden investigar el asunto incluso volverse los m\u00e1s buscados de ser necesarios", "genre": ["Acci\u00f3n", "Crimen", "Suspense", "Comedia"], "country": "United States", "director": "Adil El Arbi", "actors": ["Will Smith,", "Martin Lawrence,", "Vanessa Hudgens,", "Alexander Ludwig,", "Paola Nu\u00f1ez,", "Eric Dane,", "Ioan Gruffudd,", "Jacob Scipio,", "Melanie Liburd,", "Tasha Smith,", "Rhea Seehorn,", "Tiffany Haddish,", "Joe Pantoliano,", "DJ Khaled,", "John Salley,", "Bianca Bethune,", "Dennis McDonald,", "Quinn Hemphill,", "Michael Bay,", "Derek Russo,", "Karter Reese Newsome,"], "views": 460}
[2024-07-01T23:09:42.208-0400] {python.py:237} INFO - Done. Returned value was: {"image_url": "https://i0.wp.com/www.themoviedb.org/t/p/w185/5jI2vEHJReAx8iFDmhC2O3yW37w.jpg", "title": "Bad Boys: Ride or Die", "rating": 6.9, "duration": "1h 55m", "year": "2024", "quality": "HD", "description": "Ver bad boys: ride or die Cuevana3.Tras escuchar falsas acusaciones sobre su excapit\u00e1n y mentor Mike y Marcus deciden investigar el asunto incluso volverse los m\u00e1s buscados de ser necesarios", "genre": ["Acci\u00f3n", "Crimen", "Suspense", "Comedia"], "country": "United States", "director": "Adil El Arbi", "actors": ["Will Smith,", "Martin Lawrence,", "Vanessa Hudgens,", "Alexander Ludwig,", "Paola Nu\u00f1ez,", "Eric Dane,", "Ioan Gruffudd,", "Jacob Scipio,", "Melanie Liburd,", "Tasha Smith,", "Rhea Seehorn,", "Tiffany Haddish,", "Joe Pantoliano,", "DJ Khaled,", "John Salley,", "Bianca Bethune,", "Dennis McDonald,", "Quinn Hemphill,", "Michael Bay,", "Derek Russo,", "Karter Reese Newsome,"], "views": 460}
[2024-07-01T23:09:42.209-0400] {taskinstance.py:441} INFO - ::group::Post task execution logs
[2024-07-01T23:09:42.231-0400] {taskinstance.py:1206} INFO - Marking task as SUCCESS. dag_id=api_cuevana3_movie, task_id=execute_post_details_fasapi, run_id=scheduled__2024-07-01T05:00:00+00:00, execution_date=20240701T050000, start_date=20240702T030848, end_date=20240702T030942
[2024-07-01T23:09:42.272-0400] {local_task_job_runner.py:240} INFO - Task exited with return code 0
[2024-07-01T23:09:42.294-0400] {taskinstance.py:3503} INFO - 0 downstream tasks scheduled from follow-on schedule check
[2024-07-01T23:09:42.294-0400] {local_task_job_runner.py:222} INFO - ::endgroup::
[2024-07-01T23:37:19.897-0400] {local_task_job_runner.py:120} INFO - ::group::Pre task execution logs
[2024-07-01T23:37:19.924-0400] {taskinstance.py:2076} INFO - Dependencies all met for dep_context=non-requeueable deps ti=<TaskInstance: api_cuevana3_movie.execute_post_details_fasapi scheduled__2024-07-01T05:00:00+00:00 [queued]>
[2024-07-01T23:37:19.935-0400] {taskinstance.py:2076} INFO - Dependencies all met for dep_context=requeueable deps ti=<TaskInstance: api_cuevana3_movie.execute_post_details_fasapi scheduled__2024-07-01T05:00:00+00:00 [queued]>
[2024-07-01T23:37:19.937-0400] {taskinstance.py:2306} INFO - Starting attempt 1 of 1
[2024-07-01T23:37:19.960-0400] {taskinstance.py:2330} INFO - Executing <Task(PythonOperator): execute_post_details_fasapi> on 2024-07-01 05:00:00+00:00
[2024-07-01T23:37:19.974-0400] {standard_task_runner.py:63} INFO - Started process 459801 to run task
[2024-07-01T23:37:19.995-0400] {standard_task_runner.py:90} INFO - Running: ['airflow', 'tasks', 'run', 'api_cuevana3_movie', 'execute_post_details_fasapi', 'scheduled__2024-07-01T05:00:00+00:00', '--job-id', '908', '--raw', '--subdir', 'DAGS_FOLDER/movie_recommend.py', '--cfg-path', '/tmp/tmpjzjky4de']
[2024-07-01T23:37:19.998-0400] {standard_task_runner.py:91} INFO - Job 908: Subtask execute_post_details_fasapi
[2024-07-01T23:37:20.076-0400] {task_command.py:426} INFO - Running <TaskInstance: api_cuevana3_movie.execute_post_details_fasapi scheduled__2024-07-01T05:00:00+00:00 [running]> on host walter-VirtualBox
[2024-07-01T23:37:20.203-0400] {taskinstance.py:2648} INFO - Exporting env vars: AIRFLOW_CTX_DAG_OWNER='airflow' AIRFLOW_CTX_DAG_ID='api_cuevana3_movie' AIRFLOW_CTX_TASK_ID='execute_post_details_fasapi' AIRFLOW_CTX_EXECUTION_DATE='2024-07-01T05:00:00+00:00' AIRFLOW_CTX_TRY_NUMBER='1' AIRFLOW_CTX_DAG_RUN_ID='scheduled__2024-07-01T05:00:00+00:00'
[2024-07-01T23:37:20.204-0400] {taskinstance.py:430} INFO - ::endgroup::
[2024-07-01T23:39:26.481-0400] {logging_mixin.py:188} INFO - Scraping movie details running successfully
[2024-07-01T23:39:26.565-0400] {logging_mixin.py:188} INFO - {"image_url": "https://i0.wp.com/www.themoviedb.org/t/p/w185/3HoBhPg6T5st6K09QfZh4lGB0hz.jpg", "title": "La academia del Sr. Kleks", "rating": 6.1, "duration": "2h 10m", "year": "2024", "quality": "HD", "description": "Ver la academia del sr. kleks Cuevana3.En busca de su padre, que ha desaparecido, una adolescente aparentemente normal acepta asistir a una universidad m\u00e1gica dirigida por un profesor exc\u00e9ntrico, el Sr. Kleks.", "genre": ["Fantas\u00eda", "Aventura", "Familia"], "country": "Bulgaria", "director": "Maciej Kawulski", "actors": ["Antonina Litwiniak,", "Tomasz Kot,", "Piotr Fronczewski,", "Sebastian Stankiewicz,", "Agnieszka Grochowska,", "Danuta Stenka,", "Daniel Walasek,", "Konrad Repi\u0144ski,", "Igor Fernandez-Kowalczyk,", "Apolonia Ga\u0142\u0119ska,", "Daria Kalinchuk,", "Amelia Luty\u0144ska,", "Enkhkhangaluun Byambadul,", "Jan Makowski,", "Jana Jachimek,", "Liu Sitkowska,", "Maria Al Tlfah,", "Dima Al Tlfah,", "Nikodem Adamski,", "Julian Mr\u00f3wczy\u0144ski,", "Adam Panikowski,"], "views": 50}
[2024-07-01T23:39:26.575-0400] {python.py:237} INFO - Done. Returned value was: {"image_url": "https://i0.wp.com/www.themoviedb.org/t/p/w185/3HoBhPg6T5st6K09QfZh4lGB0hz.jpg", "title": "La academia del Sr. Kleks", "rating": 6.1, "duration": "2h 10m", "year": "2024", "quality": "HD", "description": "Ver la academia del sr. kleks Cuevana3.En busca de su padre, que ha desaparecido, una adolescente aparentemente normal acepta asistir a una universidad m\u00e1gica dirigida por un profesor exc\u00e9ntrico, el Sr. Kleks.", "genre": ["Fantas\u00eda", "Aventura", "Familia"], "country": "Bulgaria", "director": "Maciej Kawulski", "actors": ["Antonina Litwiniak,", "Tomasz Kot,", "Piotr Fronczewski,", "Sebastian Stankiewicz,", "Agnieszka Grochowska,", "Danuta Stenka,", "Daniel Walasek,", "Konrad Repi\u0144ski,", "Igor Fernandez-Kowalczyk,", "Apolonia Ga\u0142\u0119ska,", "Daria Kalinchuk,", "Amelia Luty\u0144ska,", "Enkhkhangaluun Byambadul,", "Jan Makowski,", "Jana Jachimek,", "Liu Sitkowska,", "Maria Al Tlfah,", "Dima Al Tlfah,", "Nikodem Adamski,", "Julian Mr\u00f3wczy\u0144ski,", "Adam Panikowski,"], "views": 50}
[2024-07-01T23:39:26.575-0400] {taskinstance.py:441} INFO - ::group::Post task execution logs
[2024-07-01T23:39:26.597-0400] {taskinstance.py:1206} INFO - Marking task as SUCCESS. dag_id=api_cuevana3_movie, task_id=execute_post_details_fasapi, run_id=scheduled__2024-07-01T05:00:00+00:00, execution_date=20240701T050000, start_date=20240702T033719, end_date=20240702T033926
[2024-07-01T23:39:26.633-0400] {local_task_job_runner.py:240} INFO - Task exited with return code 0
[2024-07-01T23:39:26.669-0400] {taskinstance.py:3503} INFO - 1 downstream tasks scheduled from follow-on schedule check
[2024-07-01T23:39:26.710-0400] {local_task_job_runner.py:222} INFO - ::endgroup::
