[2024-07-01T11:06:42.847-0400] {local_task_job_runner.py:120} INFO - ::group::Pre task execution logs
[2024-07-01T11:06:42.866-0400] {taskinstance.py:2076} INFO - Dependencies all met for dep_context=non-requeueable deps ti=<TaskInstance: api_cuevana3_movie.execute_post_details_fasapi scheduled__2024-07-01T04:00:00+00:00 [queued]>
[2024-07-01T11:06:42.872-0400] {taskinstance.py:2076} INFO - Dependencies all met for dep_context=requeueable deps ti=<TaskInstance: api_cuevana3_movie.execute_post_details_fasapi scheduled__2024-07-01T04:00:00+00:00 [queued]>
[2024-07-01T11:06:42.872-0400] {taskinstance.py:2306} INFO - Starting attempt 1 of 1
[2024-07-01T11:06:42.923-0400] {taskinstance.py:2330} INFO - Executing <Task(PythonOperator): execute_post_details_fasapi> on 2024-07-01 04:00:00+00:00
[2024-07-01T11:06:42.930-0400] {standard_task_runner.py:63} INFO - Started process 381919 to run task
[2024-07-01T11:06:42.932-0400] {standard_task_runner.py:90} INFO - Running: ['airflow', 'tasks', 'run', 'api_cuevana3_movie', 'execute_post_details_fasapi', 'scheduled__2024-07-01T04:00:00+00:00', '--job-id', '661', '--raw', '--subdir', 'DAGS_FOLDER/movie_recommend.py', '--cfg-path', '/tmp/tmpx6z252ah']
[2024-07-01T11:06:42.936-0400] {standard_task_runner.py:91} INFO - Job 661: Subtask execute_post_details_fasapi
[2024-07-01T11:06:43.021-0400] {task_command.py:426} INFO - Running <TaskInstance: api_cuevana3_movie.execute_post_details_fasapi scheduled__2024-07-01T04:00:00+00:00 [running]> on host walter-VirtualBox
[2024-07-01T11:06:43.146-0400] {taskinstance.py:2648} INFO - Exporting env vars: AIRFLOW_CTX_DAG_OWNER='airflow' AIRFLOW_CTX_DAG_ID='api_cuevana3_movie' AIRFLOW_CTX_TASK_ID='execute_post_details_fasapi' AIRFLOW_CTX_EXECUTION_DATE='2024-07-01T04:00:00+00:00' AIRFLOW_CTX_TRY_NUMBER='1' AIRFLOW_CTX_DAG_RUN_ID='scheduled__2024-07-01T04:00:00+00:00'
[2024-07-01T11:06:43.148-0400] {taskinstance.py:430} INFO - ::endgroup::
[2024-07-01T11:06:43.183-0400] {logging_mixin.py:188} INFO - Scraping movie details running successfully
[2024-07-01T11:06:43.184-0400] {taskinstance.py:441} INFO - ::group::Post task execution logs
[2024-07-01T11:06:43.184-0400] {taskinstance.py:2905} ERROR - Task failed with exception
Traceback (most recent call last):
  File "/home/walter/Documentos/rakuntentv/airflow/dags/movie_recommend.py", line 60, in execute_post_details_fasapi
    consumer = Consumer(consumer_config)
               ^^^^^^^^^^^^^^^^^^^^^^^^^
cimpl.KafkaException: KafkaError{code=_INVALID_ARG,val=-186,str="No such configuration property: "boostrap.servers""}

During handling of the above exception, another exception occurred:

Traceback (most recent call last):
  File "/home/walter/Documentos/rakuntentv/venv/lib/python3.12/site-packages/airflow/models/taskinstance.py", line 465, in _execute_task
    result = _execute_callable(context=context, **execute_callable_kwargs)
             ^^^^^^^^^^^^^^^^^^^^^^^^^^^^^^^^^^^^^^^^^^^^^^^^^^^^^^^^^^^^^
  File "/home/walter/Documentos/rakuntentv/venv/lib/python3.12/site-packages/airflow/models/taskinstance.py", line 432, in _execute_callable
    return execute_callable(context=context, **execute_callable_kwargs)
           ^^^^^^^^^^^^^^^^^^^^^^^^^^^^^^^^^^^^^^^^^^^^^^^^^^^^^^^^^^^^
  File "/home/walter/Documentos/rakuntentv/venv/lib/python3.12/site-packages/airflow/models/baseoperator.py", line 401, in wrapper
    return func(self, *args, **kwargs)
           ^^^^^^^^^^^^^^^^^^^^^^^^^^^
  File "/home/walter/Documentos/rakuntentv/venv/lib/python3.12/site-packages/airflow/operators/python.py", line 235, in execute
    return_value = self.execute_callable()
                   ^^^^^^^^^^^^^^^^^^^^^^^
  File "/home/walter/Documentos/rakuntentv/venv/lib/python3.12/site-packages/airflow/operators/python.py", line 252, in execute_callable
    return self.python_callable(*self.op_args, **self.op_kwargs)
           ^^^^^^^^^^^^^^^^^^^^^^^^^^^^^^^^^^^^^^^^^^^^^^^^^^^^^
  File "/home/walter/Documentos/rakuntentv/airflow/dags/movie_recommend.py", line 82, in execute_post_details_fasapi
    consumer.close()
    ^^^^^^^^
UnboundLocalError: cannot access local variable 'consumer' where it is not associated with a value
[2024-07-01T11:06:43.190-0400] {taskinstance.py:1206} INFO - Marking task as FAILED. dag_id=api_cuevana3_movie, task_id=execute_post_details_fasapi, run_id=scheduled__2024-07-01T04:00:00+00:00, execution_date=20240701T040000, start_date=20240701T150642, end_date=20240701T150643
[2024-07-01T11:06:43.205-0400] {standard_task_runner.py:110} ERROR - Failed to execute job 661 for task execute_post_details_fasapi (cannot access local variable 'consumer' where it is not associated with a value; 381919)
[2024-07-01T11:06:43.274-0400] {local_task_job_runner.py:240} INFO - Task exited with return code 1
[2024-07-01T11:06:43.297-0400] {taskinstance.py:3503} INFO - 0 downstream tasks scheduled from follow-on schedule check
[2024-07-01T11:06:43.336-0400] {local_task_job_runner.py:222} INFO - ::endgroup::
[2024-07-01T11:17:46.745-0400] {local_task_job_runner.py:120} INFO - ::group::Pre task execution logs
[2024-07-01T11:17:46.764-0400] {taskinstance.py:2076} INFO - Dependencies all met for dep_context=non-requeueable deps ti=<TaskInstance: api_cuevana3_movie.execute_post_details_fasapi scheduled__2024-07-01T04:00:00+00:00 [queued]>
[2024-07-01T11:17:46.770-0400] {taskinstance.py:2076} INFO - Dependencies all met for dep_context=requeueable deps ti=<TaskInstance: api_cuevana3_movie.execute_post_details_fasapi scheduled__2024-07-01T04:00:00+00:00 [queued]>
[2024-07-01T11:17:46.771-0400] {taskinstance.py:2306} INFO - Starting attempt 1 of 1
[2024-07-01T11:17:46.808-0400] {taskinstance.py:2330} INFO - Executing <Task(PythonOperator): execute_post_details_fasapi> on 2024-07-01 04:00:00+00:00
[2024-07-01T11:17:46.821-0400] {standard_task_runner.py:63} INFO - Started process 383163 to run task
[2024-07-01T11:17:46.825-0400] {standard_task_runner.py:90} INFO - Running: ['airflow', 'tasks', 'run', 'api_cuevana3_movie', 'execute_post_details_fasapi', 'scheduled__2024-07-01T04:00:00+00:00', '--job-id', '679', '--raw', '--subdir', 'DAGS_FOLDER/movie_recommend.py', '--cfg-path', '/tmp/tmpng7oh8gj']
[2024-07-01T11:17:46.827-0400] {standard_task_runner.py:91} INFO - Job 679: Subtask execute_post_details_fasapi
[2024-07-01T11:17:46.909-0400] {task_command.py:426} INFO - Running <TaskInstance: api_cuevana3_movie.execute_post_details_fasapi scheduled__2024-07-01T04:00:00+00:00 [running]> on host walter-VirtualBox
[2024-07-01T11:17:47.015-0400] {taskinstance.py:2648} INFO - Exporting env vars: AIRFLOW_CTX_DAG_OWNER='airflow' AIRFLOW_CTX_DAG_ID='api_cuevana3_movie' AIRFLOW_CTX_TASK_ID='execute_post_details_fasapi' AIRFLOW_CTX_EXECUTION_DATE='2024-07-01T04:00:00+00:00' AIRFLOW_CTX_TRY_NUMBER='1' AIRFLOW_CTX_DAG_RUN_ID='scheduled__2024-07-01T04:00:00+00:00'
[2024-07-01T11:17:47.016-0400] {taskinstance.py:430} INFO - ::endgroup::
[2024-07-01T11:17:47.040-0400] {logging_mixin.py:188} INFO - Scraping movie details running successfully
[2024-07-01T11:17:47.041-0400] {taskinstance.py:441} INFO - ::group::Post task execution logs
[2024-07-01T11:17:47.042-0400] {taskinstance.py:2905} ERROR - Task failed with exception
Traceback (most recent call last):
  File "/home/walter/Documentos/rakuntentv/airflow/dags/movie_recommend.py", line 61, in execute_post_details_fasapi
    consumer = Consumer(consumer_config)
               ^^^^^^^^^^^^^^^^^^^^^^^^^
cimpl.KafkaException: KafkaError{code=_INVALID_ARG,val=-186,str="No such configuration property: "boostrap.servers""}

During handling of the above exception, another exception occurred:

Traceback (most recent call last):
  File "/home/walter/Documentos/rakuntentv/venv/lib/python3.12/site-packages/airflow/models/taskinstance.py", line 465, in _execute_task
    result = _execute_callable(context=context, **execute_callable_kwargs)
             ^^^^^^^^^^^^^^^^^^^^^^^^^^^^^^^^^^^^^^^^^^^^^^^^^^^^^^^^^^^^^
  File "/home/walter/Documentos/rakuntentv/venv/lib/python3.12/site-packages/airflow/models/taskinstance.py", line 432, in _execute_callable
    return execute_callable(context=context, **execute_callable_kwargs)
           ^^^^^^^^^^^^^^^^^^^^^^^^^^^^^^^^^^^^^^^^^^^^^^^^^^^^^^^^^^^^
  File "/home/walter/Documentos/rakuntentv/venv/lib/python3.12/site-packages/airflow/models/baseoperator.py", line 401, in wrapper
    return func(self, *args, **kwargs)
           ^^^^^^^^^^^^^^^^^^^^^^^^^^^
  File "/home/walter/Documentos/rakuntentv/venv/lib/python3.12/site-packages/airflow/operators/python.py", line 235, in execute
    return_value = self.execute_callable()
                   ^^^^^^^^^^^^^^^^^^^^^^^
  File "/home/walter/Documentos/rakuntentv/venv/lib/python3.12/site-packages/airflow/operators/python.py", line 252, in execute_callable
    return self.python_callable(*self.op_args, **self.op_kwargs)
           ^^^^^^^^^^^^^^^^^^^^^^^^^^^^^^^^^^^^^^^^^^^^^^^^^^^^^
  File "/home/walter/Documentos/rakuntentv/airflow/dags/movie_recommend.py", line 83, in execute_post_details_fasapi
    consumer.close()
    ^^^^^^^^
UnboundLocalError: cannot access local variable 'consumer' where it is not associated with a value
[2024-07-01T11:17:47.049-0400] {taskinstance.py:1206} INFO - Marking task as FAILED. dag_id=api_cuevana3_movie, task_id=execute_post_details_fasapi, run_id=scheduled__2024-07-01T04:00:00+00:00, execution_date=20240701T040000, start_date=20240701T151746, end_date=20240701T151747
[2024-07-01T11:17:47.103-0400] {standard_task_runner.py:110} ERROR - Failed to execute job 679 for task execute_post_details_fasapi (cannot access local variable 'consumer' where it is not associated with a value; 383163)
[2024-07-01T11:17:47.155-0400] {local_task_job_runner.py:240} INFO - Task exited with return code 1
[2024-07-01T11:17:47.177-0400] {taskinstance.py:3503} INFO - 0 downstream tasks scheduled from follow-on schedule check
[2024-07-01T11:17:47.205-0400] {local_task_job_runner.py:222} INFO - ::endgroup::
[2024-07-01T19:21:59.395-0400] {local_task_job_runner.py:120} INFO - ::group::Pre task execution logs
[2024-07-01T19:21:59.410-0400] {taskinstance.py:2076} INFO - Dependencies all met for dep_context=non-requeueable deps ti=<TaskInstance: api_cuevana3_movie.execute_post_details_fasapi scheduled__2024-07-01T04:00:00+00:00 [queued]>
[2024-07-01T19:21:59.420-0400] {taskinstance.py:2076} INFO - Dependencies all met for dep_context=requeueable deps ti=<TaskInstance: api_cuevana3_movie.execute_post_details_fasapi scheduled__2024-07-01T04:00:00+00:00 [queued]>
[2024-07-01T19:21:59.421-0400] {taskinstance.py:2306} INFO - Starting attempt 1 of 1
[2024-07-01T19:21:59.451-0400] {taskinstance.py:2330} INFO - Executing <Task(PythonOperator): execute_post_details_fasapi> on 2024-07-01 04:00:00+00:00
[2024-07-01T19:21:59.458-0400] {standard_task_runner.py:63} INFO - Started process 409007 to run task
[2024-07-01T19:21:59.464-0400] {standard_task_runner.py:90} INFO - Running: ['airflow', 'tasks', 'run', 'api_cuevana3_movie', 'execute_post_details_fasapi', 'scheduled__2024-07-01T04:00:00+00:00', '--job-id', '701', '--raw', '--subdir', 'DAGS_FOLDER/movie_recommend.py', '--cfg-path', '/tmp/tmpp_98d7_s']
[2024-07-01T19:21:59.469-0400] {standard_task_runner.py:91} INFO - Job 701: Subtask execute_post_details_fasapi
[2024-07-01T19:21:59.566-0400] {task_command.py:426} INFO - Running <TaskInstance: api_cuevana3_movie.execute_post_details_fasapi scheduled__2024-07-01T04:00:00+00:00 [running]> on host walter-VirtualBox
[2024-07-01T19:21:59.665-0400] {taskinstance.py:2648} INFO - Exporting env vars: AIRFLOW_CTX_DAG_OWNER='airflow' AIRFLOW_CTX_DAG_ID='api_cuevana3_movie' AIRFLOW_CTX_TASK_ID='execute_post_details_fasapi' AIRFLOW_CTX_EXECUTION_DATE='2024-07-01T04:00:00+00:00' AIRFLOW_CTX_TRY_NUMBER='1' AIRFLOW_CTX_DAG_RUN_ID='scheduled__2024-07-01T04:00:00+00:00'
[2024-07-01T19:21:59.666-0400] {taskinstance.py:430} INFO - ::endgroup::
[2024-07-01T19:21:59.705-0400] {logging_mixin.py:188} INFO - Scraping movie details running successfully
[2024-07-01T19:22:59.825-0400] {logging_mixin.py:188} INFO - Tiempo de espera agotado
[2024-07-01T19:22:59.838-0400] {python.py:237} INFO - Done. Returned value was: None
[2024-07-01T19:22:59.838-0400] {taskinstance.py:441} INFO - ::group::Post task execution logs
[2024-07-01T19:22:59.850-0400] {taskinstance.py:1206} INFO - Marking task as SUCCESS. dag_id=api_cuevana3_movie, task_id=execute_post_details_fasapi, run_id=scheduled__2024-07-01T04:00:00+00:00, execution_date=20240701T040000, start_date=20240701T232159, end_date=20240701T232259
[2024-07-01T19:22:59.910-0400] {local_task_job_runner.py:240} INFO - Task exited with return code 0
[2024-07-01T19:22:59.925-0400] {taskinstance.py:3503} INFO - 0 downstream tasks scheduled from follow-on schedule check
[2024-07-01T19:22:59.926-0400] {local_task_job_runner.py:222} INFO - ::endgroup::
[2024-07-01T21:16:45.879-0400] {local_task_job_runner.py:120} INFO - ::group::Pre task execution logs
[2024-07-01T21:16:45.929-0400] {taskinstance.py:2076} INFO - Dependencies all met for dep_context=non-requeueable deps ti=<TaskInstance: api_cuevana3_movie.execute_post_details_fasapi scheduled__2024-07-01T04:00:00+00:00 [queued]>
[2024-07-01T21:16:45.941-0400] {taskinstance.py:2076} INFO - Dependencies all met for dep_context=requeueable deps ti=<TaskInstance: api_cuevana3_movie.execute_post_details_fasapi scheduled__2024-07-01T04:00:00+00:00 [queued]>
[2024-07-01T21:16:45.944-0400] {taskinstance.py:2306} INFO - Starting attempt 1 of 1
[2024-07-01T21:16:45.994-0400] {taskinstance.py:2330} INFO - Executing <Task(PythonOperator): execute_post_details_fasapi> on 2024-07-01 04:00:00+00:00
[2024-07-01T21:16:46.013-0400] {standard_task_runner.py:63} INFO - Started process 428790 to run task
[2024-07-01T21:16:46.022-0400] {standard_task_runner.py:90} INFO - Running: ['airflow', 'tasks', 'run', 'api_cuevana3_movie', 'execute_post_details_fasapi', 'scheduled__2024-07-01T04:00:00+00:00', '--job-id', '765', '--raw', '--subdir', 'DAGS_FOLDER/movie_recommend.py', '--cfg-path', '/tmp/tmp1nwiauod']
[2024-07-01T21:16:46.026-0400] {standard_task_runner.py:91} INFO - Job 765: Subtask execute_post_details_fasapi
[2024-07-01T21:16:46.096-0400] {task_command.py:426} INFO - Running <TaskInstance: api_cuevana3_movie.execute_post_details_fasapi scheduled__2024-07-01T04:00:00+00:00 [running]> on host walter-VirtualBox
[2024-07-01T21:16:46.201-0400] {taskinstance.py:2648} INFO - Exporting env vars: AIRFLOW_CTX_DAG_OWNER='airflow' AIRFLOW_CTX_DAG_ID='api_cuevana3_movie' AIRFLOW_CTX_TASK_ID='execute_post_details_fasapi' AIRFLOW_CTX_EXECUTION_DATE='2024-07-01T04:00:00+00:00' AIRFLOW_CTX_TRY_NUMBER='1' AIRFLOW_CTX_DAG_RUN_ID='scheduled__2024-07-01T04:00:00+00:00'
[2024-07-01T21:16:46.203-0400] {taskinstance.py:430} INFO - ::endgroup::
[2024-07-01T21:17:56.937-0400] {logging_mixin.py:188} INFO - Scraping movie details running successfully
[2024-07-01T21:17:56.938-0400] {logging_mixin.py:188} INFO - 1719883076.9383204
[2024-07-01T21:17:56.938-0400] {logging_mixin.py:188} INFO - Tiempo de espera agotado
[2024-07-01T21:17:56.945-0400] {python.py:237} INFO - Done. Returned value was: None
[2024-07-01T21:17:56.952-0400] {taskinstance.py:441} INFO - ::group::Post task execution logs
[2024-07-01T21:17:56.962-0400] {taskinstance.py:1206} INFO - Marking task as SUCCESS. dag_id=api_cuevana3_movie, task_id=execute_post_details_fasapi, run_id=scheduled__2024-07-01T04:00:00+00:00, execution_date=20240701T040000, start_date=20240702T011645, end_date=20240702T011756
[2024-07-01T21:17:57.052-0400] {local_task_job_runner.py:240} INFO - Task exited with return code 0
[2024-07-01T21:17:57.115-0400] {taskinstance.py:3503} INFO - 0 downstream tasks scheduled from follow-on schedule check
[2024-07-01T21:17:57.117-0400] {local_task_job_runner.py:222} INFO - ::endgroup::
[2024-07-01T23:05:44.005-0400] {local_task_job_runner.py:120} INFO - ::group::Pre task execution logs
[2024-07-01T23:05:44.062-0400] {taskinstance.py:2076} INFO - Dependencies all met for dep_context=non-requeueable deps ti=<TaskInstance: api_cuevana3_movie.execute_post_details_fasapi scheduled__2024-07-01T04:00:00+00:00 [queued]>
[2024-07-01T23:05:44.080-0400] {taskinstance.py:2076} INFO - Dependencies all met for dep_context=requeueable deps ti=<TaskInstance: api_cuevana3_movie.execute_post_details_fasapi scheduled__2024-07-01T04:00:00+00:00 [queued]>
[2024-07-01T23:05:44.081-0400] {taskinstance.py:2306} INFO - Starting attempt 1 of 1
[2024-07-01T23:05:44.191-0400] {taskinstance.py:2330} INFO - Executing <Task(PythonOperator): execute_post_details_fasapi> on 2024-07-01 04:00:00+00:00
[2024-07-01T23:05:44.208-0400] {standard_task_runner.py:63} INFO - Started process 445481 to run task
[2024-07-01T23:05:44.212-0400] {standard_task_runner.py:90} INFO - Running: ['airflow', 'tasks', 'run', 'api_cuevana3_movie', 'execute_post_details_fasapi', 'scheduled__2024-07-01T04:00:00+00:00', '--job-id', '822', '--raw', '--subdir', 'DAGS_FOLDER/movie_recommend.py', '--cfg-path', '/tmp/tmp3b2_61g2']
[2024-07-01T23:05:44.221-0400] {standard_task_runner.py:91} INFO - Job 822: Subtask execute_post_details_fasapi
[2024-07-01T23:05:44.415-0400] {task_command.py:426} INFO - Running <TaskInstance: api_cuevana3_movie.execute_post_details_fasapi scheduled__2024-07-01T04:00:00+00:00 [running]> on host walter-VirtualBox
[2024-07-01T23:05:44.565-0400] {taskinstance.py:2648} INFO - Exporting env vars: AIRFLOW_CTX_DAG_OWNER='airflow' AIRFLOW_CTX_DAG_ID='api_cuevana3_movie' AIRFLOW_CTX_TASK_ID='execute_post_details_fasapi' AIRFLOW_CTX_EXECUTION_DATE='2024-07-01T04:00:00+00:00' AIRFLOW_CTX_TRY_NUMBER='1' AIRFLOW_CTX_DAG_RUN_ID='scheduled__2024-07-01T04:00:00+00:00'
[2024-07-01T23:05:44.566-0400] {taskinstance.py:430} INFO - ::endgroup::
[2024-07-01T23:06:38.067-0400] {logging_mixin.py:188} INFO - Scraping movie details running successfully
[2024-07-01T23:06:38.118-0400] {logging_mixin.py:188} INFO - {"image_url": "https://i0.wp.com/www.themoviedb.org/t/p/w185/Adh7xmtgSIUGZBaMj9VLTmq2G8z.jpg", "title": "Tarot", "rating": 6.6, "duration": "1h 32m", "year": "2024", "quality": "HD", "description": "Ver tarot Cuevana3.Un grupo de amigos de la universidad comienzan a morir de maneras relacionadas con su fortuna despu\u00e9s de que les lean los hor\u00f3scopos.", "genre": ["Terror"], "country": "United States", "director": "Spenser Cohen", "actors": ["Harriet Slater,", "Adain Bradley,", "Avantika,", "Jacob Batalon,", "Humberly Gonz\u00e1lez,", "Wolfgang Novogratz,", "Larsen Thompson,", "Olwen Fou\u00e9r\u00e9,", "Sun\u010dica Milanovi\u0107,", "Alan Wells,", "Joss Carter,", "James Swanton,", "Sta\u0161a Nikoli\u0107,", "Anna Halberg,", "Cavin Cornwall,", "Lucy Ridley,", "Felix Leech,", "Vahidin Preli\u0107,", "Dunja Pavlovi\u0107,", "Vi\u0161nja Obradovi\u0107,"], "views": 612}
[2024-07-01T23:06:38.127-0400] {python.py:237} INFO - Done. Returned value was: {"image_url": "https://i0.wp.com/www.themoviedb.org/t/p/w185/Adh7xmtgSIUGZBaMj9VLTmq2G8z.jpg", "title": "Tarot", "rating": 6.6, "duration": "1h 32m", "year": "2024", "quality": "HD", "description": "Ver tarot Cuevana3.Un grupo de amigos de la universidad comienzan a morir de maneras relacionadas con su fortuna despu\u00e9s de que les lean los hor\u00f3scopos.", "genre": ["Terror"], "country": "United States", "director": "Spenser Cohen", "actors": ["Harriet Slater,", "Adain Bradley,", "Avantika,", "Jacob Batalon,", "Humberly Gonz\u00e1lez,", "Wolfgang Novogratz,", "Larsen Thompson,", "Olwen Fou\u00e9r\u00e9,", "Sun\u010dica Milanovi\u0107,", "Alan Wells,", "Joss Carter,", "James Swanton,", "Sta\u0161a Nikoli\u0107,", "Anna Halberg,", "Cavin Cornwall,", "Lucy Ridley,", "Felix Leech,", "Vahidin Preli\u0107,", "Dunja Pavlovi\u0107,", "Vi\u0161nja Obradovi\u0107,"], "views": 612}
[2024-07-01T23:06:38.127-0400] {taskinstance.py:441} INFO - ::group::Post task execution logs
[2024-07-01T23:06:38.155-0400] {taskinstance.py:1206} INFO - Marking task as SUCCESS. dag_id=api_cuevana3_movie, task_id=execute_post_details_fasapi, run_id=scheduled__2024-07-01T04:00:00+00:00, execution_date=20240701T040000, start_date=20240702T030544, end_date=20240702T030638
[2024-07-01T23:06:38.207-0400] {local_task_job_runner.py:240} INFO - Task exited with return code 0
[2024-07-01T23:06:38.225-0400] {taskinstance.py:3503} INFO - 0 downstream tasks scheduled from follow-on schedule check
[2024-07-01T23:06:38.226-0400] {local_task_job_runner.py:222} INFO - ::endgroup::
