[2024-07-01T10:28:22.245-0400] {local_task_job_runner.py:120} INFO - ::group::Pre task execution logs
[2024-07-01T10:28:22.258-0400] {taskinstance.py:2076} INFO - Dependencies all met for dep_context=non-requeueable deps ti=<TaskInstance: api_cuevana3_movie.execute_post_details_fasapi scheduled__2024-07-01T00:00:00+00:00 [queued]>
[2024-07-01T10:28:22.262-0400] {taskinstance.py:2076} INFO - Dependencies all met for dep_context=requeueable deps ti=<TaskInstance: api_cuevana3_movie.execute_post_details_fasapi scheduled__2024-07-01T00:00:00+00:00 [queued]>
[2024-07-01T10:28:22.263-0400] {taskinstance.py:2306} INFO - Starting attempt 1 of 1
[2024-07-01T10:28:22.290-0400] {taskinstance.py:2330} INFO - Executing <Task(PythonOperator): execute_post_details_fasapi> on 2024-07-01 00:00:00+00:00
[2024-07-01T10:28:22.300-0400] {standard_task_runner.py:63} INFO - Started process 378545 to run task
[2024-07-01T10:28:22.305-0400] {standard_task_runner.py:90} INFO - Running: ['airflow', 'tasks', 'run', 'api_cuevana3_movie', 'execute_post_details_fasapi', 'scheduled__2024-07-01T00:00:00+00:00', '--job-id', '635', '--raw', '--subdir', 'DAGS_FOLDER/movie_recommend.py', '--cfg-path', '/tmp/tmp_qzembd0']
[2024-07-01T10:28:22.308-0400] {standard_task_runner.py:91} INFO - Job 635: Subtask execute_post_details_fasapi
[2024-07-01T10:28:22.363-0400] {task_command.py:426} INFO - Running <TaskInstance: api_cuevana3_movie.execute_post_details_fasapi scheduled__2024-07-01T00:00:00+00:00 [running]> on host walter-VirtualBox
[2024-07-01T10:28:22.450-0400] {taskinstance.py:2648} INFO - Exporting env vars: AIRFLOW_CTX_DAG_OWNER='airflow' AIRFLOW_CTX_DAG_ID='api_cuevana3_movie' AIRFLOW_CTX_TASK_ID='execute_post_details_fasapi' AIRFLOW_CTX_EXECUTION_DATE='2024-07-01T00:00:00+00:00' AIRFLOW_CTX_TRY_NUMBER='1' AIRFLOW_CTX_DAG_RUN_ID='scheduled__2024-07-01T00:00:00+00:00'
[2024-07-01T10:28:22.451-0400] {taskinstance.py:430} INFO - ::endgroup::
[2024-07-01T10:28:22.469-0400] {taskinstance.py:441} INFO - ::group::Post task execution logs
[2024-07-01T10:28:22.469-0400] {taskinstance.py:2905} ERROR - Task failed with exception
Traceback (most recent call last):
  File "/home/walter/Documentos/rakuntentv/venv/lib/python3.12/site-packages/airflow/models/taskinstance.py", line 465, in _execute_task
    result = _execute_callable(context=context, **execute_callable_kwargs)
             ^^^^^^^^^^^^^^^^^^^^^^^^^^^^^^^^^^^^^^^^^^^^^^^^^^^^^^^^^^^^^
  File "/home/walter/Documentos/rakuntentv/venv/lib/python3.12/site-packages/airflow/models/taskinstance.py", line 432, in _execute_callable
    return execute_callable(context=context, **execute_callable_kwargs)
           ^^^^^^^^^^^^^^^^^^^^^^^^^^^^^^^^^^^^^^^^^^^^^^^^^^^^^^^^^^^^
  File "/home/walter/Documentos/rakuntentv/venv/lib/python3.12/site-packages/airflow/models/baseoperator.py", line 401, in wrapper
    return func(self, *args, **kwargs)
           ^^^^^^^^^^^^^^^^^^^^^^^^^^^
  File "/home/walter/Documentos/rakuntentv/venv/lib/python3.12/site-packages/airflow/operators/python.py", line 235, in execute
    return_value = self.execute_callable()
                   ^^^^^^^^^^^^^^^^^^^^^^^
  File "/home/walter/Documentos/rakuntentv/venv/lib/python3.12/site-packages/airflow/operators/python.py", line 252, in execute_callable
    return self.python_callable(*self.op_args, **self.op_kwargs)
           ^^^^^^^^^^^^^^^^^^^^^^^^^^^^^^^^^^^^^^^^^^^^^^^^^^^^^
  File "/home/walter/Documentos/rakuntentv/airflow/dags/movie_recommend.py", line 83, in execute_post_details_fasapi
    consumer.close()
    ^^^^^^^^
UnboundLocalError: cannot access local variable 'consumer' where it is not associated with a value
[2024-07-01T10:28:22.485-0400] {taskinstance.py:1206} INFO - Marking task as FAILED. dag_id=api_cuevana3_movie, task_id=execute_post_details_fasapi, run_id=scheduled__2024-07-01T00:00:00+00:00, execution_date=20240701T000000, start_date=20240701T142822, end_date=20240701T142822
[2024-07-01T10:28:22.544-0400] {standard_task_runner.py:110} ERROR - Failed to execute job 635 for task execute_post_details_fasapi (cannot access local variable 'consumer' where it is not associated with a value; 378545)
[2024-07-01T10:28:22.569-0400] {local_task_job_runner.py:240} INFO - Task exited with return code 1
[2024-07-01T10:28:22.603-0400] {taskinstance.py:3503} INFO - 0 downstream tasks scheduled from follow-on schedule check
[2024-07-01T10:28:22.627-0400] {local_task_job_runner.py:222} INFO - ::endgroup::
[2024-07-01T10:44:44.622-0400] {local_task_job_runner.py:120} INFO - ::group::Pre task execution logs
[2024-07-01T10:44:44.636-0400] {taskinstance.py:2076} INFO - Dependencies all met for dep_context=non-requeueable deps ti=<TaskInstance: api_cuevana3_movie.execute_post_details_fasapi scheduled__2024-07-01T00:00:00+00:00 [queued]>
[2024-07-01T10:44:44.640-0400] {taskinstance.py:2076} INFO - Dependencies all met for dep_context=requeueable deps ti=<TaskInstance: api_cuevana3_movie.execute_post_details_fasapi scheduled__2024-07-01T00:00:00+00:00 [queued]>
[2024-07-01T10:44:44.640-0400] {taskinstance.py:2306} INFO - Starting attempt 1 of 1
[2024-07-01T10:44:44.661-0400] {taskinstance.py:2330} INFO - Executing <Task(PythonOperator): execute_post_details_fasapi> on 2024-07-01 00:00:00+00:00
[2024-07-01T10:44:44.673-0400] {standard_task_runner.py:63} INFO - Started process 379827 to run task
[2024-07-01T10:44:44.677-0400] {standard_task_runner.py:90} INFO - Running: ['airflow', 'tasks', 'run', 'api_cuevana3_movie', 'execute_post_details_fasapi', 'scheduled__2024-07-01T00:00:00+00:00', '--job-id', '644', '--raw', '--subdir', 'DAGS_FOLDER/movie_recommend.py', '--cfg-path', '/tmp/tmpwyq_8s8d']
[2024-07-01T10:44:44.679-0400] {standard_task_runner.py:91} INFO - Job 644: Subtask execute_post_details_fasapi
[2024-07-01T10:44:44.735-0400] {task_command.py:426} INFO - Running <TaskInstance: api_cuevana3_movie.execute_post_details_fasapi scheduled__2024-07-01T00:00:00+00:00 [running]> on host walter-VirtualBox
[2024-07-01T10:44:44.829-0400] {taskinstance.py:2648} INFO - Exporting env vars: AIRFLOW_CTX_DAG_OWNER='airflow' AIRFLOW_CTX_DAG_ID='api_cuevana3_movie' AIRFLOW_CTX_TASK_ID='execute_post_details_fasapi' AIRFLOW_CTX_EXECUTION_DATE='2024-07-01T00:00:00+00:00' AIRFLOW_CTX_TRY_NUMBER='1' AIRFLOW_CTX_DAG_RUN_ID='scheduled__2024-07-01T00:00:00+00:00'
[2024-07-01T10:44:44.831-0400] {taskinstance.py:430} INFO - ::endgroup::
[2024-07-01T10:45:28.288-0400] {taskinstance.py:441} INFO - ::group::Post task execution logs
[2024-07-01T10:45:28.289-0400] {taskinstance.py:2905} ERROR - Task failed with exception
Traceback (most recent call last):
  File "/home/walter/Documentos/rakuntentv/venv/lib/python3.12/site-packages/urllib3/connectionpool.py", line 789, in urlopen
    response = self._make_request(
               ^^^^^^^^^^^^^^^^^^^
  File "/home/walter/Documentos/rakuntentv/venv/lib/python3.12/site-packages/urllib3/connectionpool.py", line 536, in _make_request
    response = conn.getresponse()
               ^^^^^^^^^^^^^^^^^^
  File "/home/walter/Documentos/rakuntentv/venv/lib/python3.12/site-packages/urllib3/connection.py", line 464, in getresponse
    httplib_response = super().getresponse()
                       ^^^^^^^^^^^^^^^^^^^^^
  File "/usr/lib/python3.12/http/client.py", line 1428, in getresponse
    response.begin()
  File "/usr/lib/python3.12/http/client.py", line 331, in begin
    version, status, reason = self._read_status()
                              ^^^^^^^^^^^^^^^^^^^
  File "/usr/lib/python3.12/http/client.py", line 300, in _read_status
    raise RemoteDisconnected("Remote end closed connection without"
http.client.RemoteDisconnected: Remote end closed connection without response

During handling of the above exception, another exception occurred:

Traceback (most recent call last):
  File "/home/walter/Documentos/rakuntentv/venv/lib/python3.12/site-packages/requests/adapters.py", line 667, in send
    resp = conn.urlopen(
           ^^^^^^^^^^^^^
  File "/home/walter/Documentos/rakuntentv/venv/lib/python3.12/site-packages/urllib3/connectionpool.py", line 843, in urlopen
    retries = retries.increment(
              ^^^^^^^^^^^^^^^^^^
  File "/home/walter/Documentos/rakuntentv/venv/lib/python3.12/site-packages/urllib3/util/retry.py", line 474, in increment
    raise reraise(type(error), error, _stacktrace)
          ^^^^^^^^^^^^^^^^^^^^^^^^^^^^^^^^^^^^^^^^
  File "/home/walter/Documentos/rakuntentv/venv/lib/python3.12/site-packages/urllib3/util/util.py", line 38, in reraise
    raise value.with_traceback(tb)
  File "/home/walter/Documentos/rakuntentv/venv/lib/python3.12/site-packages/urllib3/connectionpool.py", line 789, in urlopen
    response = self._make_request(
               ^^^^^^^^^^^^^^^^^^^
  File "/home/walter/Documentos/rakuntentv/venv/lib/python3.12/site-packages/urllib3/connectionpool.py", line 536, in _make_request
    response = conn.getresponse()
               ^^^^^^^^^^^^^^^^^^
  File "/home/walter/Documentos/rakuntentv/venv/lib/python3.12/site-packages/urllib3/connection.py", line 464, in getresponse
    httplib_response = super().getresponse()
                       ^^^^^^^^^^^^^^^^^^^^^
  File "/usr/lib/python3.12/http/client.py", line 1428, in getresponse
    response.begin()
  File "/usr/lib/python3.12/http/client.py", line 331, in begin
    version, status, reason = self._read_status()
                              ^^^^^^^^^^^^^^^^^^^
  File "/usr/lib/python3.12/http/client.py", line 300, in _read_status
    raise RemoteDisconnected("Remote end closed connection without"
urllib3.exceptions.ProtocolError: ('Connection aborted.', RemoteDisconnected('Remote end closed connection without response'))

During handling of the above exception, another exception occurred:

Traceback (most recent call last):
  File "/home/walter/Documentos/rakuntentv/airflow/dags/movie_recommend.py", line 57, in execute_post_details_fasapi
    response = requests.post(api_url)
               ^^^^^^^^^^^^^^^^^^^^^^
  File "/home/walter/Documentos/rakuntentv/venv/lib/python3.12/site-packages/requests/api.py", line 115, in post
    return request("post", url, data=data, json=json, **kwargs)
           ^^^^^^^^^^^^^^^^^^^^^^^^^^^^^^^^^^^^^^^^^^^^^^^^^^^^
  File "/home/walter/Documentos/rakuntentv/venv/lib/python3.12/site-packages/requests/api.py", line 59, in request
    return session.request(method=method, url=url, **kwargs)
           ^^^^^^^^^^^^^^^^^^^^^^^^^^^^^^^^^^^^^^^^^^^^^^^^^
  File "/home/walter/Documentos/rakuntentv/venv/lib/python3.12/site-packages/requests/sessions.py", line 589, in request
    resp = self.send(prep, **send_kwargs)
           ^^^^^^^^^^^^^^^^^^^^^^^^^^^^^^
  File "/home/walter/Documentos/rakuntentv/venv/lib/python3.12/site-packages/requests/sessions.py", line 703, in send
    r = adapter.send(request, **kwargs)
        ^^^^^^^^^^^^^^^^^^^^^^^^^^^^^^^
  File "/home/walter/Documentos/rakuntentv/venv/lib/python3.12/site-packages/requests/adapters.py", line 682, in send
    raise ConnectionError(err, request=request)
requests.exceptions.ConnectionError: ('Connection aborted.', RemoteDisconnected('Remote end closed connection without response'))

During handling of the above exception, another exception occurred:

Traceback (most recent call last):
  File "/home/walter/Documentos/rakuntentv/venv/lib/python3.12/site-packages/airflow/models/taskinstance.py", line 465, in _execute_task
    result = _execute_callable(context=context, **execute_callable_kwargs)
             ^^^^^^^^^^^^^^^^^^^^^^^^^^^^^^^^^^^^^^^^^^^^^^^^^^^^^^^^^^^^^
  File "/home/walter/Documentos/rakuntentv/venv/lib/python3.12/site-packages/airflow/models/taskinstance.py", line 432, in _execute_callable
    return execute_callable(context=context, **execute_callable_kwargs)
           ^^^^^^^^^^^^^^^^^^^^^^^^^^^^^^^^^^^^^^^^^^^^^^^^^^^^^^^^^^^^
  File "/home/walter/Documentos/rakuntentv/venv/lib/python3.12/site-packages/airflow/models/baseoperator.py", line 401, in wrapper
    return func(self, *args, **kwargs)
           ^^^^^^^^^^^^^^^^^^^^^^^^^^^
  File "/home/walter/Documentos/rakuntentv/venv/lib/python3.12/site-packages/airflow/operators/python.py", line 235, in execute
    return_value = self.execute_callable()
                   ^^^^^^^^^^^^^^^^^^^^^^^
  File "/home/walter/Documentos/rakuntentv/venv/lib/python3.12/site-packages/airflow/operators/python.py", line 252, in execute_callable
    return self.python_callable(*self.op_args, **self.op_kwargs)
           ^^^^^^^^^^^^^^^^^^^^^^^^^^^^^^^^^^^^^^^^^^^^^^^^^^^^^
  File "/home/walter/Documentos/rakuntentv/airflow/dags/movie_recommend.py", line 82, in execute_post_details_fasapi
    consumer.close()
    ^^^^^^^^
UnboundLocalError: cannot access local variable 'consumer' where it is not associated with a value
[2024-07-01T10:45:28.316-0400] {taskinstance.py:1206} INFO - Marking task as FAILED. dag_id=api_cuevana3_movie, task_id=execute_post_details_fasapi, run_id=scheduled__2024-07-01T00:00:00+00:00, execution_date=20240701T000000, start_date=20240701T144444, end_date=20240701T144528
[2024-07-01T10:45:28.377-0400] {standard_task_runner.py:110} ERROR - Failed to execute job 644 for task execute_post_details_fasapi (cannot access local variable 'consumer' where it is not associated with a value; 379827)
[2024-07-01T10:45:28.435-0400] {local_task_job_runner.py:240} INFO - Task exited with return code 1
[2024-07-01T10:45:28.469-0400] {taskinstance.py:3503} INFO - 0 downstream tasks scheduled from follow-on schedule check
[2024-07-01T10:45:28.496-0400] {local_task_job_runner.py:222} INFO - ::endgroup::
[2024-07-01T11:14:35.284-0400] {local_task_job_runner.py:120} INFO - ::group::Pre task execution logs
[2024-07-01T11:14:35.307-0400] {taskinstance.py:2076} INFO - Dependencies all met for dep_context=non-requeueable deps ti=<TaskInstance: api_cuevana3_movie.execute_post_details_fasapi scheduled__2024-07-01T00:00:00+00:00 [queued]>
[2024-07-01T11:14:35.318-0400] {taskinstance.py:2076} INFO - Dependencies all met for dep_context=requeueable deps ti=<TaskInstance: api_cuevana3_movie.execute_post_details_fasapi scheduled__2024-07-01T00:00:00+00:00 [queued]>
[2024-07-01T11:14:35.321-0400] {taskinstance.py:2306} INFO - Starting attempt 1 of 1
[2024-07-01T11:14:35.372-0400] {taskinstance.py:2330} INFO - Executing <Task(PythonOperator): execute_post_details_fasapi> on 2024-07-01 00:00:00+00:00
[2024-07-01T11:14:35.378-0400] {standard_task_runner.py:63} INFO - Started process 382607 to run task
[2024-07-01T11:14:35.381-0400] {standard_task_runner.py:90} INFO - Running: ['airflow', 'tasks', 'run', 'api_cuevana3_movie', 'execute_post_details_fasapi', 'scheduled__2024-07-01T00:00:00+00:00', '--job-id', '666', '--raw', '--subdir', 'DAGS_FOLDER/movie_recommend.py', '--cfg-path', '/tmp/tmp0367anzh']
[2024-07-01T11:14:35.382-0400] {standard_task_runner.py:91} INFO - Job 666: Subtask execute_post_details_fasapi
[2024-07-01T11:14:35.430-0400] {task_command.py:426} INFO - Running <TaskInstance: api_cuevana3_movie.execute_post_details_fasapi scheduled__2024-07-01T00:00:00+00:00 [running]> on host walter-VirtualBox
[2024-07-01T11:14:35.530-0400] {taskinstance.py:2648} INFO - Exporting env vars: AIRFLOW_CTX_DAG_OWNER='airflow' AIRFLOW_CTX_DAG_ID='api_cuevana3_movie' AIRFLOW_CTX_TASK_ID='execute_post_details_fasapi' AIRFLOW_CTX_EXECUTION_DATE='2024-07-01T00:00:00+00:00' AIRFLOW_CTX_TRY_NUMBER='1' AIRFLOW_CTX_DAG_RUN_ID='scheduled__2024-07-01T00:00:00+00:00'
[2024-07-01T11:14:35.530-0400] {taskinstance.py:430} INFO - ::endgroup::
[2024-07-01T11:14:35.541-0400] {taskinstance.py:441} INFO - ::group::Post task execution logs
[2024-07-01T11:14:35.541-0400] {taskinstance.py:2905} ERROR - Task failed with exception
Traceback (most recent call last):
  File "/home/walter/Documentos/rakuntentv/venv/lib/python3.12/site-packages/airflow/models/taskinstance.py", line 465, in _execute_task
    result = _execute_callable(context=context, **execute_callable_kwargs)
             ^^^^^^^^^^^^^^^^^^^^^^^^^^^^^^^^^^^^^^^^^^^^^^^^^^^^^^^^^^^^^
  File "/home/walter/Documentos/rakuntentv/venv/lib/python3.12/site-packages/airflow/models/taskinstance.py", line 432, in _execute_callable
    return execute_callable(context=context, **execute_callable_kwargs)
           ^^^^^^^^^^^^^^^^^^^^^^^^^^^^^^^^^^^^^^^^^^^^^^^^^^^^^^^^^^^^
  File "/home/walter/Documentos/rakuntentv/venv/lib/python3.12/site-packages/airflow/models/baseoperator.py", line 401, in wrapper
    return func(self, *args, **kwargs)
           ^^^^^^^^^^^^^^^^^^^^^^^^^^^
  File "/home/walter/Documentos/rakuntentv/venv/lib/python3.12/site-packages/airflow/operators/python.py", line 235, in execute
    return_value = self.execute_callable()
                   ^^^^^^^^^^^^^^^^^^^^^^^
  File "/home/walter/Documentos/rakuntentv/venv/lib/python3.12/site-packages/airflow/operators/python.py", line 252, in execute_callable
    return self.python_callable(*self.op_args, **self.op_kwargs)
           ^^^^^^^^^^^^^^^^^^^^^^^^^^^^^^^^^^^^^^^^^^^^^^^^^^^^^
  File "/home/walter/Documentos/rakuntentv/airflow/dags/movie_recommend.py", line 53, in execute_post_details_fasapi
    consumer_config = consumer_config
                      ^^^^^^^^^^^^^^^
UnboundLocalError: cannot access local variable 'consumer_config' where it is not associated with a value
[2024-07-01T11:14:35.546-0400] {taskinstance.py:1206} INFO - Marking task as FAILED. dag_id=api_cuevana3_movie, task_id=execute_post_details_fasapi, run_id=scheduled__2024-07-01T00:00:00+00:00, execution_date=20240701T000000, start_date=20240701T151435, end_date=20240701T151435
[2024-07-01T11:14:35.577-0400] {standard_task_runner.py:110} ERROR - Failed to execute job 666 for task execute_post_details_fasapi (cannot access local variable 'consumer_config' where it is not associated with a value; 382607)
[2024-07-01T11:14:35.603-0400] {local_task_job_runner.py:240} INFO - Task exited with return code 1
[2024-07-01T11:14:35.618-0400] {taskinstance.py:3503} INFO - 0 downstream tasks scheduled from follow-on schedule check
[2024-07-01T11:14:35.636-0400] {local_task_job_runner.py:222} INFO - ::endgroup::
[2024-07-01T11:52:56.710-0400] {local_task_job_runner.py:120} INFO - ::group::Pre task execution logs
[2024-07-01T11:52:56.724-0400] {taskinstance.py:2076} INFO - Dependencies all met for dep_context=non-requeueable deps ti=<TaskInstance: api_cuevana3_movie.execute_post_details_fasapi scheduled__2024-07-01T00:00:00+00:00 [queued]>
[2024-07-01T11:52:56.728-0400] {taskinstance.py:2076} INFO - Dependencies all met for dep_context=requeueable deps ti=<TaskInstance: api_cuevana3_movie.execute_post_details_fasapi scheduled__2024-07-01T00:00:00+00:00 [queued]>
[2024-07-01T11:52:56.728-0400] {taskinstance.py:2306} INFO - Starting attempt 1 of 1
[2024-07-01T11:52:56.744-0400] {taskinstance.py:2330} INFO - Executing <Task(PythonOperator): execute_post_details_fasapi> on 2024-07-01 00:00:00+00:00
[2024-07-01T11:52:56.749-0400] {standard_task_runner.py:63} INFO - Started process 385281 to run task
[2024-07-01T11:52:56.752-0400] {standard_task_runner.py:90} INFO - Running: ['airflow', 'tasks', 'run', 'api_cuevana3_movie', 'execute_post_details_fasapi', 'scheduled__2024-07-01T00:00:00+00:00', '--job-id', '687', '--raw', '--subdir', 'DAGS_FOLDER/movie_recommend.py', '--cfg-path', '/tmp/tmphnyhmdps']
[2024-07-01T11:52:56.753-0400] {standard_task_runner.py:91} INFO - Job 687: Subtask execute_post_details_fasapi
[2024-07-01T11:52:56.785-0400] {task_command.py:426} INFO - Running <TaskInstance: api_cuevana3_movie.execute_post_details_fasapi scheduled__2024-07-01T00:00:00+00:00 [running]> on host walter-VirtualBox
[2024-07-01T11:52:56.945-0400] {taskinstance.py:2648} INFO - Exporting env vars: AIRFLOW_CTX_DAG_OWNER='airflow' AIRFLOW_CTX_DAG_ID='api_cuevana3_movie' AIRFLOW_CTX_TASK_ID='execute_post_details_fasapi' AIRFLOW_CTX_EXECUTION_DATE='2024-07-01T00:00:00+00:00' AIRFLOW_CTX_TRY_NUMBER='1' AIRFLOW_CTX_DAG_RUN_ID='scheduled__2024-07-01T00:00:00+00:00'
[2024-07-01T11:52:56.949-0400] {taskinstance.py:430} INFO - ::endgroup::
[2024-07-01T11:52:57.008-0400] {logging_mixin.py:188} INFO - Scraping movie details running successfully
[2024-07-01T11:53:57.208-0400] {logging_mixin.py:188} INFO - Tiempo de espera agotado
[2024-07-01T11:53:57.246-0400] {python.py:237} INFO - Done. Returned value was: None
[2024-07-01T11:53:57.247-0400] {taskinstance.py:441} INFO - ::group::Post task execution logs
[2024-07-01T11:53:57.253-0400] {taskinstance.py:1206} INFO - Marking task as SUCCESS. dag_id=api_cuevana3_movie, task_id=execute_post_details_fasapi, run_id=scheduled__2024-07-01T00:00:00+00:00, execution_date=20240701T000000, start_date=20240701T155256, end_date=20240701T155357
[2024-07-01T11:53:57.335-0400] {local_task_job_runner.py:240} INFO - Task exited with return code 0
[2024-07-01T11:53:57.360-0400] {taskinstance.py:3503} INFO - 0 downstream tasks scheduled from follow-on schedule check
[2024-07-01T11:53:57.361-0400] {local_task_job_runner.py:222} INFO - ::endgroup::
[2024-07-01T21:05:10.287-0400] {local_task_job_runner.py:120} INFO - ::group::Pre task execution logs
[2024-07-01T21:05:10.306-0400] {taskinstance.py:2076} INFO - Dependencies all met for dep_context=non-requeueable deps ti=<TaskInstance: api_cuevana3_movie.execute_post_details_fasapi scheduled__2024-07-01T00:00:00+00:00 [queued]>
[2024-07-01T21:05:10.320-0400] {taskinstance.py:2076} INFO - Dependencies all met for dep_context=requeueable deps ti=<TaskInstance: api_cuevana3_movie.execute_post_details_fasapi scheduled__2024-07-01T00:00:00+00:00 [queued]>
[2024-07-01T21:05:10.320-0400] {taskinstance.py:2306} INFO - Starting attempt 1 of 1
[2024-07-01T21:05:10.352-0400] {taskinstance.py:2330} INFO - Executing <Task(PythonOperator): execute_post_details_fasapi> on 2024-07-01 00:00:00+00:00
[2024-07-01T21:05:10.359-0400] {standard_task_runner.py:63} INFO - Started process 425897 to run task
[2024-07-01T21:05:10.364-0400] {standard_task_runner.py:90} INFO - Running: ['airflow', 'tasks', 'run', 'api_cuevana3_movie', 'execute_post_details_fasapi', 'scheduled__2024-07-01T00:00:00+00:00', '--job-id', '745', '--raw', '--subdir', 'DAGS_FOLDER/movie_recommend.py', '--cfg-path', '/tmp/tmpmj_dqnt4']
[2024-07-01T21:05:10.365-0400] {standard_task_runner.py:91} INFO - Job 745: Subtask execute_post_details_fasapi
[2024-07-01T21:05:10.459-0400] {task_command.py:426} INFO - Running <TaskInstance: api_cuevana3_movie.execute_post_details_fasapi scheduled__2024-07-01T00:00:00+00:00 [running]> on host walter-VirtualBox
[2024-07-01T21:05:10.520-0400] {taskinstance.py:2648} INFO - Exporting env vars: AIRFLOW_CTX_DAG_OWNER='airflow' AIRFLOW_CTX_DAG_ID='api_cuevana3_movie' AIRFLOW_CTX_TASK_ID='execute_post_details_fasapi' AIRFLOW_CTX_EXECUTION_DATE='2024-07-01T00:00:00+00:00' AIRFLOW_CTX_TRY_NUMBER='1' AIRFLOW_CTX_DAG_RUN_ID='scheduled__2024-07-01T00:00:00+00:00'
[2024-07-01T21:05:10.520-0400] {taskinstance.py:430} INFO - ::endgroup::
[2024-07-01T21:06:31.499-0400] {logging_mixin.py:188} INFO - Scraping movie details running successfully
[2024-07-01T21:06:31.499-0400] {logging_mixin.py:188} INFO - 1719882391.4994447
[2024-07-01T21:06:31.499-0400] {logging_mixin.py:188} INFO - Tiempo de espera agotado
[2024-07-01T21:06:31.507-0400] {python.py:237} INFO - Done. Returned value was: None
[2024-07-01T21:06:31.508-0400] {taskinstance.py:441} INFO - ::group::Post task execution logs
[2024-07-01T21:06:31.518-0400] {taskinstance.py:1206} INFO - Marking task as SUCCESS. dag_id=api_cuevana3_movie, task_id=execute_post_details_fasapi, run_id=scheduled__2024-07-01T00:00:00+00:00, execution_date=20240701T000000, start_date=20240702T010510, end_date=20240702T010631
[2024-07-01T21:06:31.593-0400] {local_task_job_runner.py:240} INFO - Task exited with return code 0
[2024-07-01T21:06:31.609-0400] {taskinstance.py:3503} INFO - 0 downstream tasks scheduled from follow-on schedule check
[2024-07-01T21:06:31.610-0400] {local_task_job_runner.py:222} INFO - ::endgroup::
[2024-07-01T21:12:29.478-0400] {local_task_job_runner.py:120} INFO - ::group::Pre task execution logs
[2024-07-01T21:12:29.494-0400] {taskinstance.py:2076} INFO - Dependencies all met for dep_context=non-requeueable deps ti=<TaskInstance: api_cuevana3_movie.execute_post_details_fasapi scheduled__2024-07-01T00:00:00+00:00 [queued]>
[2024-07-01T21:12:29.499-0400] {taskinstance.py:2076} INFO - Dependencies all met for dep_context=requeueable deps ti=<TaskInstance: api_cuevana3_movie.execute_post_details_fasapi scheduled__2024-07-01T00:00:00+00:00 [queued]>
[2024-07-01T21:12:29.500-0400] {taskinstance.py:2306} INFO - Starting attempt 1 of 1
[2024-07-01T21:12:29.588-0400] {taskinstance.py:2330} INFO - Executing <Task(PythonOperator): execute_post_details_fasapi> on 2024-07-01 00:00:00+00:00
[2024-07-01T21:12:29.594-0400] {standard_task_runner.py:63} INFO - Started process 427441 to run task
[2024-07-01T21:12:29.598-0400] {standard_task_runner.py:90} INFO - Running: ['airflow', 'tasks', 'run', 'api_cuevana3_movie', 'execute_post_details_fasapi', 'scheduled__2024-07-01T00:00:00+00:00', '--job-id', '752', '--raw', '--subdir', 'DAGS_FOLDER/movie_recommend.py', '--cfg-path', '/tmp/tmpe9r7lsbo']
[2024-07-01T21:12:29.609-0400] {standard_task_runner.py:91} INFO - Job 752: Subtask execute_post_details_fasapi
[2024-07-01T21:12:29.675-0400] {task_command.py:426} INFO - Running <TaskInstance: api_cuevana3_movie.execute_post_details_fasapi scheduled__2024-07-01T00:00:00+00:00 [running]> on host walter-VirtualBox
[2024-07-01T21:12:29.840-0400] {taskinstance.py:2648} INFO - Exporting env vars: AIRFLOW_CTX_DAG_OWNER='airflow' AIRFLOW_CTX_DAG_ID='api_cuevana3_movie' AIRFLOW_CTX_TASK_ID='execute_post_details_fasapi' AIRFLOW_CTX_EXECUTION_DATE='2024-07-01T00:00:00+00:00' AIRFLOW_CTX_TRY_NUMBER='1' AIRFLOW_CTX_DAG_RUN_ID='scheduled__2024-07-01T00:00:00+00:00'
[2024-07-01T21:12:29.840-0400] {taskinstance.py:430} INFO - ::endgroup::
[2024-07-01T21:13:40.679-0400] {logging_mixin.py:188} INFO - Scraping movie details running successfully
[2024-07-01T21:13:40.681-0400] {logging_mixin.py:188} INFO - 1719882820.6810334
[2024-07-01T21:13:40.681-0400] {logging_mixin.py:188} INFO - Tiempo de espera agotado
[2024-07-01T21:13:40.723-0400] {taskinstance.py:441} INFO - ::group::Post task execution logs
[2024-07-01T21:13:40.729-0400] {taskinstance.py:2905} ERROR - Task failed with exception
Traceback (most recent call last):
  File "/home/walter/Documentos/rakuntentv/venv/lib/python3.12/site-packages/airflow/models/taskinstance.py", line 465, in _execute_task
    result = _execute_callable(context=context, **execute_callable_kwargs)
             ^^^^^^^^^^^^^^^^^^^^^^^^^^^^^^^^^^^^^^^^^^^^^^^^^^^^^^^^^^^^^
  File "/home/walter/Documentos/rakuntentv/venv/lib/python3.12/site-packages/airflow/models/taskinstance.py", line 432, in _execute_callable
    return execute_callable(context=context, **execute_callable_kwargs)
           ^^^^^^^^^^^^^^^^^^^^^^^^^^^^^^^^^^^^^^^^^^^^^^^^^^^^^^^^^^^^
  File "/home/walter/Documentos/rakuntentv/venv/lib/python3.12/site-packages/airflow/models/baseoperator.py", line 401, in wrapper
    return func(self, *args, **kwargs)
           ^^^^^^^^^^^^^^^^^^^^^^^^^^^
  File "/home/walter/Documentos/rakuntentv/venv/lib/python3.12/site-packages/airflow/operators/python.py", line 235, in execute
    return_value = self.execute_callable()
                   ^^^^^^^^^^^^^^^^^^^^^^^
  File "/home/walter/Documentos/rakuntentv/venv/lib/python3.12/site-packages/airflow/operators/python.py", line 252, in execute_callable
    return self.python_callable(*self.op_args, **self.op_kwargs)
           ^^^^^^^^^^^^^^^^^^^^^^^^^^^^^^^^^^^^^^^^^^^^^^^^^^^^^
  File "/home/walter/Documentos/rakuntentv/airflow/dags/movie_recommend.py", line 82, in execute_post_details_fasapi
    return details
           ^^^^^^^
UnboundLocalError: cannot access local variable 'details' where it is not associated with a value
[2024-07-01T21:13:40.745-0400] {taskinstance.py:1206} INFO - Marking task as FAILED. dag_id=api_cuevana3_movie, task_id=execute_post_details_fasapi, run_id=scheduled__2024-07-01T00:00:00+00:00, execution_date=20240701T000000, start_date=20240702T011229, end_date=20240702T011340
[2024-07-01T21:13:40.800-0400] {standard_task_runner.py:110} ERROR - Failed to execute job 752 for task execute_post_details_fasapi (cannot access local variable 'details' where it is not associated with a value; 427441)
[2024-07-01T21:13:40.852-0400] {local_task_job_runner.py:240} INFO - Task exited with return code 1
[2024-07-01T21:13:40.908-0400] {taskinstance.py:3503} INFO - 0 downstream tasks scheduled from follow-on schedule check
[2024-07-01T21:13:40.932-0400] {local_task_job_runner.py:222} INFO - ::endgroup::
[2024-07-01T21:21:55.466-0400] {local_task_job_runner.py:120} INFO - ::group::Pre task execution logs
[2024-07-01T21:21:55.481-0400] {taskinstance.py:2076} INFO - Dependencies all met for dep_context=non-requeueable deps ti=<TaskInstance: api_cuevana3_movie.execute_post_details_fasapi scheduled__2024-07-01T00:00:00+00:00 [queued]>
[2024-07-01T21:21:55.485-0400] {taskinstance.py:2076} INFO - Dependencies all met for dep_context=requeueable deps ti=<TaskInstance: api_cuevana3_movie.execute_post_details_fasapi scheduled__2024-07-01T00:00:00+00:00 [queued]>
[2024-07-01T21:21:55.485-0400] {taskinstance.py:2306} INFO - Starting attempt 1 of 1
[2024-07-01T21:21:55.499-0400] {taskinstance.py:2330} INFO - Executing <Task(PythonOperator): execute_post_details_fasapi> on 2024-07-01 00:00:00+00:00
[2024-07-01T21:21:55.504-0400] {standard_task_runner.py:63} INFO - Started process 429882 to run task
[2024-07-01T21:21:55.510-0400] {standard_task_runner.py:90} INFO - Running: ['airflow', 'tasks', 'run', 'api_cuevana3_movie', 'execute_post_details_fasapi', 'scheduled__2024-07-01T00:00:00+00:00', '--job-id', '773', '--raw', '--subdir', 'DAGS_FOLDER/movie_recommend.py', '--cfg-path', '/tmp/tmpbapsnynf']
[2024-07-01T21:21:55.513-0400] {standard_task_runner.py:91} INFO - Job 773: Subtask execute_post_details_fasapi
[2024-07-01T21:21:55.549-0400] {task_command.py:426} INFO - Running <TaskInstance: api_cuevana3_movie.execute_post_details_fasapi scheduled__2024-07-01T00:00:00+00:00 [running]> on host walter-VirtualBox
[2024-07-01T21:21:55.624-0400] {taskinstance.py:2648} INFO - Exporting env vars: AIRFLOW_CTX_DAG_OWNER='airflow' AIRFLOW_CTX_DAG_ID='api_cuevana3_movie' AIRFLOW_CTX_TASK_ID='execute_post_details_fasapi' AIRFLOW_CTX_EXECUTION_DATE='2024-07-01T00:00:00+00:00' AIRFLOW_CTX_TRY_NUMBER='1' AIRFLOW_CTX_DAG_RUN_ID='scheduled__2024-07-01T00:00:00+00:00'
[2024-07-01T21:21:55.625-0400] {taskinstance.py:430} INFO - ::endgroup::
[2024-07-01T21:23:06.472-0400] {logging_mixin.py:188} INFO - Scraping movie details running successfully
[2024-07-01T21:23:06.472-0400] {logging_mixin.py:188} INFO - 1719883386.4724536
[2024-07-01T21:23:06.472-0400] {logging_mixin.py:188} INFO - Tiempo de espera agotado
[2024-07-01T21:23:06.484-0400] {python.py:237} INFO - Done. Returned value was: None
[2024-07-01T21:23:06.485-0400] {taskinstance.py:441} INFO - ::group::Post task execution logs
[2024-07-01T21:23:06.496-0400] {taskinstance.py:1206} INFO - Marking task as SUCCESS. dag_id=api_cuevana3_movie, task_id=execute_post_details_fasapi, run_id=scheduled__2024-07-01T00:00:00+00:00, execution_date=20240701T000000, start_date=20240702T012155, end_date=20240702T012306
[2024-07-01T21:23:06.544-0400] {local_task_job_runner.py:240} INFO - Task exited with return code 0
[2024-07-01T21:23:06.561-0400] {taskinstance.py:3503} INFO - 0 downstream tasks scheduled from follow-on schedule check
[2024-07-01T21:23:06.562-0400] {local_task_job_runner.py:222} INFO - ::endgroup::
[2024-07-01T21:47:01.973-0400] {local_task_job_runner.py:120} INFO - ::group::Pre task execution logs
[2024-07-01T21:47:02.034-0400] {taskinstance.py:2076} INFO - Dependencies all met for dep_context=non-requeueable deps ti=<TaskInstance: api_cuevana3_movie.execute_post_details_fasapi scheduled__2024-07-01T00:00:00+00:00 [queued]>
[2024-07-01T21:47:02.043-0400] {taskinstance.py:2076} INFO - Dependencies all met for dep_context=requeueable deps ti=<TaskInstance: api_cuevana3_movie.execute_post_details_fasapi scheduled__2024-07-01T00:00:00+00:00 [queued]>
[2024-07-01T21:47:02.043-0400] {taskinstance.py:2306} INFO - Starting attempt 1 of 1
[2024-07-01T21:47:02.080-0400] {taskinstance.py:2330} INFO - Executing <Task(PythonOperator): execute_post_details_fasapi> on 2024-07-01 00:00:00+00:00
[2024-07-01T21:47:02.089-0400] {standard_task_runner.py:63} INFO - Started process 432431 to run task
[2024-07-01T21:47:02.094-0400] {standard_task_runner.py:90} INFO - Running: ['airflow', 'tasks', 'run', 'api_cuevana3_movie', 'execute_post_details_fasapi', 'scheduled__2024-07-01T00:00:00+00:00', '--job-id', '788', '--raw', '--subdir', 'DAGS_FOLDER/movie_recommend.py', '--cfg-path', '/tmp/tmpq8wot414']
[2024-07-01T21:47:02.096-0400] {standard_task_runner.py:91} INFO - Job 788: Subtask execute_post_details_fasapi
[2024-07-01T21:47:02.146-0400] {task_command.py:426} INFO - Running <TaskInstance: api_cuevana3_movie.execute_post_details_fasapi scheduled__2024-07-01T00:00:00+00:00 [running]> on host walter-VirtualBox
[2024-07-01T21:47:02.305-0400] {taskinstance.py:2648} INFO - Exporting env vars: AIRFLOW_CTX_DAG_OWNER='airflow' AIRFLOW_CTX_DAG_ID='api_cuevana3_movie' AIRFLOW_CTX_TASK_ID='execute_post_details_fasapi' AIRFLOW_CTX_EXECUTION_DATE='2024-07-01T00:00:00+00:00' AIRFLOW_CTX_TRY_NUMBER='1' AIRFLOW_CTX_DAG_RUN_ID='scheduled__2024-07-01T00:00:00+00:00'
[2024-07-01T21:47:02.306-0400] {taskinstance.py:430} INFO - ::endgroup::
[2024-07-01T21:47:32.595-0400] {logging_mixin.py:188} INFO - Scraping movie details running successfully
[2024-07-01T21:47:32.595-0400] {logging_mixin.py:188} INFO - 1719884852.595752
[2024-07-01T21:47:32.759-0400] {logging_mixin.py:188} INFO - {"image_url": "https://i0.wp.com/www.themoviedb.org/t/p/w185/2PuAY3xSvbchQWqpSiXw08Yt0NP.jpg", "title": "Del rev\u00e9s 2 (Inside Out 2)", "rating": 7.7, "duration": "1h 37m", "year": "2024", "quality": "HD", "description": "Ver del rev\u00e9s 2 (inside out 2) Cuevana3.Vuelve a la mente de Riley, quien acaba de convertirse en adolescente, en el momento en que la Central se enfrenta a una reforma para hacer sitio a algo completamente inesperado: \u00a1nuevas Emociones! Alegr\u00eda, Tristeza, Ira, Miedo y Asco, que llevan muchos a\u00f1os al mando de una operaci\u00f3n exitosa, no saben muy bien qu\u00e9 sentir cuando aparece Ansiedad, que adem\u00e1s no ha llegado sola. Se ha tra\u00eddo a Verg\u00fcenza, Envidia y Ennui.", "genre": ["Animaci\u00f3n", "Familia", "Aventura", "Comedia"], "country": "United States", "director": "Kelsey Mann", "actors": ["Amy Poehler,", "Maya Hawke,", "Kensington Tallman,", "Liza Lapira,", "Phyllis Smith,", "Lewis Black,", "Tony Hale,", "Ayo Edebiri,", "Ad\u00e8le Exarchopoulos,", "Lilimar,", "Grace Lu,", "Sumayyah Nuriddin-Green,", "Diane Lane,", "Kyle MacLachlan,", "Paul Walter Hauser,", "Yvette Nicole Brown,", "Ron Funches,", "James Austin Johnson,", "Yong Yea,", "Steve Purcell,", "Dave Goelz,"], "views": 1151}
[2024-07-01T21:47:32.782-0400] {python.py:237} INFO - Done. Returned value was: {"image_url": "https://i0.wp.com/www.themoviedb.org/t/p/w185/2PuAY3xSvbchQWqpSiXw08Yt0NP.jpg", "title": "Del rev\u00e9s 2 (Inside Out 2)", "rating": 7.7, "duration": "1h 37m", "year": "2024", "quality": "HD", "description": "Ver del rev\u00e9s 2 (inside out 2) Cuevana3.Vuelve a la mente de Riley, quien acaba de convertirse en adolescente, en el momento en que la Central se enfrenta a una reforma para hacer sitio a algo completamente inesperado: \u00a1nuevas Emociones! Alegr\u00eda, Tristeza, Ira, Miedo y Asco, que llevan muchos a\u00f1os al mando de una operaci\u00f3n exitosa, no saben muy bien qu\u00e9 sentir cuando aparece Ansiedad, que adem\u00e1s no ha llegado sola. Se ha tra\u00eddo a Verg\u00fcenza, Envidia y Ennui.", "genre": ["Animaci\u00f3n", "Familia", "Aventura", "Comedia"], "country": "United States", "director": "Kelsey Mann", "actors": ["Amy Poehler,", "Maya Hawke,", "Kensington Tallman,", "Liza Lapira,", "Phyllis Smith,", "Lewis Black,", "Tony Hale,", "Ayo Edebiri,", "Ad\u00e8le Exarchopoulos,", "Lilimar,", "Grace Lu,", "Sumayyah Nuriddin-Green,", "Diane Lane,", "Kyle MacLachlan,", "Paul Walter Hauser,", "Yvette Nicole Brown,", "Ron Funches,", "James Austin Johnson,", "Yong Yea,", "Steve Purcell,", "Dave Goelz,"], "views": 1151}
[2024-07-01T21:47:32.783-0400] {taskinstance.py:441} INFO - ::group::Post task execution logs
[2024-07-01T21:47:32.834-0400] {taskinstance.py:1206} INFO - Marking task as SUCCESS. dag_id=api_cuevana3_movie, task_id=execute_post_details_fasapi, run_id=scheduled__2024-07-01T00:00:00+00:00, execution_date=20240701T000000, start_date=20240702T014702, end_date=20240702T014732
[2024-07-01T21:47:32.906-0400] {local_task_job_runner.py:240} INFO - Task exited with return code 0
[2024-07-01T21:47:32.928-0400] {taskinstance.py:3503} INFO - 0 downstream tasks scheduled from follow-on schedule check
[2024-07-01T21:47:32.929-0400] {local_task_job_runner.py:222} INFO - ::endgroup::
[2024-07-01T22:48:49.918-0400] {local_task_job_runner.py:120} INFO - ::group::Pre task execution logs
[2024-07-01T22:48:49.930-0400] {taskinstance.py:2076} INFO - Dependencies all met for dep_context=non-requeueable deps ti=<TaskInstance: api_cuevana3_movie.execute_post_details_fasapi scheduled__2024-07-01T00:00:00+00:00 [queued]>
[2024-07-01T22:48:49.934-0400] {taskinstance.py:2076} INFO - Dependencies all met for dep_context=requeueable deps ti=<TaskInstance: api_cuevana3_movie.execute_post_details_fasapi scheduled__2024-07-01T00:00:00+00:00 [queued]>
[2024-07-01T22:48:49.935-0400] {taskinstance.py:2306} INFO - Starting attempt 1 of 1
[2024-07-01T22:48:49.974-0400] {taskinstance.py:2330} INFO - Executing <Task(PythonOperator): execute_post_details_fasapi> on 2024-07-01 00:00:00+00:00
[2024-07-01T22:48:49.982-0400] {standard_task_runner.py:63} INFO - Started process 437145 to run task
[2024-07-01T22:48:49.986-0400] {standard_task_runner.py:90} INFO - Running: ['airflow', 'tasks', 'run', 'api_cuevana3_movie', 'execute_post_details_fasapi', 'scheduled__2024-07-01T00:00:00+00:00', '--job-id', '798', '--raw', '--subdir', 'DAGS_FOLDER/movie_recommend.py', '--cfg-path', '/tmp/tmp7brut4de']
[2024-07-01T22:48:49.988-0400] {standard_task_runner.py:91} INFO - Job 798: Subtask execute_post_details_fasapi
[2024-07-01T22:48:50.093-0400] {task_command.py:426} INFO - Running <TaskInstance: api_cuevana3_movie.execute_post_details_fasapi scheduled__2024-07-01T00:00:00+00:00 [running]> on host walter-VirtualBox
[2024-07-01T22:48:50.209-0400] {taskinstance.py:2648} INFO - Exporting env vars: AIRFLOW_CTX_DAG_OWNER='airflow' AIRFLOW_CTX_DAG_ID='api_cuevana3_movie' AIRFLOW_CTX_TASK_ID='execute_post_details_fasapi' AIRFLOW_CTX_EXECUTION_DATE='2024-07-01T00:00:00+00:00' AIRFLOW_CTX_TRY_NUMBER='1' AIRFLOW_CTX_DAG_RUN_ID='scheduled__2024-07-01T00:00:00+00:00'
[2024-07-01T22:48:50.210-0400] {taskinstance.py:430} INFO - ::endgroup::
[2024-07-01T22:53:43.801-0400] {taskinstance.py:441} INFO - ::group::Post task execution logs
[2024-07-01T22:53:43.801-0400] {taskinstance.py:2905} ERROR - Task failed with exception
Traceback (most recent call last):
  File "/home/walter/Documentos/rakuntentv/venv/lib/python3.12/site-packages/urllib3/connectionpool.py", line 789, in urlopen
    response = self._make_request(
               ^^^^^^^^^^^^^^^^^^^
  File "/home/walter/Documentos/rakuntentv/venv/lib/python3.12/site-packages/urllib3/connectionpool.py", line 536, in _make_request
    response = conn.getresponse()
               ^^^^^^^^^^^^^^^^^^
  File "/home/walter/Documentos/rakuntentv/venv/lib/python3.12/site-packages/urllib3/connection.py", line 464, in getresponse
    httplib_response = super().getresponse()
                       ^^^^^^^^^^^^^^^^^^^^^
  File "/usr/lib/python3.12/http/client.py", line 1428, in getresponse
    response.begin()
  File "/usr/lib/python3.12/http/client.py", line 331, in begin
    version, status, reason = self._read_status()
                              ^^^^^^^^^^^^^^^^^^^
  File "/usr/lib/python3.12/http/client.py", line 300, in _read_status
    raise RemoteDisconnected("Remote end closed connection without"
http.client.RemoteDisconnected: Remote end closed connection without response

During handling of the above exception, another exception occurred:

Traceback (most recent call last):
  File "/home/walter/Documentos/rakuntentv/venv/lib/python3.12/site-packages/requests/adapters.py", line 667, in send
    resp = conn.urlopen(
           ^^^^^^^^^^^^^
  File "/home/walter/Documentos/rakuntentv/venv/lib/python3.12/site-packages/urllib3/connectionpool.py", line 843, in urlopen
    retries = retries.increment(
              ^^^^^^^^^^^^^^^^^^
  File "/home/walter/Documentos/rakuntentv/venv/lib/python3.12/site-packages/urllib3/util/retry.py", line 474, in increment
    raise reraise(type(error), error, _stacktrace)
          ^^^^^^^^^^^^^^^^^^^^^^^^^^^^^^^^^^^^^^^^
  File "/home/walter/Documentos/rakuntentv/venv/lib/python3.12/site-packages/urllib3/util/util.py", line 38, in reraise
    raise value.with_traceback(tb)
  File "/home/walter/Documentos/rakuntentv/venv/lib/python3.12/site-packages/urllib3/connectionpool.py", line 789, in urlopen
    response = self._make_request(
               ^^^^^^^^^^^^^^^^^^^
  File "/home/walter/Documentos/rakuntentv/venv/lib/python3.12/site-packages/urllib3/connectionpool.py", line 536, in _make_request
    response = conn.getresponse()
               ^^^^^^^^^^^^^^^^^^
  File "/home/walter/Documentos/rakuntentv/venv/lib/python3.12/site-packages/urllib3/connection.py", line 464, in getresponse
    httplib_response = super().getresponse()
                       ^^^^^^^^^^^^^^^^^^^^^
  File "/usr/lib/python3.12/http/client.py", line 1428, in getresponse
    response.begin()
  File "/usr/lib/python3.12/http/client.py", line 331, in begin
    version, status, reason = self._read_status()
                              ^^^^^^^^^^^^^^^^^^^
  File "/usr/lib/python3.12/http/client.py", line 300, in _read_status
    raise RemoteDisconnected("Remote end closed connection without"
urllib3.exceptions.ProtocolError: ('Connection aborted.', RemoteDisconnected('Remote end closed connection without response'))

During handling of the above exception, another exception occurred:

Traceback (most recent call last):
  File "/home/walter/Documentos/rakuntentv/venv/lib/python3.12/site-packages/airflow/models/taskinstance.py", line 465, in _execute_task
    result = _execute_callable(context=context, **execute_callable_kwargs)
             ^^^^^^^^^^^^^^^^^^^^^^^^^^^^^^^^^^^^^^^^^^^^^^^^^^^^^^^^^^^^^
  File "/home/walter/Documentos/rakuntentv/venv/lib/python3.12/site-packages/airflow/models/taskinstance.py", line 432, in _execute_callable
    return execute_callable(context=context, **execute_callable_kwargs)
           ^^^^^^^^^^^^^^^^^^^^^^^^^^^^^^^^^^^^^^^^^^^^^^^^^^^^^^^^^^^^
  File "/home/walter/Documentos/rakuntentv/venv/lib/python3.12/site-packages/airflow/models/baseoperator.py", line 401, in wrapper
    return func(self, *args, **kwargs)
           ^^^^^^^^^^^^^^^^^^^^^^^^^^^
  File "/home/walter/Documentos/rakuntentv/venv/lib/python3.12/site-packages/airflow/operators/python.py", line 235, in execute
    return_value = self.execute_callable()
                   ^^^^^^^^^^^^^^^^^^^^^^^
  File "/home/walter/Documentos/rakuntentv/venv/lib/python3.12/site-packages/airflow/operators/python.py", line 252, in execute_callable
    return self.python_callable(*self.op_args, **self.op_kwargs)
           ^^^^^^^^^^^^^^^^^^^^^^^^^^^^^^^^^^^^^^^^^^^^^^^^^^^^^
  File "/home/walter/Documentos/rakuntentv/airflow/dags/movie_recommend.py", line 60, in execute_post_details_fasapi
    response = requests.post(api_url)
               ^^^^^^^^^^^^^^^^^^^^^^
  File "/home/walter/Documentos/rakuntentv/venv/lib/python3.12/site-packages/requests/api.py", line 115, in post
    return request("post", url, data=data, json=json, **kwargs)
           ^^^^^^^^^^^^^^^^^^^^^^^^^^^^^^^^^^^^^^^^^^^^^^^^^^^^
  File "/home/walter/Documentos/rakuntentv/venv/lib/python3.12/site-packages/requests/api.py", line 59, in request
    return session.request(method=method, url=url, **kwargs)
           ^^^^^^^^^^^^^^^^^^^^^^^^^^^^^^^^^^^^^^^^^^^^^^^^^
  File "/home/walter/Documentos/rakuntentv/venv/lib/python3.12/site-packages/requests/sessions.py", line 589, in request
    resp = self.send(prep, **send_kwargs)
           ^^^^^^^^^^^^^^^^^^^^^^^^^^^^^^
  File "/home/walter/Documentos/rakuntentv/venv/lib/python3.12/site-packages/requests/sessions.py", line 703, in send
    r = adapter.send(request, **kwargs)
        ^^^^^^^^^^^^^^^^^^^^^^^^^^^^^^^
  File "/home/walter/Documentos/rakuntentv/venv/lib/python3.12/site-packages/requests/adapters.py", line 682, in send
    raise ConnectionError(err, request=request)
requests.exceptions.ConnectionError: ('Connection aborted.', RemoteDisconnected('Remote end closed connection without response'))
[2024-07-01T22:53:43.917-0400] {taskinstance.py:1206} INFO - Marking task as FAILED. dag_id=api_cuevana3_movie, task_id=execute_post_details_fasapi, run_id=scheduled__2024-07-01T00:00:00+00:00, execution_date=20240701T000000, start_date=20240702T024849, end_date=20240702T025343
[2024-07-01T22:53:43.991-0400] {standard_task_runner.py:110} ERROR - Failed to execute job 798 for task execute_post_details_fasapi (('Connection aborted.', RemoteDisconnected('Remote end closed connection without response')); 437145)
[2024-07-01T22:53:44.023-0400] {local_task_job_runner.py:240} INFO - Task exited with return code 1
[2024-07-01T22:53:44.064-0400] {taskinstance.py:3503} INFO - 0 downstream tasks scheduled from follow-on schedule check
[2024-07-01T22:53:44.107-0400] {local_task_job_runner.py:222} INFO - ::endgroup::
[2024-07-01T22:57:32.885-0400] {local_task_job_runner.py:120} INFO - ::group::Pre task execution logs
[2024-07-01T22:57:32.898-0400] {taskinstance.py:2076} INFO - Dependencies all met for dep_context=non-requeueable deps ti=<TaskInstance: api_cuevana3_movie.execute_post_details_fasapi scheduled__2024-07-01T00:00:00+00:00 [queued]>
[2024-07-01T22:57:32.903-0400] {taskinstance.py:2076} INFO - Dependencies all met for dep_context=requeueable deps ti=<TaskInstance: api_cuevana3_movie.execute_post_details_fasapi scheduled__2024-07-01T00:00:00+00:00 [queued]>
[2024-07-01T22:57:32.903-0400] {taskinstance.py:2306} INFO - Starting attempt 1 of 1
[2024-07-01T22:57:32.916-0400] {taskinstance.py:2330} INFO - Executing <Task(PythonOperator): execute_post_details_fasapi> on 2024-07-01 00:00:00+00:00
[2024-07-01T22:57:32.921-0400] {standard_task_runner.py:63} INFO - Started process 442596 to run task
[2024-07-01T22:57:32.924-0400] {standard_task_runner.py:90} INFO - Running: ['airflow', 'tasks', 'run', 'api_cuevana3_movie', 'execute_post_details_fasapi', 'scheduled__2024-07-01T00:00:00+00:00', '--job-id', '803', '--raw', '--subdir', 'DAGS_FOLDER/movie_recommend.py', '--cfg-path', '/tmp/tmpw3e0xcdo']
[2024-07-01T22:57:32.926-0400] {standard_task_runner.py:91} INFO - Job 803: Subtask execute_post_details_fasapi
[2024-07-01T22:57:32.962-0400] {task_command.py:426} INFO - Running <TaskInstance: api_cuevana3_movie.execute_post_details_fasapi scheduled__2024-07-01T00:00:00+00:00 [running]> on host walter-VirtualBox
[2024-07-01T22:57:33.053-0400] {taskinstance.py:2648} INFO - Exporting env vars: AIRFLOW_CTX_DAG_OWNER='airflow' AIRFLOW_CTX_DAG_ID='api_cuevana3_movie' AIRFLOW_CTX_TASK_ID='execute_post_details_fasapi' AIRFLOW_CTX_EXECUTION_DATE='2024-07-01T00:00:00+00:00' AIRFLOW_CTX_TRY_NUMBER='1' AIRFLOW_CTX_DAG_RUN_ID='scheduled__2024-07-01T00:00:00+00:00'
[2024-07-01T22:57:33.053-0400] {taskinstance.py:430} INFO - ::endgroup::
[2024-07-01T22:59:16.278-0400] {logging_mixin.py:188} INFO - Scraping movie details running successfully
[2024-07-01T22:59:16.422-0400] {logging_mixin.py:188} INFO - {"image_url": "https://i0.wp.com/www.themoviedb.org/t/p/w185/5jI2vEHJReAx8iFDmhC2O3yW37w.jpg", "title": "Bad Boys: Ride or Die", "rating": 6.9, "duration": "1h 55m", "year": "2024", "quality": "HD", "description": "Ver bad boys: ride or die Cuevana3.Tras escuchar falsas acusaciones sobre su excapit\u00e1n y mentor Mike y Marcus deciden investigar el asunto incluso volverse los m\u00e1s buscados de ser necesarios", "genre": ["Acci\u00f3n", "Crimen", "Suspense", "Comedia"], "country": "United States", "director": "Adil El Arbi", "actors": ["Will Smith,", "Martin Lawrence,", "Vanessa Hudgens,", "Alexander Ludwig,", "Paola Nu\u00f1ez,", "Eric Dane,", "Ioan Gruffudd,", "Jacob Scipio,", "Melanie Liburd,", "Tasha Smith,", "Rhea Seehorn,", "Tiffany Haddish,", "Joe Pantoliano,", "DJ Khaled,", "John Salley,", "Bianca Bethune,", "Dennis McDonald,", "Quinn Hemphill,", "Michael Bay,", "Derek Russo,", "Karter Reese Newsome,"], "views": 460}
[2024-07-01T22:59:16.451-0400] {python.py:237} INFO - Done. Returned value was: {"image_url": "https://i0.wp.com/www.themoviedb.org/t/p/w185/5jI2vEHJReAx8iFDmhC2O3yW37w.jpg", "title": "Bad Boys: Ride or Die", "rating": 6.9, "duration": "1h 55m", "year": "2024", "quality": "HD", "description": "Ver bad boys: ride or die Cuevana3.Tras escuchar falsas acusaciones sobre su excapit\u00e1n y mentor Mike y Marcus deciden investigar el asunto incluso volverse los m\u00e1s buscados de ser necesarios", "genre": ["Acci\u00f3n", "Crimen", "Suspense", "Comedia"], "country": "United States", "director": "Adil El Arbi", "actors": ["Will Smith,", "Martin Lawrence,", "Vanessa Hudgens,", "Alexander Ludwig,", "Paola Nu\u00f1ez,", "Eric Dane,", "Ioan Gruffudd,", "Jacob Scipio,", "Melanie Liburd,", "Tasha Smith,", "Rhea Seehorn,", "Tiffany Haddish,", "Joe Pantoliano,", "DJ Khaled,", "John Salley,", "Bianca Bethune,", "Dennis McDonald,", "Quinn Hemphill,", "Michael Bay,", "Derek Russo,", "Karter Reese Newsome,"], "views": 460}
[2024-07-01T22:59:16.451-0400] {taskinstance.py:441} INFO - ::group::Post task execution logs
[2024-07-01T22:59:16.477-0400] {taskinstance.py:1206} INFO - Marking task as SUCCESS. dag_id=api_cuevana3_movie, task_id=execute_post_details_fasapi, run_id=scheduled__2024-07-01T00:00:00+00:00, execution_date=20240701T000000, start_date=20240702T025732, end_date=20240702T025916
[2024-07-01T22:59:16.524-0400] {local_task_job_runner.py:240} INFO - Task exited with return code 0
[2024-07-01T22:59:16.537-0400] {taskinstance.py:3503} INFO - 0 downstream tasks scheduled from follow-on schedule check
[2024-07-01T22:59:16.538-0400] {local_task_job_runner.py:222} INFO - ::endgroup::
[2024-07-01T23:30:09.451-0400] {local_task_job_runner.py:120} INFO - ::group::Pre task execution logs
[2024-07-01T23:30:09.478-0400] {taskinstance.py:2076} INFO - Dependencies all met for dep_context=non-requeueable deps ti=<TaskInstance: api_cuevana3_movie.execute_post_details_fasapi scheduled__2024-07-01T00:00:00+00:00 [queued]>
[2024-07-01T23:30:09.483-0400] {taskinstance.py:2076} INFO - Dependencies all met for dep_context=requeueable deps ti=<TaskInstance: api_cuevana3_movie.execute_post_details_fasapi scheduled__2024-07-01T00:00:00+00:00 [queued]>
[2024-07-01T23:30:09.484-0400] {taskinstance.py:2306} INFO - Starting attempt 1 of 1
[2024-07-01T23:30:09.548-0400] {taskinstance.py:2330} INFO - Executing <Task(PythonOperator): execute_post_details_fasapi> on 2024-07-01 00:00:00+00:00
[2024-07-01T23:30:09.562-0400] {standard_task_runner.py:63} INFO - Started process 457150 to run task
[2024-07-01T23:30:09.562-0400] {standard_task_runner.py:90} INFO - Running: ['airflow', 'tasks', 'run', 'api_cuevana3_movie', 'execute_post_details_fasapi', 'scheduled__2024-07-01T00:00:00+00:00', '--job-id', '893', '--raw', '--subdir', 'DAGS_FOLDER/movie_recommend.py', '--cfg-path', '/tmp/tmpf4r7kpkf']
[2024-07-01T23:30:09.572-0400] {standard_task_runner.py:91} INFO - Job 893: Subtask execute_post_details_fasapi
[2024-07-01T23:30:09.712-0400] {task_command.py:426} INFO - Running <TaskInstance: api_cuevana3_movie.execute_post_details_fasapi scheduled__2024-07-01T00:00:00+00:00 [running]> on host walter-VirtualBox
[2024-07-01T23:30:09.838-0400] {taskinstance.py:2648} INFO - Exporting env vars: AIRFLOW_CTX_DAG_OWNER='airflow' AIRFLOW_CTX_DAG_ID='api_cuevana3_movie' AIRFLOW_CTX_TASK_ID='execute_post_details_fasapi' AIRFLOW_CTX_EXECUTION_DATE='2024-07-01T00:00:00+00:00' AIRFLOW_CTX_TRY_NUMBER='1' AIRFLOW_CTX_DAG_RUN_ID='scheduled__2024-07-01T00:00:00+00:00'
[2024-07-01T23:30:09.841-0400] {taskinstance.py:430} INFO - ::endgroup::
[2024-07-01T23:31:55.367-0400] {logging_mixin.py:188} INFO - Scraping movie details running successfully
[2024-07-01T23:31:55.558-0400] {logging_mixin.py:188} INFO - {"image_url": "https://i0.wp.com/www.themoviedb.org/t/p/w185/5jI2vEHJReAx8iFDmhC2O3yW37w.jpg", "title": "Bad Boys: Ride or Die", "rating": 6.9, "duration": "1h 55m", "year": "2024", "quality": "HD", "description": "Ver bad boys: ride or die Cuevana3.Tras escuchar falsas acusaciones sobre su excapit\u00e1n y mentor Mike y Marcus deciden investigar el asunto incluso volverse los m\u00e1s buscados de ser necesarios", "genre": ["Acci\u00f3n", "Crimen", "Suspense", "Comedia"], "country": "United States", "director": "Adil El Arbi", "actors": ["Will Smith,", "Martin Lawrence,", "Vanessa Hudgens,", "Alexander Ludwig,", "Paola Nu\u00f1ez,", "Eric Dane,", "Ioan Gruffudd,", "Jacob Scipio,", "Melanie Liburd,", "Tasha Smith,", "Rhea Seehorn,", "Tiffany Haddish,", "Joe Pantoliano,", "DJ Khaled,", "John Salley,", "Bianca Bethune,", "Dennis McDonald,", "Quinn Hemphill,", "Michael Bay,", "Derek Russo,", "Karter Reese Newsome,"], "views": 460}
[2024-07-01T23:31:55.577-0400] {python.py:237} INFO - Done. Returned value was: {"image_url": "https://i0.wp.com/www.themoviedb.org/t/p/w185/5jI2vEHJReAx8iFDmhC2O3yW37w.jpg", "title": "Bad Boys: Ride or Die", "rating": 6.9, "duration": "1h 55m", "year": "2024", "quality": "HD", "description": "Ver bad boys: ride or die Cuevana3.Tras escuchar falsas acusaciones sobre su excapit\u00e1n y mentor Mike y Marcus deciden investigar el asunto incluso volverse los m\u00e1s buscados de ser necesarios", "genre": ["Acci\u00f3n", "Crimen", "Suspense", "Comedia"], "country": "United States", "director": "Adil El Arbi", "actors": ["Will Smith,", "Martin Lawrence,", "Vanessa Hudgens,", "Alexander Ludwig,", "Paola Nu\u00f1ez,", "Eric Dane,", "Ioan Gruffudd,", "Jacob Scipio,", "Melanie Liburd,", "Tasha Smith,", "Rhea Seehorn,", "Tiffany Haddish,", "Joe Pantoliano,", "DJ Khaled,", "John Salley,", "Bianca Bethune,", "Dennis McDonald,", "Quinn Hemphill,", "Michael Bay,", "Derek Russo,", "Karter Reese Newsome,"], "views": 460}
[2024-07-01T23:31:55.584-0400] {taskinstance.py:441} INFO - ::group::Post task execution logs
[2024-07-01T23:31:55.625-0400] {taskinstance.py:1206} INFO - Marking task as SUCCESS. dag_id=api_cuevana3_movie, task_id=execute_post_details_fasapi, run_id=scheduled__2024-07-01T00:00:00+00:00, execution_date=20240701T000000, start_date=20240702T033009, end_date=20240702T033155
[2024-07-01T23:31:55.721-0400] {local_task_job_runner.py:240} INFO - Task exited with return code 0
[2024-07-01T23:31:55.769-0400] {taskinstance.py:3503} INFO - 1 downstream tasks scheduled from follow-on schedule check
[2024-07-01T23:31:55.787-0400] {local_task_job_runner.py:222} INFO - ::endgroup::
[2024-07-01T23:48:50.811-0400] {local_task_job_runner.py:120} INFO - ::group::Pre task execution logs
[2024-07-01T23:48:50.834-0400] {taskinstance.py:2076} INFO - Dependencies all met for dep_context=non-requeueable deps ti=<TaskInstance: api_cuevana3_movie.execute_post_details_fasapi scheduled__2024-07-01T00:00:00+00:00 [queued]>
[2024-07-01T23:48:50.847-0400] {taskinstance.py:2076} INFO - Dependencies all met for dep_context=requeueable deps ti=<TaskInstance: api_cuevana3_movie.execute_post_details_fasapi scheduled__2024-07-01T00:00:00+00:00 [queued]>
[2024-07-01T23:48:50.849-0400] {taskinstance.py:2306} INFO - Starting attempt 1 of 1
[2024-07-01T23:48:51.053-0400] {taskinstance.py:2330} INFO - Executing <Task(PythonOperator): execute_post_details_fasapi> on 2024-07-01 00:00:00+00:00
[2024-07-01T23:48:51.073-0400] {standard_task_runner.py:63} INFO - Started process 464272 to run task
[2024-07-01T23:48:51.078-0400] {standard_task_runner.py:90} INFO - Running: ['airflow', 'tasks', 'run', 'api_cuevana3_movie', 'execute_post_details_fasapi', 'scheduled__2024-07-01T00:00:00+00:00', '--job-id', '914', '--raw', '--subdir', 'DAGS_FOLDER/movie_recommend.py', '--cfg-path', '/tmp/tmpf2yxk8m1']
[2024-07-01T23:48:51.081-0400] {standard_task_runner.py:91} INFO - Job 914: Subtask execute_post_details_fasapi
[2024-07-01T23:48:51.150-0400] {task_command.py:426} INFO - Running <TaskInstance: api_cuevana3_movie.execute_post_details_fasapi scheduled__2024-07-01T00:00:00+00:00 [running]> on host walter-VirtualBox
[2024-07-01T23:48:51.268-0400] {taskinstance.py:2648} INFO - Exporting env vars: AIRFLOW_CTX_DAG_OWNER='airflow' AIRFLOW_CTX_DAG_ID='api_cuevana3_movie' AIRFLOW_CTX_TASK_ID='execute_post_details_fasapi' AIRFLOW_CTX_EXECUTION_DATE='2024-07-01T00:00:00+00:00' AIRFLOW_CTX_TRY_NUMBER='1' AIRFLOW_CTX_DAG_RUN_ID='scheduled__2024-07-01T00:00:00+00:00'
[2024-07-01T23:48:51.269-0400] {taskinstance.py:430} INFO - ::endgroup::
[2024-07-01T23:50:36.853-0400] {logging_mixin.py:188} INFO - Scraping movie details running successfully
[2024-07-01T23:50:36.998-0400] {logging_mixin.py:188} INFO - {"image_url": "https://i0.wp.com/www.themoviedb.org/t/p/w185/wSnBSv7oHgm1kZmiM8IqithlTmJ.jpg", "title": "Atlas", "rating": 6.8, "duration": "2h 00m", "year": "2024", "quality": "HD", "description": "Ver atlas Cuevana3.Una brillante analista antiterrorista recela de la IA hasta que descubre que podr\u00eda ser su \u00fanica esperanza cuando se tuerce una misi\u00f3n para atrapar a un robot rebelde.", "genre": ["Ciencia ficci\u00f3n", "Acci\u00f3n"], "country": "United States", "director": "Brad Peyton", "actors": ["Jennifer Lopez,", "Simu Liu,", "Sterling K. Brown,", "Gregory James Cohan,", "Abraham Popoola,", "Lana Parrilla,", "Mark Strong,", "Briella Guiza,", "Adia Smith-Eriksson,", "Logan Hunt,", "Jared Shimabukuro,", "Ashley J. Hicks,", "Paul Ganus,", "Zoe Boyle,", "Howland Wilson,", "Justin Walker White,", "Michelangelo Hyeon,", "Gloria Cole,", "Vaughn Johseph,", "Supreet Bedi,", "Lorraine Tai,"], "views": 918}
[2024-07-01T23:50:37.015-0400] {logging_mixin.py:188} INFO - {"image_url": "https://i0.wp.com/www.themoviedb.org/t/p/w185/2D7SsqU8VZOl838KR7q9pzljaLe.jpg", "title": "Ultraman: El Ascenso", "rating": 8.4, "duration": "1h 56m", "year": "2024", "quality": "HD", "description": "Ver ultraman: el ascenso Cuevana3.La historia sigue al exitoso jugador de b\u00e9isbol llamado Ken Sato, quien regresa a Jap\u00f3n para asumir la identidad de Ultraman. Sin embargo, sus planes se trastocan cuando se enucnetra a un kaiju reci\u00e9n nacido a quien decide criar como su propio hijo. Sumado a este imprevisto, Sato deber\u00e1 retomar la relaci\u00f3n con su distanciado padre y lidiar con la Fuerza de Defensa Kaiju.", "genre": ["Animaci\u00f3n", "Ciencia ficci\u00f3n", "Familia", "Acci\u00f3n"], "country": "Japan", "director": "Shannon Tindle", "actors": ["Christopher Sean,", "Gedde Watanabe,", "Tamlyn Tomita,", "Keone Young,", "Julia Harriman,", "Rob Fukuzaki,", "Frank Buckley,", "Fran\u00e7ois Chau,", "Robert Yasumura,", "Artt Butler,", "Karen Yasumura,", "Mayumi Yoshida,", "Mila O'Malley,", "Bret Marnell,", "Julia Kato,", "Brittany Ishibashi,", "Veronica Lapke,", "Lee Shorten,", "Jonathan Groff,", "Masa Kanome,", "Vic Chao,"], "views": 143}
[2024-07-01T23:50:37.065-0400] {logging_mixin.py:188} INFO - {"image_url": "https://i0.wp.com/www.themoviedb.org/t/p/w185/wSnBSv7oHgm1kZmiM8IqithlTmJ.jpg", "title": "Atlas", "rating": 6.8, "duration": "2h 00m", "year": "2024", "quality": "HD", "description": "Ver atlas Cuevana3.Una brillante analista antiterrorista recela de la IA hasta que descubre que podr\u00eda ser su \u00fanica esperanza cuando se tuerce una misi\u00f3n para atrapar a un robot rebelde.", "genre": ["Ciencia ficci\u00f3n", "Acci\u00f3n"], "country": "United States", "director": "Brad Peyton", "actors": ["Jennifer Lopez,", "Simu Liu,", "Sterling K. Brown,", "Gregory James Cohan,", "Abraham Popoola,", "Lana Parrilla,", "Mark Strong,", "Briella Guiza,", "Adia Smith-Eriksson,", "Logan Hunt,", "Jared Shimabukuro,", "Ashley J. Hicks,", "Paul Ganus,", "Zoe Boyle,", "Howland Wilson,", "Justin Walker White,", "Michelangelo Hyeon,", "Gloria Cole,", "Vaughn Johseph,", "Supreet Bedi,", "Lorraine Tai,"], "views": 918}
[2024-07-01T23:50:37.077-0400] {logging_mixin.py:188} INFO - {"image_url": "https://i0.wp.com/www.themoviedb.org/t/p/w185/2D7SsqU8VZOl838KR7q9pzljaLe.jpg", "title": "Ultraman: El Ascenso", "rating": 8.4, "duration": "1h 56m", "year": "2024", "quality": "HD", "description": "Ver ultraman: el ascenso Cuevana3.La historia sigue al exitoso jugador de b\u00e9isbol llamado Ken Sato, quien regresa a Jap\u00f3n para asumir la identidad de Ultraman. Sin embargo, sus planes se trastocan cuando se enucnetra a un kaiju reci\u00e9n nacido a quien decide criar como su propio hijo. Sumado a este imprevisto, Sato deber\u00e1 retomar la relaci\u00f3n con su distanciado padre y lidiar con la Fuerza de Defensa Kaiju.", "genre": ["Animaci\u00f3n", "Ciencia ficci\u00f3n", "Familia", "Acci\u00f3n"], "country": "Japan", "director": "Shannon Tindle", "actors": ["Christopher Sean,", "Gedde Watanabe,", "Tamlyn Tomita,", "Keone Young,", "Julia Harriman,", "Rob Fukuzaki,", "Frank Buckley,", "Fran\u00e7ois Chau,", "Robert Yasumura,", "Artt Butler,", "Karen Yasumura,", "Mayumi Yoshida,", "Mila O'Malley,", "Bret Marnell,", "Julia Kato,", "Brittany Ishibashi,", "Veronica Lapke,", "Lee Shorten,", "Jonathan Groff,", "Masa Kanome,", "Vic Chao,"], "views": 143}
[2024-07-01T23:50:37.087-0400] {logging_mixin.py:188} INFO - {"image_url": "https://i0.wp.com/www.themoviedb.org/t/p/w185/6QR2FOCQr41gSduN70WulRIhJb7.jpg", "title": "Garfield: la pel\u00edcula", "rating": 6.7, "duration": "1h 41m", "year": "2024", "quality": "HD", "description": "Ver garfield: la pel\u00edcula Cuevana3.El mundialmente famoso Garfield, el gato casero que odia los lunes y que adora la lasa\u00f1a, est\u00e1 a punto de vivir una aventura \u00a1en el salvaje mundo exterior! Tras una inesperada reuni\u00f3n con su largamente perdido padre \u2013 el desali\u00f1ado gato callejero Vic \u2013 Garfield y su amigo canino Odie se ven forzados a abandonar sus perfectas y consentidas vidas al unirse a Vic en un hilarante y muy arriesgado atraco.", "genre": ["Animaci\u00f3n", "Comedia", "Familia", "Aventura"], "country": "Hong Kong", "director": "Mark Dindal", "actors": ["Chris Pratt,", "Samuel L. Jackson,", "Hannah Waddingham,", "Ving Rhames,", "Nicholas Hoult,", "Cecily Strong,", "Harvey Guill\u00e9n,", "Brett Goldstein,", "Bowen Yang,", "Snoop Dogg,", "Janelle James,", "Angus Cloud,", "Jeff Foxworthy,", "Eugenia Caruso,", "Luke Cinque-White,", "Dev Joshi,", "Chana Keefer,", "Mark Keefer,", "Edward VL Montgomery,", "Mark Dindal,", "Cameron Bernard Jones,"], "views": 193}
[2024-07-01T23:50:37.100-0400] {logging_mixin.py:188} INFO - {"image_url": "https://i0.wp.com/www.themoviedb.org/t/p/w185/gFmY2GY2X71ErIlLbO1j9MqGn4J.jpg", "title": "Haikyu!! La batalla del basurero", "rating": 7.0, "duration": "1h 25m", "year": "2024", "quality": "HD", "description": "Ver haikyu!! la batalla del basurero Cuevana3.El encuentro entre los equipos rivales de Karasuno y Nekoma har\u00e1 que la tensi\u00f3n aumente, ya que ambos equipos est\u00e1n decididos a salir victoriosos en el campeonato nacional de voleibol. Primera pel\u00edcula del proyecto en dos partes para el final de \"Haikyu!\".", "genre": ["Animaci\u00f3n", "Drama"], "country": "Japan", "director": "Susumu Mitsunaka", "actors": ["Ayumu Murase,", "Kaito Ishikawa,", "Yuki Kaji,", "\u4e2d\u6751\u60a0\u4e00,", "\u5185\u5c71\u6602\u8f1d,", "Satoshi Hino,", "\u6797\u52c7,", "Nobuhiko Okamoto,", "\u5165\u91ce\u81ea\u7531,", "Yoshimasa Hosoya,", "Soma Saito,", "\u5897\u7530\u4fca\u6a39,", "Koutaro Nishiyama,", "\u7acb\u82b1\u614e\u4e4b\u4ecb,", "\u77f3\u4e95\u30de\u30fc\u30af,", "Takanori Hoshino,", "\u6a2a\u7530\u6210\u543e,", "Ryuichi Sawada,", "\u6c60\u7530\u606d\u7950,", "\u6e21\u8fba\u62d3\u6d77,", "\u6c50\u8c37\u6587\u5eb7,"], "views": 66}
[2024-07-01T23:50:37.125-0400] {logging_mixin.py:188} INFO - {"image_url": "https://i0.wp.com/www.themoviedb.org/t/p/w185/kkFn3KM47Qq4Wjhd8GuFfe3LX27.jpg", "title": "El reino del planeta de los simios", "rating": 6.8, "duration": "2h 25m", "year": "2024", "quality": "HD", "description": "Ver el reino del planeta de los simios Cuevana3.Ambientada varias generaciones en el futuro tras el reinado de C\u00e9sar, en la que los simios son la especie dominante que vive en armon\u00eda y los humanos se han visto reducidos a vivir en la sombra. Mientras un nuevo y tir\u00e1nico l\u00edder simio construye su imperio, un joven simio emprende un angustioso viaje que le llevar\u00e1 a cuestionarse todo lo que sabe sobre el pasado y a tomar decisiones que definir\u00e1n el futuro de simios y humanos por igual.", "genre": ["Ciencia ficci\u00f3n", "Aventura", "Acci\u00f3n"], "country": "United States", "director": "Wes Ball", "actors": ["Owen Teague,", "Freya Allan,", "Kevin Durand,", "Peter Macon,", "William H. Macy,", "Eka Darville,", "Travis Jeffery,", "Lydia Peckham,", "Neil Sandilands,", "Ras-Samuel Welda'abzgi,", "Sara Wiseman,", "Kaden Hartcher,", "Andy McPhee,", "Nina Gallas,", "Samuel Fal\u00e9,", "Dichen Lachman,", "Virginie Laverdure,", "Markus Hamilton,", "Benjamin Scott,", "Nirish Bhat Surambadka,", "Frances Berry,"], "views": 1273}
[2024-07-01T23:50:37.158-0400] {logging_mixin.py:188} INFO - {"image_url": "https://i0.wp.com/www.themoviedb.org/t/p/w185/ejlwgCS2SJDFvlTlO8tZYPtCci4.jpg", "title": "Detonantes", "rating": 5.7, "duration": "1h 47m", "year": "2024", "quality": "HD", "description": "Ver detonantes Cuevana3.Una soldado de las fuerzas especiales descubre una peligrosa conspiraci\u00f3n cuando regresa a casa en busca de respuestas sobre la muerte de su padre.", "genre": ["Acci\u00f3n", "Crimen", "Suspense"], "country": "United States", "director": "Mouly Surya", "actors": ["Jessica Alba,", "Anthony Michael Hall,", "Tone Bell,", "Mark Webber,", "Jake Weary,", "Gabriel Basso,", "Kaiwi Lyman,", "Hari Dhillon,", "Alejandro De Hoyos,", "Nadiv Molcho,", "Peter Monro,", "Stephanie Jones,", "James Cady,", "Jerry G. Angelo,", "David DeLao,", "Kyle Potter,", "Andrew Franklin,", "Luis Valladares,", "Monica Sanchez,", "Gianna Gallegos,", "Gabriel Armijo,"], "views": 218}
[2024-07-01T23:50:37.173-0400] {logging_mixin.py:188} INFO - {"image_url": "https://i0.wp.com/www.themoviedb.org/t/p/w185/kkFn3KM47Qq4Wjhd8GuFfe3LX27.jpg", "title": "El reino del planeta de los simios", "rating": 6.8, "duration": "2h 25m", "year": "2024", "quality": "HD", "description": "Ver el reino del planeta de los simios Cuevana3.Ambientada varias generaciones en el futuro tras el reinado de C\u00e9sar, en la que los simios son la especie dominante que vive en armon\u00eda y los humanos se han visto reducidos a vivir en la sombra. Mientras un nuevo y tir\u00e1nico l\u00edder simio construye su imperio, un joven simio emprende un angustioso viaje que le llevar\u00e1 a cuestionarse todo lo que sabe sobre el pasado y a tomar decisiones que definir\u00e1n el futuro de simios y humanos por igual.", "genre": ["Ciencia ficci\u00f3n", "Aventura", "Acci\u00f3n"], "country": "United States", "director": "Wes Ball", "actors": ["Owen Teague,", "Freya Allan,", "Kevin Durand,", "Peter Macon,", "William H. Macy,", "Eka Darville,", "Travis Jeffery,", "Lydia Peckham,", "Neil Sandilands,", "Ras-Samuel Welda'abzgi,", "Sara Wiseman,", "Kaden Hartcher,", "Andy McPhee,", "Nina Gallas,", "Samuel Fal\u00e9,", "Dichen Lachman,", "Virginie Laverdure,", "Markus Hamilton,", "Benjamin Scott,", "Nirish Bhat Surambadka,", "Frances Berry,"], "views": 1273}
[2024-07-01T23:50:37.214-0400] {logging_mixin.py:188} INFO - {"image_url": "https://i0.wp.com/www.themoviedb.org/t/p/w185/ejlwgCS2SJDFvlTlO8tZYPtCci4.jpg", "title": "Detonantes", "rating": 5.7, "duration": "1h 47m", "year": "2024", "quality": "HD", "description": "Ver detonantes Cuevana3.Una soldado de las fuerzas especiales descubre una peligrosa conspiraci\u00f3n cuando regresa a casa en busca de respuestas sobre la muerte de su padre.", "genre": ["Acci\u00f3n", "Crimen", "Suspense"], "country": "United States", "director": "Mouly Surya", "actors": ["Jessica Alba,", "Anthony Michael Hall,", "Tone Bell,", "Mark Webber,", "Jake Weary,", "Gabriel Basso,", "Kaiwi Lyman,", "Hari Dhillon,", "Alejandro De Hoyos,", "Nadiv Molcho,", "Peter Monro,", "Stephanie Jones,", "James Cady,", "Jerry G. Angelo,", "David DeLao,", "Kyle Potter,", "Andrew Franklin,", "Luis Valladares,", "Monica Sanchez,", "Gianna Gallegos,", "Gabriel Armijo,"], "views": 218}
[2024-07-01T23:50:37.230-0400] {logging_mixin.py:188} INFO - {"image_url": "https://i0.wp.com/www.themoviedb.org/t/p/w185/jGOi939xU8BDRfAAhN6eiTSf3H8.jpg", "title": "Un lugar tranquilo: D\u00eda uno", "rating": 7.0, "duration": "1h 39m", "year": "2024", "quality": "HD", "description": "Ver un lugar tranquilo: d\u00eda uno Cuevana3.Una mujer llamada Sam trata de sobrevivir a una invasi\u00f3n en la ciudad de Nueva York por criaturas alien\u00edgenas sedientas de sangre con o\u00eddos ultras\u00f3nicos. Tercera entrega de la saga.", "genre": ["Terror", "Ciencia ficci\u00f3n", "Suspense"], "country": "United States", "director": "Michael Sarnoski", "actors": ["Lupita Nyong'o,", "Joseph Quinn,", "Alex Wolff,", "Djimon Hounsou,", "Cain Aiden,", "Jennifer Woodward,", "Elijah Ungvary,", "Alfie Todd,", "Eliane Umuhire,", "Ronnie Le Drew,", "Choy-Ling Man,", "Benjamin Wong,", "Michael Roberts,", "Thara Sch\u00f6\u00f6n,", "Thea Butler,"], "views": 143}
[2024-07-01T23:50:37.254-0400] {logging_mixin.py:188} INFO - {"image_url": "https://i0.wp.com/www.themoviedb.org/t/p/w185/iCOQUVVaPqRuR3JqF71akguf6Mj.jpg", "title": "Civil War", "rating": 7.0, "duration": "1h 49m", "year": "2024", "quality": "HD", "description": "Ver civil war Cuevana3.En un futuro cercano, donde Am\u00e9rica est\u00e1 sumida en una cruenta guerra civil, un equipo de periodistas y fot\u00f3grafos de guerra emprender\u00e1 un viaje por carretera en direcci\u00f3n a Washington DC. Su misi\u00f3n: llegar antes de que las fuerzas rebeldes asalten la Casa Blanca y arrebaten el control al presidente de Estados Unidos.", "genre": ["B\u00e9lica", "Acci\u00f3n", "Drama"], "country": "Finland", "director": "Alex Garland", "actors": ["Kirsten Dunst,", "Wagner Moura,", "Cailee Spaeny,", "Stephen McKinley Henderson,", "Nelson Lee,", "Nick Offerman,", "Jefferson White,", "Evan Lai,", "Vince Pisani,", "Justin James Boykin,", "Jess Matney,", "Greg Hill,", "Edmund Donovan,", "Sonoya Mizuno,", "Tim James,", "Simeon Freeman,", "James Yaegashi,", "Dean Grimes,", "Alexa Mansour,", "Martha B. Knighton,", "Melissa Saint-Amand,"], "views": 1757}
[2024-07-01T23:50:37.267-0400] {logging_mixin.py:188} INFO - {"image_url": "https://i0.wp.com/www.themoviedb.org/t/p/w185/gFmY2GY2X71ErIlLbO1j9MqGn4J.jpg", "title": "Haikyu!! La batalla del basurero", "rating": 7.0, "duration": "1h 25m", "year": "2024", "quality": "HD", "description": "Ver haikyu!! la batalla del basurero Cuevana3.El encuentro entre los equipos rivales de Karasuno y Nekoma har\u00e1 que la tensi\u00f3n aumente, ya que ambos equipos est\u00e1n decididos a salir victoriosos en el campeonato nacional de voleibol. Primera pel\u00edcula del proyecto en dos partes para el final de \"Haikyu!\".", "genre": ["Animaci\u00f3n", "Drama"], "country": "Japan", "director": "Susumu Mitsunaka", "actors": ["Ayumu Murase,", "Kaito Ishikawa,", "Yuki Kaji,", "\u4e2d\u6751\u60a0\u4e00,", "\u5185\u5c71\u6602\u8f1d,", "Satoshi Hino,", "\u6797\u52c7,", "Nobuhiko Okamoto,", "\u5165\u91ce\u81ea\u7531,", "Yoshimasa Hosoya,", "Soma Saito,", "\u5897\u7530\u4fca\u6a39,", "Koutaro Nishiyama,", "\u7acb\u82b1\u614e\u4e4b\u4ecb,", "\u77f3\u4e95\u30de\u30fc\u30af,", "Takanori Hoshino,", "\u6a2a\u7530\u6210\u543e,", "Ryuichi Sawada,", "\u6c60\u7530\u606d\u7950,", "\u6e21\u8fba\u62d3\u6d77,", "\u6c50\u8c37\u6587\u5eb7,"], "views": 66}
[2024-07-01T23:50:37.295-0400] {logging_mixin.py:188} INFO - {"image_url": "https://i0.wp.com/www.themoviedb.org/t/p/w185/kkFn3KM47Qq4Wjhd8GuFfe3LX27.jpg", "title": "El reino del planeta de los simios", "rating": 6.8, "duration": "2h 25m", "year": "2024", "quality": "HD", "description": "Ver el reino del planeta de los simios Cuevana3.Ambientada varias generaciones en el futuro tras el reinado de C\u00e9sar, en la que los simios son la especie dominante que vive en armon\u00eda y los humanos se han visto reducidos a vivir en la sombra. Mientras un nuevo y tir\u00e1nico l\u00edder simio construye su imperio, un joven simio emprende un angustioso viaje que le llevar\u00e1 a cuestionarse todo lo que sabe sobre el pasado y a tomar decisiones que definir\u00e1n el futuro de simios y humanos por igual.", "genre": ["Ciencia ficci\u00f3n", "Aventura", "Acci\u00f3n"], "country": "United States", "director": "Wes Ball", "actors": ["Owen Teague,", "Freya Allan,", "Kevin Durand,", "Peter Macon,", "William H. Macy,", "Eka Darville,", "Travis Jeffery,", "Lydia Peckham,", "Neil Sandilands,", "Ras-Samuel Welda'abzgi,", "Sara Wiseman,", "Kaden Hartcher,", "Andy McPhee,", "Nina Gallas,", "Samuel Fal\u00e9,", "Dichen Lachman,", "Virginie Laverdure,", "Markus Hamilton,", "Benjamin Scott,", "Nirish Bhat Surambadka,", "Frances Berry,"], "views": 1273}
[2024-07-01T23:50:37.358-0400] {logging_mixin.py:188} INFO - {"image_url": "https://i0.wp.com/www.themoviedb.org/t/p/w185/ejlwgCS2SJDFvlTlO8tZYPtCci4.jpg", "title": "Detonantes", "rating": 5.7, "duration": "1h 47m", "year": "2024", "quality": "HD", "description": "Ver detonantes Cuevana3.Una soldado de las fuerzas especiales descubre una peligrosa conspiraci\u00f3n cuando regresa a casa en busca de respuestas sobre la muerte de su padre.", "genre": ["Acci\u00f3n", "Crimen", "Suspense"], "country": "United States", "director": "Mouly Surya", "actors": ["Jessica Alba,", "Anthony Michael Hall,", "Tone Bell,", "Mark Webber,", "Jake Weary,", "Gabriel Basso,", "Kaiwi Lyman,", "Hari Dhillon,", "Alejandro De Hoyos,", "Nadiv Molcho,", "Peter Monro,", "Stephanie Jones,", "James Cady,", "Jerry G. Angelo,", "David DeLao,", "Kyle Potter,", "Andrew Franklin,", "Luis Valladares,", "Monica Sanchez,", "Gianna Gallegos,", "Gabriel Armijo,"], "views": 218}
[2024-07-01T23:50:37.377-0400] {logging_mixin.py:188} INFO - {"image_url": "https://i0.wp.com/www.themoviedb.org/t/p/w185/jGOi939xU8BDRfAAhN6eiTSf3H8.jpg", "title": "Un lugar tranquilo: D\u00eda uno", "rating": 7.0, "duration": "1h 39m", "year": "2024", "quality": "HD", "description": "Ver un lugar tranquilo: d\u00eda uno Cuevana3.Una mujer llamada Sam trata de sobrevivir a una invasi\u00f3n en la ciudad de Nueva York por criaturas alien\u00edgenas sedientas de sangre con o\u00eddos ultras\u00f3nicos. Tercera entrega de la saga.", "genre": ["Terror", "Ciencia ficci\u00f3n", "Suspense"], "country": "United States", "director": "Michael Sarnoski", "actors": ["Lupita Nyong'o,", "Joseph Quinn,", "Alex Wolff,", "Djimon Hounsou,", "Cain Aiden,", "Jennifer Woodward,", "Elijah Ungvary,", "Alfie Todd,", "Eliane Umuhire,", "Ronnie Le Drew,", "Choy-Ling Man,", "Benjamin Wong,", "Michael Roberts,", "Thara Sch\u00f6\u00f6n,", "Thea Butler,"], "views": 143}
[2024-07-01T23:50:37.397-0400] {logging_mixin.py:188} INFO - {"image_url": "https://i0.wp.com/www.themoviedb.org/t/p/w185/iCOQUVVaPqRuR3JqF71akguf6Mj.jpg", "title": "Civil War", "rating": 7.0, "duration": "1h 49m", "year": "2024", "quality": "HD", "description": "Ver civil war Cuevana3.En un futuro cercano, donde Am\u00e9rica est\u00e1 sumida en una cruenta guerra civil, un equipo de periodistas y fot\u00f3grafos de guerra emprender\u00e1 un viaje por carretera en direcci\u00f3n a Washington DC. Su misi\u00f3n: llegar antes de que las fuerzas rebeldes asalten la Casa Blanca y arrebaten el control al presidente de Estados Unidos.", "genre": ["B\u00e9lica", "Acci\u00f3n", "Drama"], "country": "Finland", "director": "Alex Garland", "actors": ["Kirsten Dunst,", "Wagner Moura,", "Cailee Spaeny,", "Stephen McKinley Henderson,", "Nelson Lee,", "Nick Offerman,", "Jefferson White,", "Evan Lai,", "Vince Pisani,", "Justin James Boykin,", "Jess Matney,", "Greg Hill,", "Edmund Donovan,", "Sonoya Mizuno,", "Tim James,", "Simeon Freeman,", "James Yaegashi,", "Dean Grimes,", "Alexa Mansour,", "Martha B. Knighton,", "Melissa Saint-Amand,"], "views": 1757}
[2024-07-01T23:50:37.407-0400] {logging_mixin.py:188} INFO - {"image_url": "https://i0.wp.com/www.themoviedb.org/t/p/w185/13G0wKhucGWiERNloOicAuzQIyd.jpg", "title": "Los vigilantes", "rating": 6.5, "duration": "1h 42m", "year": "2024", "quality": "HD", "description": "Ver los vigilantes Cuevana3.Sigue a Mina, una artista de 28 a\u00f1os que queda varada en un bosque en el oeste de Irlanda. Cuando Mina encuentra refugio, sin saberlo, queda atrapada junto a tres extra\u00f1os que son observados y acechados por misteriosas criaturas cada noche.", "genre": ["Terror", "Misterio", "Fantas\u00eda"], "country": "United States", "director": "Ishana Night Shyamalan", "actors": ["Dakota Fanning,", "Georgina Campbell,", "Olwen Fou\u00e9r\u00e9,", "Oliver Finnegan,", "Siobhan Hewlett,", "Alistair Brammer,", "Hannah Howland,", "Charles Camrose,", "Kya Brame,", "Shane O'Regan,", "Cara Steele,", "Shannon Antonia,", "Kofi De Graft Jordan,", "Diarmuid de Faoite,", "Ann Marie Horan,", "Se\u00e1n T. \u00d3 Meallaigh,", "Jacob Greenway,", "Jim Tighe,", "Andrea Bechis,", "Hannah Dargan,", "Emily Dargan,"], "views": 273}
[2024-07-01T23:50:37.438-0400] {logging_mixin.py:188} INFO - {"image_url": "https://i0.wp.com/www.themoviedb.org/t/p/w185/ejlwgCS2SJDFvlTlO8tZYPtCci4.jpg", "title": "Detonantes", "rating": 5.7, "duration": "1h 47m", "year": "2024", "quality": "HD", "description": "Ver detonantes Cuevana3.Una soldado de las fuerzas especiales descubre una peligrosa conspiraci\u00f3n cuando regresa a casa en busca de respuestas sobre la muerte de su padre.", "genre": ["Acci\u00f3n", "Crimen", "Suspense"], "country": "United States", "director": "Mouly Surya", "actors": ["Jessica Alba,", "Anthony Michael Hall,", "Tone Bell,", "Mark Webber,", "Jake Weary,", "Gabriel Basso,", "Kaiwi Lyman,", "Hari Dhillon,", "Alejandro De Hoyos,", "Nadiv Molcho,", "Peter Monro,", "Stephanie Jones,", "James Cady,", "Jerry G. Angelo,", "David DeLao,", "Kyle Potter,", "Andrew Franklin,", "Luis Valladares,", "Monica Sanchez,", "Gianna Gallegos,", "Gabriel Armijo,"], "views": 218}
[2024-07-01T23:50:37.507-0400] {logging_mixin.py:188} INFO - {"image_url": "https://i0.wp.com/www.themoviedb.org/t/p/w185/jGOi939xU8BDRfAAhN6eiTSf3H8.jpg", "title": "Un lugar tranquilo: D\u00eda uno", "rating": 7.0, "duration": "1h 39m", "year": "2024", "quality": "HD", "description": "Ver un lugar tranquilo: d\u00eda uno Cuevana3.Una mujer llamada Sam trata de sobrevivir a una invasi\u00f3n en la ciudad de Nueva York por criaturas alien\u00edgenas sedientas de sangre con o\u00eddos ultras\u00f3nicos. Tercera entrega de la saga.", "genre": ["Terror", "Ciencia ficci\u00f3n", "Suspense"], "country": "United States", "director": "Michael Sarnoski", "actors": ["Lupita Nyong'o,", "Joseph Quinn,", "Alex Wolff,", "Djimon Hounsou,", "Cain Aiden,", "Jennifer Woodward,", "Elijah Ungvary,", "Alfie Todd,", "Eliane Umuhire,", "Ronnie Le Drew,", "Choy-Ling Man,", "Benjamin Wong,", "Michael Roberts,", "Thara Sch\u00f6\u00f6n,", "Thea Butler,"], "views": 143}
[2024-07-01T23:50:37.531-0400] {logging_mixin.py:188} INFO - {"image_url": "https://i0.wp.com/www.themoviedb.org/t/p/w185/iCOQUVVaPqRuR3JqF71akguf6Mj.jpg", "title": "Civil War", "rating": 7.0, "duration": "1h 49m", "year": "2024", "quality": "HD", "description": "Ver civil war Cuevana3.En un futuro cercano, donde Am\u00e9rica est\u00e1 sumida en una cruenta guerra civil, un equipo de periodistas y fot\u00f3grafos de guerra emprender\u00e1 un viaje por carretera en direcci\u00f3n a Washington DC. Su misi\u00f3n: llegar antes de que las fuerzas rebeldes asalten la Casa Blanca y arrebaten el control al presidente de Estados Unidos.", "genre": ["B\u00e9lica", "Acci\u00f3n", "Drama"], "country": "Finland", "director": "Alex Garland", "actors": ["Kirsten Dunst,", "Wagner Moura,", "Cailee Spaeny,", "Stephen McKinley Henderson,", "Nelson Lee,", "Nick Offerman,", "Jefferson White,", "Evan Lai,", "Vince Pisani,", "Justin James Boykin,", "Jess Matney,", "Greg Hill,", "Edmund Donovan,", "Sonoya Mizuno,", "Tim James,", "Simeon Freeman,", "James Yaegashi,", "Dean Grimes,", "Alexa Mansour,", "Martha B. Knighton,", "Melissa Saint-Amand,"], "views": 1757}
[2024-07-01T23:50:37.596-0400] {logging_mixin.py:188} INFO - {"image_url": "https://i0.wp.com/www.themoviedb.org/t/p/w185/13G0wKhucGWiERNloOicAuzQIyd.jpg", "title": "Los vigilantes", "rating": 6.5, "duration": "1h 42m", "year": "2024", "quality": "HD", "description": "Ver los vigilantes Cuevana3.Sigue a Mina, una artista de 28 a\u00f1os que queda varada en un bosque en el oeste de Irlanda. Cuando Mina encuentra refugio, sin saberlo, queda atrapada junto a tres extra\u00f1os que son observados y acechados por misteriosas criaturas cada noche.", "genre": ["Terror", "Misterio", "Fantas\u00eda"], "country": "United States", "director": "Ishana Night Shyamalan", "actors": ["Dakota Fanning,", "Georgina Campbell,", "Olwen Fou\u00e9r\u00e9,", "Oliver Finnegan,", "Siobhan Hewlett,", "Alistair Brammer,", "Hannah Howland,", "Charles Camrose,", "Kya Brame,", "Shane O'Regan,", "Cara Steele,", "Shannon Antonia,", "Kofi De Graft Jordan,", "Diarmuid de Faoite,", "Ann Marie Horan,", "Se\u00e1n T. \u00d3 Meallaigh,", "Jacob Greenway,", "Jim Tighe,", "Andrea Bechis,", "Hannah Dargan,", "Emily Dargan,"], "views": 273}
[2024-07-01T23:50:37.672-0400] {logging_mixin.py:188} INFO - {"image_url": "https://i0.wp.com/www.themoviedb.org/t/p/w185/wSnBSv7oHgm1kZmiM8IqithlTmJ.jpg", "title": "Atlas", "rating": 6.8, "duration": "2h 00m", "year": "2024", "quality": "HD", "description": "Ver atlas Cuevana3.Una brillante analista antiterrorista recela de la IA hasta que descubre que podr\u00eda ser su \u00fanica esperanza cuando se tuerce una misi\u00f3n para atrapar a un robot rebelde.", "genre": ["Ciencia ficci\u00f3n", "Acci\u00f3n"], "country": "United States", "director": "Brad Peyton", "actors": ["Jennifer Lopez,", "Simu Liu,", "Sterling K. Brown,", "Gregory James Cohan,", "Abraham Popoola,", "Lana Parrilla,", "Mark Strong,", "Briella Guiza,", "Adia Smith-Eriksson,", "Logan Hunt,", "Jared Shimabukuro,", "Ashley J. Hicks,", "Paul Ganus,", "Zoe Boyle,", "Howland Wilson,", "Justin Walker White,", "Michelangelo Hyeon,", "Gloria Cole,", "Vaughn Johseph,", "Supreet Bedi,", "Lorraine Tai,"], "views": 918}
[2024-07-01T23:50:37.733-0400] {logging_mixin.py:188} INFO - {"image_url": "https://i0.wp.com/www.themoviedb.org/t/p/w185/2D7SsqU8VZOl838KR7q9pzljaLe.jpg", "title": "Ultraman: El Ascenso", "rating": 8.4, "duration": "1h 56m", "year": "2024", "quality": "HD", "description": "Ver ultraman: el ascenso Cuevana3.La historia sigue al exitoso jugador de b\u00e9isbol llamado Ken Sato, quien regresa a Jap\u00f3n para asumir la identidad de Ultraman. Sin embargo, sus planes se trastocan cuando se enucnetra a un kaiju reci\u00e9n nacido a quien decide criar como su propio hijo. Sumado a este imprevisto, Sato deber\u00e1 retomar la relaci\u00f3n con su distanciado padre y lidiar con la Fuerza de Defensa Kaiju.", "genre": ["Animaci\u00f3n", "Ciencia ficci\u00f3n", "Familia", "Acci\u00f3n"], "country": "Japan", "director": "Shannon Tindle", "actors": ["Christopher Sean,", "Gedde Watanabe,", "Tamlyn Tomita,", "Keone Young,", "Julia Harriman,", "Rob Fukuzaki,", "Frank Buckley,", "Fran\u00e7ois Chau,", "Robert Yasumura,", "Artt Butler,", "Karen Yasumura,", "Mayumi Yoshida,", "Mila O'Malley,", "Bret Marnell,", "Julia Kato,", "Brittany Ishibashi,", "Veronica Lapke,", "Lee Shorten,", "Jonathan Groff,", "Masa Kanome,", "Vic Chao,"], "views": 143}
[2024-07-01T23:50:37.771-0400] {logging_mixin.py:188} INFO - {"image_url": "https://i0.wp.com/www.themoviedb.org/t/p/w185/wSnBSv7oHgm1kZmiM8IqithlTmJ.jpg", "title": "Atlas", "rating": 6.8, "duration": "2h 00m", "year": "2024", "quality": "HD", "description": "Ver atlas Cuevana3.Una brillante analista antiterrorista recela de la IA hasta que descubre que podr\u00eda ser su \u00fanica esperanza cuando se tuerce una misi\u00f3n para atrapar a un robot rebelde.", "genre": ["Ciencia ficci\u00f3n", "Acci\u00f3n"], "country": "United States", "director": "Brad Peyton", "actors": ["Jennifer Lopez,", "Simu Liu,", "Sterling K. Brown,", "Gregory James Cohan,", "Abraham Popoola,", "Lana Parrilla,", "Mark Strong,", "Briella Guiza,", "Adia Smith-Eriksson,", "Logan Hunt,", "Jared Shimabukuro,", "Ashley J. Hicks,", "Paul Ganus,", "Zoe Boyle,", "Howland Wilson,", "Justin Walker White,", "Michelangelo Hyeon,", "Gloria Cole,", "Vaughn Johseph,", "Supreet Bedi,", "Lorraine Tai,"], "views": 918}
[2024-07-01T23:50:37.839-0400] {logging_mixin.py:188} INFO - {"image_url": "https://i0.wp.com/www.themoviedb.org/t/p/w185/6QR2FOCQr41gSduN70WulRIhJb7.jpg", "title": "Garfield: la pel\u00edcula", "rating": 6.7, "duration": "1h 41m", "year": "2024", "quality": "HD", "description": "Ver garfield: la pel\u00edcula Cuevana3.El mundialmente famoso Garfield, el gato casero que odia los lunes y que adora la lasa\u00f1a, est\u00e1 a punto de vivir una aventura \u00a1en el salvaje mundo exterior! Tras una inesperada reuni\u00f3n con su largamente perdido padre \u2013 el desali\u00f1ado gato callejero Vic \u2013 Garfield y su amigo canino Odie se ven forzados a abandonar sus perfectas y consentidas vidas al unirse a Vic en un hilarante y muy arriesgado atraco.", "genre": ["Animaci\u00f3n", "Comedia", "Familia", "Aventura"], "country": "Hong Kong", "director": "Mark Dindal", "actors": ["Chris Pratt,", "Samuel L. Jackson,", "Hannah Waddingham,", "Ving Rhames,", "Nicholas Hoult,", "Cecily Strong,", "Harvey Guill\u00e9n,", "Brett Goldstein,", "Bowen Yang,", "Snoop Dogg,", "Janelle James,", "Angus Cloud,", "Jeff Foxworthy,", "Eugenia Caruso,", "Luke Cinque-White,", "Dev Joshi,", "Chana Keefer,", "Mark Keefer,", "Edward VL Montgomery,", "Mark Dindal,", "Cameron Bernard Jones,"], "views": 193}
[2024-07-01T23:50:37.877-0400] {logging_mixin.py:188} INFO - {"image_url": "https://i0.wp.com/www.themoviedb.org/t/p/w185/gFmY2GY2X71ErIlLbO1j9MqGn4J.jpg", "title": "Haikyu!! La batalla del basurero", "rating": 7.0, "duration": "1h 25m", "year": "2024", "quality": "HD", "description": "Ver haikyu!! la batalla del basurero Cuevana3.El encuentro entre los equipos rivales de Karasuno y Nekoma har\u00e1 que la tensi\u00f3n aumente, ya que ambos equipos est\u00e1n decididos a salir victoriosos en el campeonato nacional de voleibol. Primera pel\u00edcula del proyecto en dos partes para el final de \"Haikyu!\".", "genre": ["Animaci\u00f3n", "Drama"], "country": "Japan", "director": "Susumu Mitsunaka", "actors": ["Ayumu Murase,", "Kaito Ishikawa,", "Yuki Kaji,", "\u4e2d\u6751\u60a0\u4e00,", "\u5185\u5c71\u6602\u8f1d,", "Satoshi Hino,", "\u6797\u52c7,", "Nobuhiko Okamoto,", "\u5165\u91ce\u81ea\u7531,", "Yoshimasa Hosoya,", "Soma Saito,", "\u5897\u7530\u4fca\u6a39,", "Koutaro Nishiyama,", "\u7acb\u82b1\u614e\u4e4b\u4ecb,", "\u77f3\u4e95\u30de\u30fc\u30af,", "Takanori Hoshino,", "\u6a2a\u7530\u6210\u543e,", "Ryuichi Sawada,", "\u6c60\u7530\u606d\u7950,", "\u6e21\u8fba\u62d3\u6d77,", "\u6c50\u8c37\u6587\u5eb7,"], "views": 66}
[2024-07-01T23:50:37.957-0400] {logging_mixin.py:188} INFO - {"image_url": "https://i0.wp.com/www.themoviedb.org/t/p/w185/13G0wKhucGWiERNloOicAuzQIyd.jpg", "title": "Los vigilantes", "rating": 6.5, "duration": "1h 42m", "year": "2024", "quality": "HD", "description": "Ver los vigilantes Cuevana3.Sigue a Mina, una artista de 28 a\u00f1os que queda varada en un bosque en el oeste de Irlanda. Cuando Mina encuentra refugio, sin saberlo, queda atrapada junto a tres extra\u00f1os que son observados y acechados por misteriosas criaturas cada noche.", "genre": ["Terror", "Misterio", "Fantas\u00eda"], "country": "United States", "director": "Ishana Night Shyamalan", "actors": ["Dakota Fanning,", "Georgina Campbell,", "Olwen Fou\u00e9r\u00e9,", "Oliver Finnegan,", "Siobhan Hewlett,", "Alistair Brammer,", "Hannah Howland,", "Charles Camrose,", "Kya Brame,", "Shane O'Regan,", "Cara Steele,", "Shannon Antonia,", "Kofi De Graft Jordan,", "Diarmuid de Faoite,", "Ann Marie Horan,", "Se\u00e1n T. \u00d3 Meallaigh,", "Jacob Greenway,", "Jim Tighe,", "Andrea Bechis,", "Hannah Dargan,", "Emily Dargan,"], "views": 273}
[2024-07-01T23:50:37.992-0400] {logging_mixin.py:188} INFO - {"image_url": "https://i0.wp.com/www.themoviedb.org/t/p/w185/6QR2FOCQr41gSduN70WulRIhJb7.jpg", "title": "Garfield: la pel\u00edcula", "rating": 6.7, "duration": "1h 41m", "year": "2024", "quality": "HD", "description": "Ver garfield: la pel\u00edcula Cuevana3.El mundialmente famoso Garfield, el gato casero que odia los lunes y que adora la lasa\u00f1a, est\u00e1 a punto de vivir una aventura \u00a1en el salvaje mundo exterior! Tras una inesperada reuni\u00f3n con su largamente perdido padre \u2013 el desali\u00f1ado gato callejero Vic \u2013 Garfield y su amigo canino Odie se ven forzados a abandonar sus perfectas y consentidas vidas al unirse a Vic en un hilarante y muy arriesgado atraco.", "genre": ["Animaci\u00f3n", "Comedia", "Familia", "Aventura"], "country": "Hong Kong", "director": "Mark Dindal", "actors": ["Chris Pratt,", "Samuel L. Jackson,", "Hannah Waddingham,", "Ving Rhames,", "Nicholas Hoult,", "Cecily Strong,", "Harvey Guill\u00e9n,", "Brett Goldstein,", "Bowen Yang,", "Snoop Dogg,", "Janelle James,", "Angus Cloud,", "Jeff Foxworthy,", "Eugenia Caruso,", "Luke Cinque-White,", "Dev Joshi,", "Chana Keefer,", "Mark Keefer,", "Edward VL Montgomery,", "Mark Dindal,", "Cameron Bernard Jones,"], "views": 193}
[2024-07-01T23:50:38.008-0400] {logging_mixin.py:188} INFO - {"image_url": "https://i0.wp.com/www.themoviedb.org/t/p/w185/kkFn3KM47Qq4Wjhd8GuFfe3LX27.jpg", "title": "El reino del planeta de los simios", "rating": 6.8, "duration": "2h 25m", "year": "2024", "quality": "HD", "description": "Ver el reino del planeta de los simios Cuevana3.Ambientada varias generaciones en el futuro tras el reinado de C\u00e9sar, en la que los simios son la especie dominante que vive en armon\u00eda y los humanos se han visto reducidos a vivir en la sombra. Mientras un nuevo y tir\u00e1nico l\u00edder simio construye su imperio, un joven simio emprende un angustioso viaje que le llevar\u00e1 a cuestionarse todo lo que sabe sobre el pasado y a tomar decisiones que definir\u00e1n el futuro de simios y humanos por igual.", "genre": ["Ciencia ficci\u00f3n", "Aventura", "Acci\u00f3n"], "country": "United States", "director": "Wes Ball", "actors": ["Owen Teague,", "Freya Allan,", "Kevin Durand,", "Peter Macon,", "William H. Macy,", "Eka Darville,", "Travis Jeffery,", "Lydia Peckham,", "Neil Sandilands,", "Ras-Samuel Welda'abzgi,", "Sara Wiseman,", "Kaden Hartcher,", "Andy McPhee,", "Nina Gallas,", "Samuel Fal\u00e9,", "Dichen Lachman,", "Virginie Laverdure,", "Markus Hamilton,", "Benjamin Scott,", "Nirish Bhat Surambadka,", "Frances Berry,"], "views": 1273}
[2024-07-01T23:50:38.079-0400] {logging_mixin.py:188} INFO - {"image_url": "https://i0.wp.com/www.themoviedb.org/t/p/w185/6QR2FOCQr41gSduN70WulRIhJb7.jpg", "title": "Garfield: la pel\u00edcula", "rating": 6.7, "duration": "1h 41m", "year": "2024", "quality": "HD", "description": "Ver garfield: la pel\u00edcula Cuevana3.El mundialmente famoso Garfield, el gato casero que odia los lunes y que adora la lasa\u00f1a, est\u00e1 a punto de vivir una aventura \u00a1en el salvaje mundo exterior! Tras una inesperada reuni\u00f3n con su largamente perdido padre \u2013 el desali\u00f1ado gato callejero Vic \u2013 Garfield y su amigo canino Odie se ven forzados a abandonar sus perfectas y consentidas vidas al unirse a Vic en un hilarante y muy arriesgado atraco.", "genre": ["Animaci\u00f3n", "Comedia", "Familia", "Aventura"], "country": "Hong Kong", "director": "Mark Dindal", "actors": ["Chris Pratt,", "Samuel L. Jackson,", "Hannah Waddingham,", "Ving Rhames,", "Nicholas Hoult,", "Cecily Strong,", "Harvey Guill\u00e9n,", "Brett Goldstein,", "Bowen Yang,", "Snoop Dogg,", "Janelle James,", "Angus Cloud,", "Jeff Foxworthy,", "Eugenia Caruso,", "Luke Cinque-White,", "Dev Joshi,", "Chana Keefer,", "Mark Keefer,", "Edward VL Montgomery,", "Mark Dindal,", "Cameron Bernard Jones,"], "views": 193}
[2024-07-01T23:50:38.093-0400] {logging_mixin.py:188} INFO - {"image_url": "https://i0.wp.com/www.themoviedb.org/t/p/w185/gFmY2GY2X71ErIlLbO1j9MqGn4J.jpg", "title": "Haikyu!! La batalla del basurero", "rating": 7.0, "duration": "1h 25m", "year": "2024", "quality": "HD", "description": "Ver haikyu!! la batalla del basurero Cuevana3.El encuentro entre los equipos rivales de Karasuno y Nekoma har\u00e1 que la tensi\u00f3n aumente, ya que ambos equipos est\u00e1n decididos a salir victoriosos en el campeonato nacional de voleibol. Primera pel\u00edcula del proyecto en dos partes para el final de \"Haikyu!\".", "genre": ["Animaci\u00f3n", "Drama"], "country": "Japan", "director": "Susumu Mitsunaka", "actors": ["Ayumu Murase,", "Kaito Ishikawa,", "Yuki Kaji,", "\u4e2d\u6751\u60a0\u4e00,", "\u5185\u5c71\u6602\u8f1d,", "Satoshi Hino,", "\u6797\u52c7,", "Nobuhiko Okamoto,", "\u5165\u91ce\u81ea\u7531,", "Yoshimasa Hosoya,", "Soma Saito,", "\u5897\u7530\u4fca\u6a39,", "Koutaro Nishiyama,", "\u7acb\u82b1\u614e\u4e4b\u4ecb,", "\u77f3\u4e95\u30de\u30fc\u30af,", "Takanori Hoshino,", "\u6a2a\u7530\u6210\u543e,", "Ryuichi Sawada,", "\u6c60\u7530\u606d\u7950,", "\u6e21\u8fba\u62d3\u6d77,", "\u6c50\u8c37\u6587\u5eb7,"], "views": 66}
[2024-07-01T23:50:38.124-0400] {logging_mixin.py:188} INFO - {"image_url": "https://i0.wp.com/www.themoviedb.org/t/p/w185/jGOi939xU8BDRfAAhN6eiTSf3H8.jpg", "title": "Un lugar tranquilo: D\u00eda uno", "rating": 7.0, "duration": "1h 39m", "year": "2024", "quality": "HD", "description": "Ver un lugar tranquilo: d\u00eda uno Cuevana3.Una mujer llamada Sam trata de sobrevivir a una invasi\u00f3n en la ciudad de Nueva York por criaturas alien\u00edgenas sedientas de sangre con o\u00eddos ultras\u00f3nicos. Tercera entrega de la saga.", "genre": ["Terror", "Ciencia ficci\u00f3n", "Suspense"], "country": "United States", "director": "Michael Sarnoski", "actors": ["Lupita Nyong'o,", "Joseph Quinn,", "Alex Wolff,", "Djimon Hounsou,", "Cain Aiden,", "Jennifer Woodward,", "Elijah Ungvary,", "Alfie Todd,", "Eliane Umuhire,", "Ronnie Le Drew,", "Choy-Ling Man,", "Benjamin Wong,", "Michael Roberts,", "Thara Sch\u00f6\u00f6n,", "Thea Butler,"], "views": 143}
[2024-07-01T23:50:38.146-0400] {logging_mixin.py:188} INFO - {"image_url": "https://i0.wp.com/www.themoviedb.org/t/p/w185/iCOQUVVaPqRuR3JqF71akguf6Mj.jpg", "title": "Civil War", "rating": 7.0, "duration": "1h 49m", "year": "2024", "quality": "HD", "description": "Ver civil war Cuevana3.En un futuro cercano, donde Am\u00e9rica est\u00e1 sumida en una cruenta guerra civil, un equipo de periodistas y fot\u00f3grafos de guerra emprender\u00e1 un viaje por carretera en direcci\u00f3n a Washington DC. Su misi\u00f3n: llegar antes de que las fuerzas rebeldes asalten la Casa Blanca y arrebaten el control al presidente de Estados Unidos.", "genre": ["B\u00e9lica", "Acci\u00f3n", "Drama"], "country": "Finland", "director": "Alex Garland", "actors": ["Kirsten Dunst,", "Wagner Moura,", "Cailee Spaeny,", "Stephen McKinley Henderson,", "Nelson Lee,", "Nick Offerman,", "Jefferson White,", "Evan Lai,", "Vince Pisani,", "Justin James Boykin,", "Jess Matney,", "Greg Hill,", "Edmund Donovan,", "Sonoya Mizuno,", "Tim James,", "Simeon Freeman,", "James Yaegashi,", "Dean Grimes,", "Alexa Mansour,", "Martha B. Knighton,", "Melissa Saint-Amand,"], "views": 1757}
[2024-07-01T23:50:38.157-0400] {logging_mixin.py:188} INFO - {"image_url": "https://i0.wp.com/www.themoviedb.org/t/p/w185/13G0wKhucGWiERNloOicAuzQIyd.jpg", "title": "Los vigilantes", "rating": 6.5, "duration": "1h 42m", "year": "2024", "quality": "HD", "description": "Ver los vigilantes Cuevana3.Sigue a Mina, una artista de 28 a\u00f1os que queda varada en un bosque en el oeste de Irlanda. Cuando Mina encuentra refugio, sin saberlo, queda atrapada junto a tres extra\u00f1os que son observados y acechados por misteriosas criaturas cada noche.", "genre": ["Terror", "Misterio", "Fantas\u00eda"], "country": "United States", "director": "Ishana Night Shyamalan", "actors": ["Dakota Fanning,", "Georgina Campbell,", "Olwen Fou\u00e9r\u00e9,", "Oliver Finnegan,", "Siobhan Hewlett,", "Alistair Brammer,", "Hannah Howland,", "Charles Camrose,", "Kya Brame,", "Shane O'Regan,", "Cara Steele,", "Shannon Antonia,", "Kofi De Graft Jordan,", "Diarmuid de Faoite,", "Ann Marie Horan,", "Se\u00e1n T. \u00d3 Meallaigh,", "Jacob Greenway,", "Jim Tighe,", "Andrea Bechis,", "Hannah Dargan,", "Emily Dargan,"], "views": 273}
[2024-07-01T23:50:38.166-0400] {logging_mixin.py:188} INFO - {"image_url": "https://i0.wp.com/www.themoviedb.org/t/p/w185/2D7SsqU8VZOl838KR7q9pzljaLe.jpg", "title": "Ultraman: El Ascenso", "rating": 8.4, "duration": "1h 56m", "year": "2024", "quality": "HD", "description": "Ver ultraman: el ascenso Cuevana3.La historia sigue al exitoso jugador de b\u00e9isbol llamado Ken Sato, quien regresa a Jap\u00f3n para asumir la identidad de Ultraman. Sin embargo, sus planes se trastocan cuando se enucnetra a un kaiju reci\u00e9n nacido a quien decide criar como su propio hijo. Sumado a este imprevisto, Sato deber\u00e1 retomar la relaci\u00f3n con su distanciado padre y lidiar con la Fuerza de Defensa Kaiju.", "genre": ["Animaci\u00f3n", "Ciencia ficci\u00f3n", "Familia", "Acci\u00f3n"], "country": "Japan", "director": "Shannon Tindle", "actors": ["Christopher Sean,", "Gedde Watanabe,", "Tamlyn Tomita,", "Keone Young,", "Julia Harriman,", "Rob Fukuzaki,", "Frank Buckley,", "Fran\u00e7ois Chau,", "Robert Yasumura,", "Artt Butler,", "Karen Yasumura,", "Mayumi Yoshida,", "Mila O'Malley,", "Bret Marnell,", "Julia Kato,", "Brittany Ishibashi,", "Veronica Lapke,", "Lee Shorten,", "Jonathan Groff,", "Masa Kanome,", "Vic Chao,"], "views": 143}
[2024-07-01T23:50:38.174-0400] {logging_mixin.py:188} INFO - {"image_url": "https://i0.wp.com/www.themoviedb.org/t/p/w185/ekxqPg2t1xQqCKbSUtuYJRry0WL.jpg", "title": "Furiosa: De la saga Mad Max", "rating": 7.7, "duration": "2h 28m", "year": "2024", "quality": "HD", "description": "Ver furiosa: de la saga mad max Cuevana3.En un mundo postapocal\u00edptico donde todo ha perdido su valor, los pocos supervivientes se gu\u00edan por la ley del m\u00e1s fuerte. Sin aprecio por la vida, lo \u00fanico que despierta un brutal inter\u00e9s es la gasolina, sin\u00f3nimo de poder y objetivo de bandas armadas hasta los dientes y sin escr\u00fapulos. En este contexto conoceremos la historia de la arrebatadoramente despiadada, salvaje y joven Furiosa, quien cae en manos de una horda de motoristas y debe sobrevivir a muchas pruebas mientras re\u00fane los medios para encontrar el camino de vuelta a casa. Precuela de 'Mad Max: Furia en la carretera' (2015).", "genre": ["Acci\u00f3n", "Aventura", "Ciencia ficci\u00f3n"], "country": "Australia", "director": "George Miller", "actors": ["Anya Taylor-Joy,", "Chris Hemsworth,", "Tom Burke,", "Alyla Browne,", "George Shevtsov,", "Lachy Hulme,", "John Howard,", "Charlee Fraser,", "Angus Sampson,", "Nathan Jones,", "Elsa Pataky,", "Josh Helman,", "David Field,", "Rahel Romahn,", "David Collins,", "Goran D. Kleut,", "CJ. Bloomfield,", "Matuse Paz,", "Ian Roberts,", "Guy Spence,", "Robert Jones,"], "views": 1511}
[2024-07-01T23:50:38.197-0400] {logging_mixin.py:188} INFO - {"image_url": "https://i0.wp.com/www.themoviedb.org/t/p/w185/eIIklEb7D9MrRxsb4vyXnm08d0G.jpg", "title": "Sin tiempo para espiar: Una peli de Una casa de locos", "rating": 5.8, "duration": "1h 21m", "year": "2024", "quality": "HD", "description": "Ver sin tiempo para espiar: una peli de una casa de locos Cuevana3.Lincoln y los Loud est\u00e1n emocionados de dar la bienvenida a su nueva abuela, Myrtle, a la familia con una celebraci\u00f3n de boda tropical. Sin embargo, los festejos se ven interrumpidos cuando un viejo enemigo del pasado aparece en la isla, desatando una serie de eventos inesperados.", "genre": ["Animaci\u00f3n", "Acci\u00f3n", "Aventura", "Comedia", "Familia"], "country": "United States", "director": "Kyle Marshall", "actors": ["Bentley Griffin,", "Alex Cazares,", "Piotr Michael,", "Brian Stepanek,", "Amy Sedaris,", "Jessica DiCicco,", "Lara Jill Miller,", "Jill Talley,", "John DiMaggio,", "Grey DeLisle,", "Paul Wight,", "Catherine Taber,", "Chester Rushing,", "Jaeden White,", "Sarah Niles,", "Nika Futterman,", "Dan Fogler,", "Cristina Pucelli,", "Liliana Mumy,", "Khary Payton,", "Griffen Campbell,"], "views": 12}
[2024-07-01T23:50:38.230-0400] {logging_mixin.py:188} INFO - {"image_url": "https://i0.wp.com/www.themoviedb.org/t/p/w185/ns9Tr9fda1YuPK2k6BqwqmEOkgl.jpg", "title": "Bi\u00f3nicos", "rating": 5.5, "duration": "1h 50m", "year": "2024", "quality": "HD", "description": "Ver bi\u00f3nicos Cuevana3.Dos hermanas compiten en salto de longitud en un futuro dist\u00f3pico en el que las pr\u00f3tesis rob\u00f3ticas han redefinido el deporte. Su rivalidad las lleva por un siniestro camino.", "genre": ["Ciencia ficci\u00f3n", "Acci\u00f3n", "Aventura"], "country": "Brazil", "director": "Afonso Poyart", "actors": ["Jessica C\u00f3res,", "Bruno Gagliasso,", "Gabz,", "Christian Malheiros,", "Nill Marcondes,", "Guta Ruiz,", "Miguel Nader,", "M\u00e1rcio Fecher,", "Nicole Cordery,", "Emilly Nayara,", "Miguel Falabella,", "Klebber Toledo,", "Paulo Vilhena,", "Danton Mello,", "Erika Januza,", "Kagga Jayson,", "Luana Tanaka,"], "views": 93}
[2024-07-01T23:50:38.262-0400] {logging_mixin.py:188} INFO - {"image_url": "https://i0.wp.com/www.themoviedb.org/t/p/w185/nDrUZE24mSB54cuHEjslMLvfFRQ.jpg", "title": "Los infalibles", "rating": 5.3, "duration": "1h 39m", "year": "2024", "quality": "HD", "description": "Ver los infalibles Cuevana3.Mientras una banda de ladrones lleva meses sembrando el caos en Par\u00eds y humillando a la polic\u00eda, el Ministro del Interior quiere sangre nueva para encabezar la investigaci\u00f3n: Alia, explosiva e ingobernable, Hugo, mejor estudiante y meticuloso.", "genre": ["Comedia", "Acci\u00f3n"], "country": "France", "director": "Fr\u00e9d\u00e9ric Forestier", "actors": ["In\u00e8s Reg,", "K\u00e9vin Debonne,", "Vincent Rottiers,", "Moussa Maaskri,", "Fran\u00e7ois Neycken,", "Pierre Olivier,", "Hugo Gonzalez,", "Daphn\u00e9 Huynh,", "Loriane Klupsch,", "Ad\u00e8le Sierra,", "K\u00e9vin Aza\u00efs,", "Philippe R\u00e9simont,", "Lionnel Astier,", "Julian Naceri,", "Majida Ghomari,", "Bachir Baccour,", "St\u00e9phanie Van Vyve,", "Pierre Lekeux,"], "views": 25}
[2024-07-01T23:50:38.330-0400] {logging_mixin.py:188} INFO - {"image_url": "https://i0.wp.com/www.themoviedb.org/t/p/w185/eIIklEb7D9MrRxsb4vyXnm08d0G.jpg", "title": "Sin tiempo para espiar: Una peli de Una casa de locos", "rating": 5.8, "duration": "1h 21m", "year": "2024", "quality": "HD", "description": "Ver sin tiempo para espiar: una peli de una casa de locos Cuevana3.Lincoln y los Loud est\u00e1n emocionados de dar la bienvenida a su nueva abuela, Myrtle, a la familia con una celebraci\u00f3n de boda tropical. Sin embargo, los festejos se ven interrumpidos cuando un viejo enemigo del pasado aparece en la isla, desatando una serie de eventos inesperados.", "genre": ["Animaci\u00f3n", "Acci\u00f3n", "Aventura", "Comedia", "Familia"], "country": "United States", "director": "Kyle Marshall", "actors": ["Bentley Griffin,", "Alex Cazares,", "Piotr Michael,", "Brian Stepanek,", "Amy Sedaris,", "Jessica DiCicco,", "Lara Jill Miller,", "Jill Talley,", "John DiMaggio,", "Grey DeLisle,", "Paul Wight,", "Catherine Taber,", "Chester Rushing,", "Jaeden White,", "Sarah Niles,", "Nika Futterman,", "Dan Fogler,", "Cristina Pucelli,", "Liliana Mumy,", "Khary Payton,", "Griffen Campbell,"], "views": 12}
[2024-07-01T23:50:38.405-0400] {logging_mixin.py:188} INFO - {"image_url": "https://i0.wp.com/www.themoviedb.org/t/p/w185/ns9Tr9fda1YuPK2k6BqwqmEOkgl.jpg", "title": "Bi\u00f3nicos", "rating": 5.5, "duration": "1h 50m", "year": "2024", "quality": "HD", "description": "Ver bi\u00f3nicos Cuevana3.Dos hermanas compiten en salto de longitud en un futuro dist\u00f3pico en el que las pr\u00f3tesis rob\u00f3ticas han redefinido el deporte. Su rivalidad las lleva por un siniestro camino.", "genre": ["Ciencia ficci\u00f3n", "Acci\u00f3n", "Aventura"], "country": "Brazil", "director": "Afonso Poyart", "actors": ["Jessica C\u00f3res,", "Bruno Gagliasso,", "Gabz,", "Christian Malheiros,", "Nill Marcondes,", "Guta Ruiz,", "Miguel Nader,", "M\u00e1rcio Fecher,", "Nicole Cordery,", "Emilly Nayara,", "Miguel Falabella,", "Klebber Toledo,", "Paulo Vilhena,", "Danton Mello,", "Erika Januza,", "Kagga Jayson,", "Luana Tanaka,"], "views": 93}
[2024-07-01T23:50:38.455-0400] {logging_mixin.py:188} INFO - {"image_url": "https://i0.wp.com/www.themoviedb.org/t/p/w185/2PuAY3xSvbchQWqpSiXw08Yt0NP.jpg", "title": "Del rev\u00e9s 2 (Inside Out 2)", "rating": 7.7, "duration": "1h 37m", "year": "2024", "quality": "HD", "description": "Ver del rev\u00e9s 2 (inside out 2) Cuevana3.Vuelve a la mente de Riley, quien acaba de convertirse en adolescente, en el momento en que la Central se enfrenta a una reforma para hacer sitio a algo completamente inesperado: \u00a1nuevas Emociones! Alegr\u00eda, Tristeza, Ira, Miedo y Asco, que llevan muchos a\u00f1os al mando de una operaci\u00f3n exitosa, no saben muy bien qu\u00e9 sentir cuando aparece Ansiedad, que adem\u00e1s no ha llegado sola. Se ha tra\u00eddo a Verg\u00fcenza, Envidia y Ennui.", "genre": ["Animaci\u00f3n", "Familia", "Aventura", "Comedia"], "country": "United States", "director": "Kelsey Mann", "actors": ["Amy Poehler,", "Maya Hawke,", "Kensington Tallman,", "Liza Lapira,", "Phyllis Smith,", "Lewis Black,", "Tony Hale,", "Ayo Edebiri,", "Ad\u00e8le Exarchopoulos,", "Lilimar,", "Grace Lu,", "Sumayyah Nuriddin-Green,", "Diane Lane,", "Kyle MacLachlan,", "Paul Walter Hauser,", "Yvette Nicole Brown,", "Ron Funches,", "James Austin Johnson,", "Yong Yea,", "Steve Purcell,", "Dave Goelz,"], "views": 1151}
[2024-07-01T23:50:38.514-0400] {logging_mixin.py:188} INFO - {"image_url": "https://i0.wp.com/www.themoviedb.org/t/p/w185/ekxqPg2t1xQqCKbSUtuYJRry0WL.jpg", "title": "Furiosa: De la saga Mad Max", "rating": 7.7, "duration": "2h 28m", "year": "2024", "quality": "HD", "description": "Ver furiosa: de la saga mad max Cuevana3.En un mundo postapocal\u00edptico donde todo ha perdido su valor, los pocos supervivientes se gu\u00edan por la ley del m\u00e1s fuerte. Sin aprecio por la vida, lo \u00fanico que despierta un brutal inter\u00e9s es la gasolina, sin\u00f3nimo de poder y objetivo de bandas armadas hasta los dientes y sin escr\u00fapulos. En este contexto conoceremos la historia de la arrebatadoramente despiadada, salvaje y joven Furiosa, quien cae en manos de una horda de motoristas y debe sobrevivir a muchas pruebas mientras re\u00fane los medios para encontrar el camino de vuelta a casa. Precuela de 'Mad Max: Furia en la carretera' (2015).", "genre": ["Acci\u00f3n", "Aventura", "Ciencia ficci\u00f3n"], "country": "Australia", "director": "George Miller", "actors": ["Anya Taylor-Joy,", "Chris Hemsworth,", "Tom Burke,", "Alyla Browne,", "George Shevtsov,", "Lachy Hulme,", "John Howard,", "Charlee Fraser,", "Angus Sampson,", "Nathan Jones,", "Elsa Pataky,", "Josh Helman,", "David Field,", "Rahel Romahn,", "David Collins,", "Goran D. Kleut,", "CJ. Bloomfield,", "Matuse Paz,", "Ian Roberts,", "Guy Spence,", "Robert Jones,"], "views": 1511}
[2024-07-01T23:50:38.536-0400] {logging_mixin.py:188} INFO - {"image_url": "https://i0.wp.com/www.themoviedb.org/t/p/w185/2PuAY3xSvbchQWqpSiXw08Yt0NP.jpg", "title": "Del rev\u00e9s 2 (Inside Out 2)", "rating": 7.7, "duration": "1h 37m", "year": "2024", "quality": "HD", "description": "Ver del rev\u00e9s 2 (inside out 2) Cuevana3.Vuelve a la mente de Riley, quien acaba de convertirse en adolescente, en el momento en que la Central se enfrenta a una reforma para hacer sitio a algo completamente inesperado: \u00a1nuevas Emociones! Alegr\u00eda, Tristeza, Ira, Miedo y Asco, que llevan muchos a\u00f1os al mando de una operaci\u00f3n exitosa, no saben muy bien qu\u00e9 sentir cuando aparece Ansiedad, que adem\u00e1s no ha llegado sola. Se ha tra\u00eddo a Verg\u00fcenza, Envidia y Ennui.", "genre": ["Animaci\u00f3n", "Familia", "Aventura", "Comedia"], "country": "United States", "director": "Kelsey Mann", "actors": ["Amy Poehler,", "Maya Hawke,", "Kensington Tallman,", "Liza Lapira,", "Phyllis Smith,", "Lewis Black,", "Tony Hale,", "Ayo Edebiri,", "Ad\u00e8le Exarchopoulos,", "Lilimar,", "Grace Lu,", "Sumayyah Nuriddin-Green,", "Diane Lane,", "Kyle MacLachlan,", "Paul Walter Hauser,", "Yvette Nicole Brown,", "Ron Funches,", "James Austin Johnson,", "Yong Yea,", "Steve Purcell,", "Dave Goelz,"], "views": 1151}
[2024-07-01T23:50:38.570-0400] {logging_mixin.py:188} INFO - {"image_url": "https://i0.wp.com/www.themoviedb.org/t/p/w185/ekxqPg2t1xQqCKbSUtuYJRry0WL.jpg", "title": "Furiosa: De la saga Mad Max", "rating": 7.7, "duration": "2h 28m", "year": "2024", "quality": "HD", "description": "Ver furiosa: de la saga mad max Cuevana3.En un mundo postapocal\u00edptico donde todo ha perdido su valor, los pocos supervivientes se gu\u00edan por la ley del m\u00e1s fuerte. Sin aprecio por la vida, lo \u00fanico que despierta un brutal inter\u00e9s es la gasolina, sin\u00f3nimo de poder y objetivo de bandas armadas hasta los dientes y sin escr\u00fapulos. En este contexto conoceremos la historia de la arrebatadoramente despiadada, salvaje y joven Furiosa, quien cae en manos de una horda de motoristas y debe sobrevivir a muchas pruebas mientras re\u00fane los medios para encontrar el camino de vuelta a casa. Precuela de 'Mad Max: Furia en la carretera' (2015).", "genre": ["Acci\u00f3n", "Aventura", "Ciencia ficci\u00f3n"], "country": "Australia", "director": "George Miller", "actors": ["Anya Taylor-Joy,", "Chris Hemsworth,", "Tom Burke,", "Alyla Browne,", "George Shevtsov,", "Lachy Hulme,", "John Howard,", "Charlee Fraser,", "Angus Sampson,", "Nathan Jones,", "Elsa Pataky,", "Josh Helman,", "David Field,", "Rahel Romahn,", "David Collins,", "Goran D. Kleut,", "CJ. Bloomfield,", "Matuse Paz,", "Ian Roberts,", "Guy Spence,", "Robert Jones,"], "views": 1511}
[2024-07-01T23:50:38.619-0400] {logging_mixin.py:188} INFO - {"image_url": "https://i0.wp.com/www.themoviedb.org/t/p/w185/2PuAY3xSvbchQWqpSiXw08Yt0NP.jpg", "title": "Del rev\u00e9s 2 (Inside Out 2)", "rating": 7.7, "duration": "1h 37m", "year": "2024", "quality": "HD", "description": "Ver del rev\u00e9s 2 (inside out 2) Cuevana3.Vuelve a la mente de Riley, quien acaba de convertirse en adolescente, en el momento en que la Central se enfrenta a una reforma para hacer sitio a algo completamente inesperado: \u00a1nuevas Emociones! Alegr\u00eda, Tristeza, Ira, Miedo y Asco, que llevan muchos a\u00f1os al mando de una operaci\u00f3n exitosa, no saben muy bien qu\u00e9 sentir cuando aparece Ansiedad, que adem\u00e1s no ha llegado sola. Se ha tra\u00eddo a Verg\u00fcenza, Envidia y Ennui.", "genre": ["Animaci\u00f3n", "Familia", "Aventura", "Comedia"], "country": "United States", "director": "Kelsey Mann", "actors": ["Amy Poehler,", "Maya Hawke,", "Kensington Tallman,", "Liza Lapira,", "Phyllis Smith,", "Lewis Black,", "Tony Hale,", "Ayo Edebiri,", "Ad\u00e8le Exarchopoulos,", "Lilimar,", "Grace Lu,", "Sumayyah Nuriddin-Green,", "Diane Lane,", "Kyle MacLachlan,", "Paul Walter Hauser,", "Yvette Nicole Brown,", "Ron Funches,", "James Austin Johnson,", "Yong Yea,", "Steve Purcell,", "Dave Goelz,"], "views": 1151}
[2024-07-01T23:50:38.652-0400] {logging_mixin.py:188} INFO - {"image_url": "https://i0.wp.com/www.themoviedb.org/t/p/w185/ww9s0QSZ06WIxyZAKAdg6nqfE5v.jpg", "title": "En las profundidades del Sena", "rating": 6.0, "duration": "1h 44m", "year": "2024", "quality": "HD", "description": "Ver en las profundidades del sena Cuevana3.La cient\u00edfica Sophie se ve obligada a enfrentarse a su tr\u00e1gico pasado para salvar Par\u00eds de un ba\u00f1o de sangre cuando un tibur\u00f3n gigante aparece en el Sena.", "genre": ["Suspense", "Terror", "Acci\u00f3n", "Misterio"], "country": "France", "director": "Xavier Gens", "actors": ["B\u00e9r\u00e9nice Bejo,", "Nassim Lyes,", "L\u00e9a L\u00e9viant,", "Nagisa Morimoto,", "Ana\u00efs Parello,", "I\u00f1aki Lartigue,", "Anne Marivin,", "Timi-Joy Marbot,", "Ricky Tribord,", "Aur\u00e9lia Petit,", "Sandra Parfait,", "Yannick Choirat,", "Patrick Ligardes,", "Victor Pontecorvo,", "Jean-Marc Bellu,", "St\u00e9phane Jacquot,", "Ibrahima Ba,", "Daouda Keita,", "Marvin Dubart,", "Monsieur Poulpe,", "Aksel \u00dcst\u00fcn,"], "views": 785}
[2024-07-01T23:50:38.682-0400] {logging_mixin.py:188} INFO - {"image_url": "https://i0.wp.com/www.themoviedb.org/t/p/w185/8RgGuC7w8JxhykauzTC4bwha1J8.jpg", "title": "Amigos imaginarios", "rating": 7.4, "duration": "1h 44m", "year": "2024", "quality": "HD", "description": "Ver amigos imaginarios Cuevana3.Una ni\u00f1a pasa por una experiencia dif\u00edcil y entonces empieza a ver a los amigos imaginarios de todo el mundo que se han ido quedando atr\u00e1s a medida que sus amigos de la vida real han ido creciendo.", "genre": ["Comedia", "Fantas\u00eda", "Familia"], "country": "United States", "director": "John Krasinski", "actors": ["Cailey Fleming,", "Ryan Reynolds,", "John Krasinski,", "Fiona Shaw,", "Steve Carell,", "Phoebe Waller-Bridge,", "Louis Gossett Jr.,", "Alan Kim,", "Liza Col\u00f3n-Zayas,", "Bobby Moynihan,", "Catharine Daddario,", "Audrey Hoffman,", "Laquet Sharnell Pringle,", "Ed Herbstman,", "Barbara Andres,", "Alexander Rivero,", "Shauna Pinkett,", "Sa'Raya Paris Johnson,", "Marta Siteiya Moipei,", "David Weissmann,", "Awkwafina,"], "views": 498}
[2024-07-01T23:50:38.708-0400] {logging_mixin.py:188} INFO - {"image_url": "https://i0.wp.com/www.themoviedb.org/t/p/w185/nDrUZE24mSB54cuHEjslMLvfFRQ.jpg", "title": "Los infalibles", "rating": 5.3, "duration": "1h 39m", "year": "2024", "quality": "HD", "description": "Ver los infalibles Cuevana3.Mientras una banda de ladrones lleva meses sembrando el caos en Par\u00eds y humillando a la polic\u00eda, el Ministro del Interior quiere sangre nueva para encabezar la investigaci\u00f3n: Alia, explosiva e ingobernable, Hugo, mejor estudiante y meticuloso.", "genre": ["Comedia", "Acci\u00f3n"], "country": "France", "director": "Fr\u00e9d\u00e9ric Forestier", "actors": ["In\u00e8s Reg,", "K\u00e9vin Debonne,", "Vincent Rottiers,", "Moussa Maaskri,", "Fran\u00e7ois Neycken,", "Pierre Olivier,", "Hugo Gonzalez,", "Daphn\u00e9 Huynh,", "Loriane Klupsch,", "Ad\u00e8le Sierra,", "K\u00e9vin Aza\u00efs,", "Philippe R\u00e9simont,", "Lionnel Astier,", "Julian Naceri,", "Majida Ghomari,", "Bachir Baccour,", "St\u00e9phanie Van Vyve,", "Pierre Lekeux,"], "views": 25}
[2024-07-01T23:50:38.733-0400] {logging_mixin.py:188} INFO - {"image_url": "https://i0.wp.com/www.themoviedb.org/t/p/w185/2PuAY3xSvbchQWqpSiXw08Yt0NP.jpg", "title": "Del rev\u00e9s 2 (Inside Out 2)", "rating": 7.7, "duration": "1h 37m", "year": "2024", "quality": "HD", "description": "Ver del rev\u00e9s 2 (inside out 2) Cuevana3.Vuelve a la mente de Riley, quien acaba de convertirse en adolescente, en el momento en que la Central se enfrenta a una reforma para hacer sitio a algo completamente inesperado: \u00a1nuevas Emociones! Alegr\u00eda, Tristeza, Ira, Miedo y Asco, que llevan muchos a\u00f1os al mando de una operaci\u00f3n exitosa, no saben muy bien qu\u00e9 sentir cuando aparece Ansiedad, que adem\u00e1s no ha llegado sola. Se ha tra\u00eddo a Verg\u00fcenza, Envidia y Ennui.", "genre": ["Animaci\u00f3n", "Familia", "Aventura", "Comedia"], "country": "United States", "director": "Kelsey Mann", "actors": ["Amy Poehler,", "Maya Hawke,", "Kensington Tallman,", "Liza Lapira,", "Phyllis Smith,", "Lewis Black,", "Tony Hale,", "Ayo Edebiri,", "Ad\u00e8le Exarchopoulos,", "Lilimar,", "Grace Lu,", "Sumayyah Nuriddin-Green,", "Diane Lane,", "Kyle MacLachlan,", "Paul Walter Hauser,", "Yvette Nicole Brown,", "Ron Funches,", "James Austin Johnson,", "Yong Yea,", "Steve Purcell,", "Dave Goelz,"], "views": 1151}
[2024-07-01T23:50:38.752-0400] {logging_mixin.py:188} INFO - {"image_url": "https://i0.wp.com/www.themoviedb.org/t/p/w185/ekxqPg2t1xQqCKbSUtuYJRry0WL.jpg", "title": "Furiosa: De la saga Mad Max", "rating": 7.7, "duration": "2h 28m", "year": "2024", "quality": "HD", "description": "Ver furiosa: de la saga mad max Cuevana3.En un mundo postapocal\u00edptico donde todo ha perdido su valor, los pocos supervivientes se gu\u00edan por la ley del m\u00e1s fuerte. Sin aprecio por la vida, lo \u00fanico que despierta un brutal inter\u00e9s es la gasolina, sin\u00f3nimo de poder y objetivo de bandas armadas hasta los dientes y sin escr\u00fapulos. En este contexto conoceremos la historia de la arrebatadoramente despiadada, salvaje y joven Furiosa, quien cae en manos de una horda de motoristas y debe sobrevivir a muchas pruebas mientras re\u00fane los medios para encontrar el camino de vuelta a casa. Precuela de 'Mad Max: Furia en la carretera' (2015).", "genre": ["Acci\u00f3n", "Aventura", "Ciencia ficci\u00f3n"], "country": "Australia", "director": "George Miller", "actors": ["Anya Taylor-Joy,", "Chris Hemsworth,", "Tom Burke,", "Alyla Browne,", "George Shevtsov,", "Lachy Hulme,", "John Howard,", "Charlee Fraser,", "Angus Sampson,", "Nathan Jones,", "Elsa Pataky,", "Josh Helman,", "David Field,", "Rahel Romahn,", "David Collins,", "Goran D. Kleut,", "CJ. Bloomfield,", "Matuse Paz,", "Ian Roberts,", "Guy Spence,", "Robert Jones,"], "views": 1511}
[2024-07-01T23:50:38.767-0400] {logging_mixin.py:188} INFO - {"image_url": "https://i0.wp.com/www.themoviedb.org/t/p/w185/ww9s0QSZ06WIxyZAKAdg6nqfE5v.jpg", "title": "En las profundidades del Sena", "rating": 6.0, "duration": "1h 44m", "year": "2024", "quality": "HD", "description": "Ver en las profundidades del sena Cuevana3.La cient\u00edfica Sophie se ve obligada a enfrentarse a su tr\u00e1gico pasado para salvar Par\u00eds de un ba\u00f1o de sangre cuando un tibur\u00f3n gigante aparece en el Sena.", "genre": ["Suspense", "Terror", "Acci\u00f3n", "Misterio"], "country": "France", "director": "Xavier Gens", "actors": ["B\u00e9r\u00e9nice Bejo,", "Nassim Lyes,", "L\u00e9a L\u00e9viant,", "Nagisa Morimoto,", "Ana\u00efs Parello,", "I\u00f1aki Lartigue,", "Anne Marivin,", "Timi-Joy Marbot,", "Ricky Tribord,", "Aur\u00e9lia Petit,", "Sandra Parfait,", "Yannick Choirat,", "Patrick Ligardes,", "Victor Pontecorvo,", "Jean-Marc Bellu,", "St\u00e9phane Jacquot,", "Ibrahima Ba,", "Daouda Keita,", "Marvin Dubart,", "Monsieur Poulpe,", "Aksel \u00dcst\u00fcn,"], "views": 785}
[2024-07-01T23:50:38.778-0400] {logging_mixin.py:188} INFO - {"image_url": "https://i0.wp.com/www.themoviedb.org/t/p/w185/8RgGuC7w8JxhykauzTC4bwha1J8.jpg", "title": "Amigos imaginarios", "rating": 7.4, "duration": "1h 44m", "year": "2024", "quality": "HD", "description": "Ver amigos imaginarios Cuevana3.Una ni\u00f1a pasa por una experiencia dif\u00edcil y entonces empieza a ver a los amigos imaginarios de todo el mundo que se han ido quedando atr\u00e1s a medida que sus amigos de la vida real han ido creciendo.", "genre": ["Comedia", "Fantas\u00eda", "Familia"], "country": "United States", "director": "John Krasinski", "actors": ["Cailey Fleming,", "Ryan Reynolds,", "John Krasinski,", "Fiona Shaw,", "Steve Carell,", "Phoebe Waller-Bridge,", "Louis Gossett Jr.,", "Alan Kim,", "Liza Col\u00f3n-Zayas,", "Bobby Moynihan,", "Catharine Daddario,", "Audrey Hoffman,", "Laquet Sharnell Pringle,", "Ed Herbstman,", "Barbara Andres,", "Alexander Rivero,", "Shauna Pinkett,", "Sa'Raya Paris Johnson,", "Marta Siteiya Moipei,", "David Weissmann,", "Awkwafina,"], "views": 498}
[2024-07-01T23:50:38.797-0400] {logging_mixin.py:188} INFO - {"image_url": "https://i0.wp.com/www.themoviedb.org/t/p/w185/ww9s0QSZ06WIxyZAKAdg6nqfE5v.jpg", "title": "En las profundidades del Sena", "rating": 6.0, "duration": "1h 44m", "year": "2024", "quality": "HD", "description": "Ver en las profundidades del sena Cuevana3.La cient\u00edfica Sophie se ve obligada a enfrentarse a su tr\u00e1gico pasado para salvar Par\u00eds de un ba\u00f1o de sangre cuando un tibur\u00f3n gigante aparece en el Sena.", "genre": ["Suspense", "Terror", "Acci\u00f3n", "Misterio"], "country": "France", "director": "Xavier Gens", "actors": ["B\u00e9r\u00e9nice Bejo,", "Nassim Lyes,", "L\u00e9a L\u00e9viant,", "Nagisa Morimoto,", "Ana\u00efs Parello,", "I\u00f1aki Lartigue,", "Anne Marivin,", "Timi-Joy Marbot,", "Ricky Tribord,", "Aur\u00e9lia Petit,", "Sandra Parfait,", "Yannick Choirat,", "Patrick Ligardes,", "Victor Pontecorvo,", "Jean-Marc Bellu,", "St\u00e9phane Jacquot,", "Ibrahima Ba,", "Daouda Keita,", "Marvin Dubart,", "Monsieur Poulpe,", "Aksel \u00dcst\u00fcn,"], "views": 785}
[2024-07-01T23:50:38.817-0400] {logging_mixin.py:188} INFO - {"image_url": "https://i0.wp.com/www.themoviedb.org/t/p/w185/8RgGuC7w8JxhykauzTC4bwha1J8.jpg", "title": "Amigos imaginarios", "rating": 7.4, "duration": "1h 44m", "year": "2024", "quality": "HD", "description": "Ver amigos imaginarios Cuevana3.Una ni\u00f1a pasa por una experiencia dif\u00edcil y entonces empieza a ver a los amigos imaginarios de todo el mundo que se han ido quedando atr\u00e1s a medida que sus amigos de la vida real han ido creciendo.", "genre": ["Comedia", "Fantas\u00eda", "Familia"], "country": "United States", "director": "John Krasinski", "actors": ["Cailey Fleming,", "Ryan Reynolds,", "John Krasinski,", "Fiona Shaw,", "Steve Carell,", "Phoebe Waller-Bridge,", "Louis Gossett Jr.,", "Alan Kim,", "Liza Col\u00f3n-Zayas,", "Bobby Moynihan,", "Catharine Daddario,", "Audrey Hoffman,", "Laquet Sharnell Pringle,", "Ed Herbstman,", "Barbara Andres,", "Alexander Rivero,", "Shauna Pinkett,", "Sa'Raya Paris Johnson,", "Marta Siteiya Moipei,", "David Weissmann,", "Awkwafina,"], "views": 498}
[2024-07-01T23:50:38.838-0400] {logging_mixin.py:188} INFO - {"image_url": "https://i0.wp.com/www.themoviedb.org/t/p/w185/nDrUZE24mSB54cuHEjslMLvfFRQ.jpg", "title": "Los infalibles", "rating": 5.3, "duration": "1h 39m", "year": "2024", "quality": "HD", "description": "Ver los infalibles Cuevana3.Mientras una banda de ladrones lleva meses sembrando el caos en Par\u00eds y humillando a la polic\u00eda, el Ministro del Interior quiere sangre nueva para encabezar la investigaci\u00f3n: Alia, explosiva e ingobernable, Hugo, mejor estudiante y meticuloso.", "genre": ["Comedia", "Acci\u00f3n"], "country": "France", "director": "Fr\u00e9d\u00e9ric Forestier", "actors": ["In\u00e8s Reg,", "K\u00e9vin Debonne,", "Vincent Rottiers,", "Moussa Maaskri,", "Fran\u00e7ois Neycken,", "Pierre Olivier,", "Hugo Gonzalez,", "Daphn\u00e9 Huynh,", "Loriane Klupsch,", "Ad\u00e8le Sierra,", "K\u00e9vin Aza\u00efs,", "Philippe R\u00e9simont,", "Lionnel Astier,", "Julian Naceri,", "Majida Ghomari,", "Bachir Baccour,", "St\u00e9phanie Van Vyve,", "Pierre Lekeux,"], "views": 25}
[2024-07-01T23:50:38.852-0400] {logging_mixin.py:188} INFO - {"image_url": "https://i0.wp.com/www.themoviedb.org/t/p/w185/nDrUZE24mSB54cuHEjslMLvfFRQ.jpg", "title": "Los infalibles", "rating": 5.3, "duration": "1h 39m", "year": "2024", "quality": "HD", "description": "Ver los infalibles Cuevana3.Mientras una banda de ladrones lleva meses sembrando el caos en Par\u00eds y humillando a la polic\u00eda, el Ministro del Interior quiere sangre nueva para encabezar la investigaci\u00f3n: Alia, explosiva e ingobernable, Hugo, mejor estudiante y meticuloso.", "genre": ["Comedia", "Acci\u00f3n"], "country": "France", "director": "Fr\u00e9d\u00e9ric Forestier", "actors": ["In\u00e8s Reg,", "K\u00e9vin Debonne,", "Vincent Rottiers,", "Moussa Maaskri,", "Fran\u00e7ois Neycken,", "Pierre Olivier,", "Hugo Gonzalez,", "Daphn\u00e9 Huynh,", "Loriane Klupsch,", "Ad\u00e8le Sierra,", "K\u00e9vin Aza\u00efs,", "Philippe R\u00e9simont,", "Lionnel Astier,", "Julian Naceri,", "Majida Ghomari,", "Bachir Baccour,", "St\u00e9phanie Van Vyve,", "Pierre Lekeux,"], "views": 25}
[2024-07-01T23:50:38.869-0400] {logging_mixin.py:188} INFO - {"image_url": "https://i0.wp.com/www.themoviedb.org/t/p/w185/eIIklEb7D9MrRxsb4vyXnm08d0G.jpg", "title": "Sin tiempo para espiar: Una peli de Una casa de locos", "rating": 5.8, "duration": "1h 21m", "year": "2024", "quality": "HD", "description": "Ver sin tiempo para espiar: una peli de una casa de locos Cuevana3.Lincoln y los Loud est\u00e1n emocionados de dar la bienvenida a su nueva abuela, Myrtle, a la familia con una celebraci\u00f3n de boda tropical. Sin embargo, los festejos se ven interrumpidos cuando un viejo enemigo del pasado aparece en la isla, desatando una serie de eventos inesperados.", "genre": ["Animaci\u00f3n", "Acci\u00f3n", "Aventura", "Comedia", "Familia"], "country": "United States", "director": "Kyle Marshall", "actors": ["Bentley Griffin,", "Alex Cazares,", "Piotr Michael,", "Brian Stepanek,", "Amy Sedaris,", "Jessica DiCicco,", "Lara Jill Miller,", "Jill Talley,", "John DiMaggio,", "Grey DeLisle,", "Paul Wight,", "Catherine Taber,", "Chester Rushing,", "Jaeden White,", "Sarah Niles,", "Nika Futterman,", "Dan Fogler,", "Cristina Pucelli,", "Liliana Mumy,", "Khary Payton,", "Griffen Campbell,"], "views": 12}
[2024-07-01T23:50:38.886-0400] {logging_mixin.py:188} INFO - {"image_url": "https://i0.wp.com/www.themoviedb.org/t/p/w185/ns9Tr9fda1YuPK2k6BqwqmEOkgl.jpg", "title": "Bi\u00f3nicos", "rating": 5.5, "duration": "1h 50m", "year": "2024", "quality": "HD", "description": "Ver bi\u00f3nicos Cuevana3.Dos hermanas compiten en salto de longitud en un futuro dist\u00f3pico en el que las pr\u00f3tesis rob\u00f3ticas han redefinido el deporte. Su rivalidad las lleva por un siniestro camino.", "genre": ["Ciencia ficci\u00f3n", "Acci\u00f3n", "Aventura"], "country": "Brazil", "director": "Afonso Poyart", "actors": ["Jessica C\u00f3res,", "Bruno Gagliasso,", "Gabz,", "Christian Malheiros,", "Nill Marcondes,", "Guta Ruiz,", "Miguel Nader,", "M\u00e1rcio Fecher,", "Nicole Cordery,", "Emilly Nayara,", "Miguel Falabella,", "Klebber Toledo,", "Paulo Vilhena,", "Danton Mello,", "Erika Januza,", "Kagga Jayson,", "Luana Tanaka,"], "views": 93}
[2024-07-01T23:50:38.932-0400] {logging_mixin.py:188} INFO - {"image_url": "https://i0.wp.com/www.themoviedb.org/t/p/w185/ww9s0QSZ06WIxyZAKAdg6nqfE5v.jpg", "title": "En las profundidades del Sena", "rating": 6.0, "duration": "1h 44m", "year": "2024", "quality": "HD", "description": "Ver en las profundidades del sena Cuevana3.La cient\u00edfica Sophie se ve obligada a enfrentarse a su tr\u00e1gico pasado para salvar Par\u00eds de un ba\u00f1o de sangre cuando un tibur\u00f3n gigante aparece en el Sena.", "genre": ["Suspense", "Terror", "Acci\u00f3n", "Misterio"], "country": "France", "director": "Xavier Gens", "actors": ["B\u00e9r\u00e9nice Bejo,", "Nassim Lyes,", "L\u00e9a L\u00e9viant,", "Nagisa Morimoto,", "Ana\u00efs Parello,", "I\u00f1aki Lartigue,", "Anne Marivin,", "Timi-Joy Marbot,", "Ricky Tribord,", "Aur\u00e9lia Petit,", "Sandra Parfait,", "Yannick Choirat,", "Patrick Ligardes,", "Victor Pontecorvo,", "Jean-Marc Bellu,", "St\u00e9phane Jacquot,", "Ibrahima Ba,", "Daouda Keita,", "Marvin Dubart,", "Monsieur Poulpe,", "Aksel \u00dcst\u00fcn,"], "views": 785}
[2024-07-01T23:50:38.956-0400] {logging_mixin.py:188} INFO - {"image_url": "https://i0.wp.com/www.themoviedb.org/t/p/w185/8RgGuC7w8JxhykauzTC4bwha1J8.jpg", "title": "Amigos imaginarios", "rating": 7.4, "duration": "1h 44m", "year": "2024", "quality": "HD", "description": "Ver amigos imaginarios Cuevana3.Una ni\u00f1a pasa por una experiencia dif\u00edcil y entonces empieza a ver a los amigos imaginarios de todo el mundo que se han ido quedando atr\u00e1s a medida que sus amigos de la vida real han ido creciendo.", "genre": ["Comedia", "Fantas\u00eda", "Familia"], "country": "United States", "director": "John Krasinski", "actors": ["Cailey Fleming,", "Ryan Reynolds,", "John Krasinski,", "Fiona Shaw,", "Steve Carell,", "Phoebe Waller-Bridge,", "Louis Gossett Jr.,", "Alan Kim,", "Liza Col\u00f3n-Zayas,", "Bobby Moynihan,", "Catharine Daddario,", "Audrey Hoffman,", "Laquet Sharnell Pringle,", "Ed Herbstman,", "Barbara Andres,", "Alexander Rivero,", "Shauna Pinkett,", "Sa'Raya Paris Johnson,", "Marta Siteiya Moipei,", "David Weissmann,", "Awkwafina,"], "views": 498}
[2024-07-01T23:50:38.990-0400] {logging_mixin.py:188} INFO - {"image_url": "https://i0.wp.com/www.themoviedb.org/t/p/w185/eIIklEb7D9MrRxsb4vyXnm08d0G.jpg", "title": "Sin tiempo para espiar: Una peli de Una casa de locos", "rating": 5.8, "duration": "1h 21m", "year": "2024", "quality": "HD", "description": "Ver sin tiempo para espiar: una peli de una casa de locos Cuevana3.Lincoln y los Loud est\u00e1n emocionados de dar la bienvenida a su nueva abuela, Myrtle, a la familia con una celebraci\u00f3n de boda tropical. Sin embargo, los festejos se ven interrumpidos cuando un viejo enemigo del pasado aparece en la isla, desatando una serie de eventos inesperados.", "genre": ["Animaci\u00f3n", "Acci\u00f3n", "Aventura", "Comedia", "Familia"], "country": "United States", "director": "Kyle Marshall", "actors": ["Bentley Griffin,", "Alex Cazares,", "Piotr Michael,", "Brian Stepanek,", "Amy Sedaris,", "Jessica DiCicco,", "Lara Jill Miller,", "Jill Talley,", "John DiMaggio,", "Grey DeLisle,", "Paul Wight,", "Catherine Taber,", "Chester Rushing,", "Jaeden White,", "Sarah Niles,", "Nika Futterman,", "Dan Fogler,", "Cristina Pucelli,", "Liliana Mumy,", "Khary Payton,", "Griffen Campbell,"], "views": 12}
[2024-07-01T23:50:39.033-0400] {logging_mixin.py:188} INFO - {"image_url": "https://i0.wp.com/www.themoviedb.org/t/p/w185/ns9Tr9fda1YuPK2k6BqwqmEOkgl.jpg", "title": "Bi\u00f3nicos", "rating": 5.5, "duration": "1h 50m", "year": "2024", "quality": "HD", "description": "Ver bi\u00f3nicos Cuevana3.Dos hermanas compiten en salto de longitud en un futuro dist\u00f3pico en el que las pr\u00f3tesis rob\u00f3ticas han redefinido el deporte. Su rivalidad las lleva por un siniestro camino.", "genre": ["Ciencia ficci\u00f3n", "Acci\u00f3n", "Aventura"], "country": "Brazil", "director": "Afonso Poyart", "actors": ["Jessica C\u00f3res,", "Bruno Gagliasso,", "Gabz,", "Christian Malheiros,", "Nill Marcondes,", "Guta Ruiz,", "Miguel Nader,", "M\u00e1rcio Fecher,", "Nicole Cordery,", "Emilly Nayara,", "Miguel Falabella,", "Klebber Toledo,", "Paulo Vilhena,", "Danton Mello,", "Erika Januza,", "Kagga Jayson,", "Luana Tanaka,"], "views": 93}
[2024-07-01T23:50:39.060-0400] {logging_mixin.py:188} INFO - {"image_url": "https://i0.wp.com/www.themoviedb.org/t/p/w185/Adh7xmtgSIUGZBaMj9VLTmq2G8z.jpg", "title": "Tarot", "rating": 6.6, "duration": "1h 32m", "year": "2024", "quality": "HD", "description": "Ver tarot Cuevana3.Un grupo de amigos de la universidad comienzan a morir de maneras relacionadas con su fortuna despu\u00e9s de que les lean los hor\u00f3scopos.", "genre": ["Terror"], "country": "United States", "director": "Spenser Cohen", "actors": ["Harriet Slater,", "Adain Bradley,", "Avantika,", "Jacob Batalon,", "Humberly Gonz\u00e1lez,", "Wolfgang Novogratz,", "Larsen Thompson,", "Olwen Fou\u00e9r\u00e9,", "Sun\u010dica Milanovi\u0107,", "Alan Wells,", "Joss Carter,", "James Swanton,", "Sta\u0161a Nikoli\u0107,", "Anna Halberg,", "Cavin Cornwall,", "Lucy Ridley,", "Felix Leech,", "Vahidin Preli\u0107,", "Dunja Pavlovi\u0107,", "Vi\u0161nja Obradovi\u0107,"], "views": 612}
[2024-07-01T23:50:39.074-0400] {logging_mixin.py:188} INFO - {"image_url": "https://i0.wp.com/www.themoviedb.org/t/p/w185/3HoBhPg6T5st6K09QfZh4lGB0hz.jpg", "title": "La academia del Sr. Kleks", "rating": 6.1, "duration": "2h 10m", "year": "2024", "quality": "HD", "description": "Ver la academia del sr. kleks Cuevana3.En busca de su padre, que ha desaparecido, una adolescente aparentemente normal acepta asistir a una universidad m\u00e1gica dirigida por un profesor exc\u00e9ntrico, el Sr. Kleks.", "genre": ["Fantas\u00eda", "Aventura", "Familia"], "country": "Bulgaria", "director": "Maciej Kawulski", "actors": ["Antonina Litwiniak,", "Tomasz Kot,", "Piotr Fronczewski,", "Sebastian Stankiewicz,", "Agnieszka Grochowska,", "Danuta Stenka,", "Daniel Walasek,", "Konrad Repi\u0144ski,", "Igor Fernandez-Kowalczyk,", "Apolonia Ga\u0142\u0119ska,", "Daria Kalinchuk,", "Amelia Luty\u0144ska,", "Enkhkhangaluun Byambadul,", "Jan Makowski,", "Jana Jachimek,", "Liu Sitkowska,", "Maria Al Tlfah,", "Dima Al Tlfah,", "Nikodem Adamski,", "Julian Mr\u00f3wczy\u0144ski,", "Adam Panikowski,"], "views": 50}
[2024-07-01T23:50:39.094-0400] {logging_mixin.py:188} INFO - {"image_url": "https://i0.wp.com/www.themoviedb.org/t/p/w185/Adh7xmtgSIUGZBaMj9VLTmq2G8z.jpg", "title": "Tarot", "rating": 6.6, "duration": "1h 32m", "year": "2024", "quality": "HD", "description": "Ver tarot Cuevana3.Un grupo de amigos de la universidad comienzan a morir de maneras relacionadas con su fortuna despu\u00e9s de que les lean los hor\u00f3scopos.", "genre": ["Terror"], "country": "United States", "director": "Spenser Cohen", "actors": ["Harriet Slater,", "Adain Bradley,", "Avantika,", "Jacob Batalon,", "Humberly Gonz\u00e1lez,", "Wolfgang Novogratz,", "Larsen Thompson,", "Olwen Fou\u00e9r\u00e9,", "Sun\u010dica Milanovi\u0107,", "Alan Wells,", "Joss Carter,", "James Swanton,", "Sta\u0161a Nikoli\u0107,", "Anna Halberg,", "Cavin Cornwall,", "Lucy Ridley,", "Felix Leech,", "Vahidin Preli\u0107,", "Dunja Pavlovi\u0107,", "Vi\u0161nja Obradovi\u0107,"], "views": 612}
[2024-07-01T23:50:39.137-0400] {logging_mixin.py:188} INFO - {"image_url": "https://i0.wp.com/www.themoviedb.org/t/p/w185/5jI2vEHJReAx8iFDmhC2O3yW37w.jpg", "title": "Bad Boys: Ride or Die", "rating": 6.9, "duration": "1h 55m", "year": "2024", "quality": "HD", "description": "Ver bad boys: ride or die Cuevana3.Tras escuchar falsas acusaciones sobre su excapit\u00e1n y mentor Mike y Marcus deciden investigar el asunto incluso volverse los m\u00e1s buscados de ser necesarios", "genre": ["Acci\u00f3n", "Crimen", "Suspense", "Comedia"], "country": "United States", "director": "Adil El Arbi", "actors": ["Will Smith,", "Martin Lawrence,", "Vanessa Hudgens,", "Alexander Ludwig,", "Paola Nu\u00f1ez,", "Eric Dane,", "Ioan Gruffudd,", "Jacob Scipio,", "Melanie Liburd,", "Tasha Smith,", "Rhea Seehorn,", "Tiffany Haddish,", "Joe Pantoliano,", "DJ Khaled,", "John Salley,", "Bianca Bethune,", "Dennis McDonald,", "Quinn Hemphill,", "Michael Bay,", "Derek Russo,", "Karter Reese Newsome,"], "views": 460}
[2024-07-01T23:50:39.167-0400] {logging_mixin.py:188} INFO - {"image_url": "https://i0.wp.com/www.themoviedb.org/t/p/w185/5jI2vEHJReAx8iFDmhC2O3yW37w.jpg", "title": "Bad Boys: Ride or Die", "rating": 6.9, "duration": "1h 55m", "year": "2024", "quality": "HD", "description": "Ver bad boys: ride or die Cuevana3.Tras escuchar falsas acusaciones sobre su excapit\u00e1n y mentor Mike y Marcus deciden investigar el asunto incluso volverse los m\u00e1s buscados de ser necesarios", "genre": ["Acci\u00f3n", "Crimen", "Suspense", "Comedia"], "country": "United States", "director": "Adil El Arbi", "actors": ["Will Smith,", "Martin Lawrence,", "Vanessa Hudgens,", "Alexander Ludwig,", "Paola Nu\u00f1ez,", "Eric Dane,", "Ioan Gruffudd,", "Jacob Scipio,", "Melanie Liburd,", "Tasha Smith,", "Rhea Seehorn,", "Tiffany Haddish,", "Joe Pantoliano,", "DJ Khaled,", "John Salley,", "Bianca Bethune,", "Dennis McDonald,", "Quinn Hemphill,", "Michael Bay,", "Derek Russo,", "Karter Reese Newsome,"], "views": 460}
[2024-07-01T23:50:39.203-0400] {logging_mixin.py:188} INFO - {"image_url": "https://i0.wp.com/www.themoviedb.org/t/p/w185/3HoBhPg6T5st6K09QfZh4lGB0hz.jpg", "title": "La academia del Sr. Kleks", "rating": 6.1, "duration": "2h 10m", "year": "2024", "quality": "HD", "description": "Ver la academia del sr. kleks Cuevana3.En busca de su padre, que ha desaparecido, una adolescente aparentemente normal acepta asistir a una universidad m\u00e1gica dirigida por un profesor exc\u00e9ntrico, el Sr. Kleks.", "genre": ["Fantas\u00eda", "Aventura", "Familia"], "country": "Bulgaria", "director": "Maciej Kawulski", "actors": ["Antonina Litwiniak,", "Tomasz Kot,", "Piotr Fronczewski,", "Sebastian Stankiewicz,", "Agnieszka Grochowska,", "Danuta Stenka,", "Daniel Walasek,", "Konrad Repi\u0144ski,", "Igor Fernandez-Kowalczyk,", "Apolonia Ga\u0142\u0119ska,", "Daria Kalinchuk,", "Amelia Luty\u0144ska,", "Enkhkhangaluun Byambadul,", "Jan Makowski,", "Jana Jachimek,", "Liu Sitkowska,", "Maria Al Tlfah,", "Dima Al Tlfah,", "Nikodem Adamski,", "Julian Mr\u00f3wczy\u0144ski,", "Adam Panikowski,"], "views": 50}
[2024-07-01T23:50:39.224-0400] {logging_mixin.py:188} INFO - {"image_url": "https://i0.wp.com/www.themoviedb.org/t/p/w185/5jI2vEHJReAx8iFDmhC2O3yW37w.jpg", "title": "Bad Boys: Ride or Die", "rating": 6.9, "duration": "1h 55m", "year": "2024", "quality": "HD", "description": "Ver bad boys: ride or die Cuevana3.Tras escuchar falsas acusaciones sobre su excapit\u00e1n y mentor Mike y Marcus deciden investigar el asunto incluso volverse los m\u00e1s buscados de ser necesarios", "genre": ["Acci\u00f3n", "Crimen", "Suspense", "Comedia"], "country": "United States", "director": "Adil El Arbi", "actors": ["Will Smith,", "Martin Lawrence,", "Vanessa Hudgens,", "Alexander Ludwig,", "Paola Nu\u00f1ez,", "Eric Dane,", "Ioan Gruffudd,", "Jacob Scipio,", "Melanie Liburd,", "Tasha Smith,", "Rhea Seehorn,", "Tiffany Haddish,", "Joe Pantoliano,", "DJ Khaled,", "John Salley,", "Bianca Bethune,", "Dennis McDonald,", "Quinn Hemphill,", "Michael Bay,", "Derek Russo,", "Karter Reese Newsome,"], "views": 460}
[2024-07-01T23:50:39.247-0400] {logging_mixin.py:188} INFO - {"image_url": "https://i0.wp.com/www.themoviedb.org/t/p/w185/6BcxgP05jDip4Zjh2P5Be2aNi0Z.jpg", "title": "Gru 4. Mi villano favorito", "rating": 8.6, "duration": "1h 35m", "year": "2024", "quality": "HD", "description": "Ver gru 4. mi villano favorito Cuevana3.Gru, Lucy y las ni\u00f1as -Margo, Edith y Agnes- dan la bienvenida a un nuevo miembro en la familia: Gru Junior, que parece llegar con el prop\u00f3sito de ser un suplicio para su padre. Gru tendr\u00e1 que enfrentarse en esta ocasi\u00f3n a su nueva n\u00e9mesis Maxime Le Mal y su sofisticada y mal\u00e9vola novia Valentina, lo que obligar\u00e1 a la familia a tener que darse a la fuga. Cuarta entrega de 'Gru, mi villano favorito'.", "genre": ["Animaci\u00f3n", "Familia", "Comedia", "Acci\u00f3n"], "country": "United States", "director": "Chris Renaud", "actors": ["Steve Carell,", "Kristen Wiig,", "Will Ferrell,", "Sof\u00eda Vergara,", "Joey King,", "Stephen Colbert,", "Chloe Fineman,", "Miranda Cosgrove,", "Dana Gaier,", "Madison Polan,", "Pierre Coffin,", "Steve Coogan,", "Chris Renaud,", "Jason Segel,", "Benjamin Bratt,", "Trey Parker,", "Sandra Bullock,", "Jon Hamm,", "Taraji P. Henson,", "Russell Brand,"], "views": 65}
[2024-07-01T23:50:39.276-0400] {logging_mixin.py:188} INFO - {"image_url": "https://i0.wp.com/www.themoviedb.org/t/p/w185/6BcxgP05jDip4Zjh2P5Be2aNi0Z.jpg", "title": "Gru 4. Mi villano favorito", "rating": 8.6, "duration": "1h 35m", "year": "2024", "quality": "HD", "description": "Ver gru 4. mi villano favorito Cuevana3.Gru, Lucy y las ni\u00f1as -Margo, Edith y Agnes- dan la bienvenida a un nuevo miembro en la familia: Gru Junior, que parece llegar con el prop\u00f3sito de ser un suplicio para su padre. Gru tendr\u00e1 que enfrentarse en esta ocasi\u00f3n a su nueva n\u00e9mesis Maxime Le Mal y su sofisticada y mal\u00e9vola novia Valentina, lo que obligar\u00e1 a la familia a tener que darse a la fuga. Cuarta entrega de 'Gru, mi villano favorito'.", "genre": ["Animaci\u00f3n", "Familia", "Comedia", "Acci\u00f3n"], "country": "United States", "director": "Chris Renaud", "actors": ["Steve Carell,", "Kristen Wiig,", "Will Ferrell,", "Sof\u00eda Vergara,", "Joey King,", "Stephen Colbert,", "Chloe Fineman,", "Miranda Cosgrove,", "Dana Gaier,", "Madison Polan,", "Pierre Coffin,", "Steve Coogan,", "Chris Renaud,", "Jason Segel,", "Benjamin Bratt,", "Trey Parker,", "Sandra Bullock,", "Jon Hamm,", "Taraji P. Henson,", "Russell Brand,"], "views": 65}
[2024-07-01T23:50:39.306-0400] {logging_mixin.py:188} INFO - {"image_url": "https://i0.wp.com/www.themoviedb.org/t/p/w185/3HoBhPg6T5st6K09QfZh4lGB0hz.jpg", "title": "La academia del Sr. Kleks", "rating": 6.1, "duration": "2h 10m", "year": "2024", "quality": "HD", "description": "Ver la academia del sr. kleks Cuevana3.En busca de su padre, que ha desaparecido, una adolescente aparentemente normal acepta asistir a una universidad m\u00e1gica dirigida por un profesor exc\u00e9ntrico, el Sr. Kleks.", "genre": ["Fantas\u00eda", "Aventura", "Familia"], "country": "Bulgaria", "director": "Maciej Kawulski", "actors": ["Antonina Litwiniak,", "Tomasz Kot,", "Piotr Fronczewski,", "Sebastian Stankiewicz,", "Agnieszka Grochowska,", "Danuta Stenka,", "Daniel Walasek,", "Konrad Repi\u0144ski,", "Igor Fernandez-Kowalczyk,", "Apolonia Ga\u0142\u0119ska,", "Daria Kalinchuk,", "Amelia Luty\u0144ska,", "Enkhkhangaluun Byambadul,", "Jan Makowski,", "Jana Jachimek,", "Liu Sitkowska,", "Maria Al Tlfah,", "Dima Al Tlfah,", "Nikodem Adamski,", "Julian Mr\u00f3wczy\u0144ski,", "Adam Panikowski,"], "views": 50}
[2024-07-01T23:50:39.328-0400] {logging_mixin.py:188} INFO - {"image_url": "https://i0.wp.com/www.themoviedb.org/t/p/w185/3HoBhPg6T5st6K09QfZh4lGB0hz.jpg", "title": "La academia del Sr. Kleks", "rating": 6.1, "duration": "2h 10m", "year": "2024", "quality": "HD", "description": "Ver la academia del sr. kleks Cuevana3.En busca de su padre, que ha desaparecido, una adolescente aparentemente normal acepta asistir a una universidad m\u00e1gica dirigida por un profesor exc\u00e9ntrico, el Sr. Kleks.", "genre": ["Fantas\u00eda", "Aventura", "Familia"], "country": "Bulgaria", "director": "Maciej Kawulski", "actors": ["Antonina Litwiniak,", "Tomasz Kot,", "Piotr Fronczewski,", "Sebastian Stankiewicz,", "Agnieszka Grochowska,", "Danuta Stenka,", "Daniel Walasek,", "Konrad Repi\u0144ski,", "Igor Fernandez-Kowalczyk,", "Apolonia Ga\u0142\u0119ska,", "Daria Kalinchuk,", "Amelia Luty\u0144ska,", "Enkhkhangaluun Byambadul,", "Jan Makowski,", "Jana Jachimek,", "Liu Sitkowska,", "Maria Al Tlfah,", "Dima Al Tlfah,", "Nikodem Adamski,", "Julian Mr\u00f3wczy\u0144ski,", "Adam Panikowski,"], "views": 50}
[2024-07-01T23:50:39.380-0400] {logging_mixin.py:188} INFO - {"image_url": "https://i0.wp.com/www.themoviedb.org/t/p/w185/6BcxgP05jDip4Zjh2P5Be2aNi0Z.jpg", "title": "Gru 4. Mi villano favorito", "rating": 8.6, "duration": "1h 35m", "year": "2024", "quality": "HD", "description": "Ver gru 4. mi villano favorito Cuevana3.Gru, Lucy y las ni\u00f1as -Margo, Edith y Agnes- dan la bienvenida a un nuevo miembro en la familia: Gru Junior, que parece llegar con el prop\u00f3sito de ser un suplicio para su padre. Gru tendr\u00e1 que enfrentarse en esta ocasi\u00f3n a su nueva n\u00e9mesis Maxime Le Mal y su sofisticada y mal\u00e9vola novia Valentina, lo que obligar\u00e1 a la familia a tener que darse a la fuga. Cuarta entrega de 'Gru, mi villano favorito'.", "genre": ["Animaci\u00f3n", "Familia", "Comedia", "Acci\u00f3n"], "country": "United States", "director": "Chris Renaud", "actors": ["Steve Carell,", "Kristen Wiig,", "Will Ferrell,", "Sof\u00eda Vergara,", "Joey King,", "Stephen Colbert,", "Chloe Fineman,", "Miranda Cosgrove,", "Dana Gaier,", "Madison Polan,", "Pierre Coffin,", "Steve Coogan,", "Chris Renaud,", "Jason Segel,", "Benjamin Bratt,", "Trey Parker,", "Sandra Bullock,", "Jon Hamm,", "Taraji P. Henson,", "Russell Brand,"], "views": 65}
[2024-07-01T23:50:39.418-0400] {logging_mixin.py:188} INFO - {"image_url": "https://i0.wp.com/www.themoviedb.org/t/p/w185/5jI2vEHJReAx8iFDmhC2O3yW37w.jpg", "title": "Bad Boys: Ride or Die", "rating": 6.9, "duration": "1h 55m", "year": "2024", "quality": "HD", "description": "Ver bad boys: ride or die Cuevana3.Tras escuchar falsas acusaciones sobre su excapit\u00e1n y mentor Mike y Marcus deciden investigar el asunto incluso volverse los m\u00e1s buscados de ser necesarios", "genre": ["Acci\u00f3n", "Crimen", "Suspense", "Comedia"], "country": "United States", "director": "Adil El Arbi", "actors": ["Will Smith,", "Martin Lawrence,", "Vanessa Hudgens,", "Alexander Ludwig,", "Paola Nu\u00f1ez,", "Eric Dane,", "Ioan Gruffudd,", "Jacob Scipio,", "Melanie Liburd,", "Tasha Smith,", "Rhea Seehorn,", "Tiffany Haddish,", "Joe Pantoliano,", "DJ Khaled,", "John Salley,", "Bianca Bethune,", "Dennis McDonald,", "Quinn Hemphill,", "Michael Bay,", "Derek Russo,", "Karter Reese Newsome,"], "views": 460}
[2024-07-01T23:50:39.449-0400] {logging_mixin.py:188} INFO - {"image_url": "https://i0.wp.com/www.themoviedb.org/t/p/w185/Adh7xmtgSIUGZBaMj9VLTmq2G8z.jpg", "title": "Tarot", "rating": 6.6, "duration": "1h 32m", "year": "2024", "quality": "HD", "description": "Ver tarot Cuevana3.Un grupo de amigos de la universidad comienzan a morir de maneras relacionadas con su fortuna despu\u00e9s de que les lean los hor\u00f3scopos.", "genre": ["Terror"], "country": "United States", "director": "Spenser Cohen", "actors": ["Harriet Slater,", "Adain Bradley,", "Avantika,", "Jacob Batalon,", "Humberly Gonz\u00e1lez,", "Wolfgang Novogratz,", "Larsen Thompson,", "Olwen Fou\u00e9r\u00e9,", "Sun\u010dica Milanovi\u0107,", "Alan Wells,", "Joss Carter,", "James Swanton,", "Sta\u0161a Nikoli\u0107,", "Anna Halberg,", "Cavin Cornwall,", "Lucy Ridley,", "Felix Leech,", "Vahidin Preli\u0107,", "Dunja Pavlovi\u0107,", "Vi\u0161nja Obradovi\u0107,"], "views": 612}
[2024-07-01T23:50:39.478-0400] {logging_mixin.py:188} INFO - {"image_url": "https://i0.wp.com/www.themoviedb.org/t/p/w185/6BcxgP05jDip4Zjh2P5Be2aNi0Z.jpg", "title": "Gru 4. Mi villano favorito", "rating": 8.6, "duration": "1h 35m", "year": "2024", "quality": "HD", "description": "Ver gru 4. mi villano favorito Cuevana3.Gru, Lucy y las ni\u00f1as -Margo, Edith y Agnes- dan la bienvenida a un nuevo miembro en la familia: Gru Junior, que parece llegar con el prop\u00f3sito de ser un suplicio para su padre. Gru tendr\u00e1 que enfrentarse en esta ocasi\u00f3n a su nueva n\u00e9mesis Maxime Le Mal y su sofisticada y mal\u00e9vola novia Valentina, lo que obligar\u00e1 a la familia a tener que darse a la fuga. Cuarta entrega de 'Gru, mi villano favorito'.", "genre": ["Animaci\u00f3n", "Familia", "Comedia", "Acci\u00f3n"], "country": "United States", "director": "Chris Renaud", "actors": ["Steve Carell,", "Kristen Wiig,", "Will Ferrell,", "Sof\u00eda Vergara,", "Joey King,", "Stephen Colbert,", "Chloe Fineman,", "Miranda Cosgrove,", "Dana Gaier,", "Madison Polan,", "Pierre Coffin,", "Steve Coogan,", "Chris Renaud,", "Jason Segel,", "Benjamin Bratt,", "Trey Parker,", "Sandra Bullock,", "Jon Hamm,", "Taraji P. Henson,", "Russell Brand,"], "views": 65}
[2024-07-01T23:50:39.491-0400] {logging_mixin.py:188} INFO - {"image_url": "https://i0.wp.com/www.themoviedb.org/t/p/w185/Adh7xmtgSIUGZBaMj9VLTmq2G8z.jpg", "title": "Tarot", "rating": 6.6, "duration": "1h 32m", "year": "2024", "quality": "HD", "description": "Ver tarot Cuevana3.Un grupo de amigos de la universidad comienzan a morir de maneras relacionadas con su fortuna despu\u00e9s de que les lean los hor\u00f3scopos.", "genre": ["Terror"], "country": "United States", "director": "Spenser Cohen", "actors": ["Harriet Slater,", "Adain Bradley,", "Avantika,", "Jacob Batalon,", "Humberly Gonz\u00e1lez,", "Wolfgang Novogratz,", "Larsen Thompson,", "Olwen Fou\u00e9r\u00e9,", "Sun\u010dica Milanovi\u0107,", "Alan Wells,", "Joss Carter,", "James Swanton,", "Sta\u0161a Nikoli\u0107,", "Anna Halberg,", "Cavin Cornwall,", "Lucy Ridley,", "Felix Leech,", "Vahidin Preli\u0107,", "Dunja Pavlovi\u0107,", "Vi\u0161nja Obradovi\u0107,"], "views": 612}
[2024-07-01T23:50:41.499-0400] {logging_mixin.py:188} INFO - No se recibieron más mensajes, terminando la ejecución.
[2024-07-01T23:50:41.555-0400] {python.py:237} INFO - Done. Returned value was: None
[2024-07-01T23:50:41.558-0400] {taskinstance.py:441} INFO - ::group::Post task execution logs
[2024-07-01T23:50:41.570-0400] {taskinstance.py:1206} INFO - Marking task as SUCCESS. dag_id=api_cuevana3_movie, task_id=execute_post_details_fasapi, run_id=scheduled__2024-07-01T00:00:00+00:00, execution_date=20240701T000000, start_date=20240702T034850, end_date=20240702T035041
[2024-07-01T23:50:41.650-0400] {local_task_job_runner.py:240} INFO - Task exited with return code 0
[2024-07-01T23:50:41.709-0400] {taskinstance.py:3503} INFO - 0 downstream tasks scheduled from follow-on schedule check
[2024-07-01T23:50:41.711-0400] {local_task_job_runner.py:222} INFO - ::endgroup::
[2024-07-01T23:54:46.946-0400] {local_task_job_runner.py:120} INFO - ::group::Pre task execution logs
[2024-07-01T23:54:46.962-0400] {taskinstance.py:2076} INFO - Dependencies all met for dep_context=non-requeueable deps ti=<TaskInstance: api_cuevana3_movie.execute_post_details_fasapi scheduled__2024-07-01T00:00:00+00:00 [queued]>
[2024-07-01T23:54:46.967-0400] {taskinstance.py:2076} INFO - Dependencies all met for dep_context=requeueable deps ti=<TaskInstance: api_cuevana3_movie.execute_post_details_fasapi scheduled__2024-07-01T00:00:00+00:00 [queued]>
[2024-07-01T23:54:46.967-0400] {taskinstance.py:2306} INFO - Starting attempt 1 of 1
[2024-07-01T23:54:46.983-0400] {taskinstance.py:2330} INFO - Executing <Task(PythonOperator): execute_post_details_fasapi> on 2024-07-01 00:00:00+00:00
[2024-07-01T23:54:46.987-0400] {standard_task_runner.py:63} INFO - Started process 466240 to run task
[2024-07-01T23:54:46.989-0400] {standard_task_runner.py:90} INFO - Running: ['airflow', 'tasks', 'run', 'api_cuevana3_movie', 'execute_post_details_fasapi', 'scheduled__2024-07-01T00:00:00+00:00', '--job-id', '931', '--raw', '--subdir', 'DAGS_FOLDER/movie_recommend.py', '--cfg-path', '/tmp/tmpe7hlf9mv']
[2024-07-01T23:54:46.991-0400] {standard_task_runner.py:91} INFO - Job 931: Subtask execute_post_details_fasapi
[2024-07-01T23:54:47.024-0400] {task_command.py:426} INFO - Running <TaskInstance: api_cuevana3_movie.execute_post_details_fasapi scheduled__2024-07-01T00:00:00+00:00 [running]> on host walter-VirtualBox
[2024-07-01T23:54:47.092-0400] {taskinstance.py:2648} INFO - Exporting env vars: AIRFLOW_CTX_DAG_OWNER='airflow' AIRFLOW_CTX_DAG_ID='api_cuevana3_movie' AIRFLOW_CTX_TASK_ID='execute_post_details_fasapi' AIRFLOW_CTX_EXECUTION_DATE='2024-07-01T00:00:00+00:00' AIRFLOW_CTX_TRY_NUMBER='1' AIRFLOW_CTX_DAG_RUN_ID='scheduled__2024-07-01T00:00:00+00:00'
[2024-07-01T23:54:47.093-0400] {taskinstance.py:430} INFO - ::endgroup::
[2024-07-01T23:54:56.556-0400] {taskinstance.py:441} INFO - ::group::Post task execution logs
[2024-07-01T23:54:56.557-0400] {taskinstance.py:2905} ERROR - Task failed with exception
Traceback (most recent call last):
  File "/home/walter/Documentos/rakuntentv/venv/lib/python3.12/site-packages/urllib3/connectionpool.py", line 789, in urlopen
    response = self._make_request(
               ^^^^^^^^^^^^^^^^^^^
  File "/home/walter/Documentos/rakuntentv/venv/lib/python3.12/site-packages/urllib3/connectionpool.py", line 536, in _make_request
    response = conn.getresponse()
               ^^^^^^^^^^^^^^^^^^
  File "/home/walter/Documentos/rakuntentv/venv/lib/python3.12/site-packages/urllib3/connection.py", line 464, in getresponse
    httplib_response = super().getresponse()
                       ^^^^^^^^^^^^^^^^^^^^^
  File "/usr/lib/python3.12/http/client.py", line 1428, in getresponse
    response.begin()
  File "/usr/lib/python3.12/http/client.py", line 331, in begin
    version, status, reason = self._read_status()
                              ^^^^^^^^^^^^^^^^^^^
  File "/usr/lib/python3.12/http/client.py", line 300, in _read_status
    raise RemoteDisconnected("Remote end closed connection without"
http.client.RemoteDisconnected: Remote end closed connection without response

During handling of the above exception, another exception occurred:

Traceback (most recent call last):
  File "/home/walter/Documentos/rakuntentv/venv/lib/python3.12/site-packages/requests/adapters.py", line 667, in send
    resp = conn.urlopen(
           ^^^^^^^^^^^^^
  File "/home/walter/Documentos/rakuntentv/venv/lib/python3.12/site-packages/urllib3/connectionpool.py", line 843, in urlopen
    retries = retries.increment(
              ^^^^^^^^^^^^^^^^^^
  File "/home/walter/Documentos/rakuntentv/venv/lib/python3.12/site-packages/urllib3/util/retry.py", line 474, in increment
    raise reraise(type(error), error, _stacktrace)
          ^^^^^^^^^^^^^^^^^^^^^^^^^^^^^^^^^^^^^^^^
  File "/home/walter/Documentos/rakuntentv/venv/lib/python3.12/site-packages/urllib3/util/util.py", line 38, in reraise
    raise value.with_traceback(tb)
  File "/home/walter/Documentos/rakuntentv/venv/lib/python3.12/site-packages/urllib3/connectionpool.py", line 789, in urlopen
    response = self._make_request(
               ^^^^^^^^^^^^^^^^^^^
  File "/home/walter/Documentos/rakuntentv/venv/lib/python3.12/site-packages/urllib3/connectionpool.py", line 536, in _make_request
    response = conn.getresponse()
               ^^^^^^^^^^^^^^^^^^
  File "/home/walter/Documentos/rakuntentv/venv/lib/python3.12/site-packages/urllib3/connection.py", line 464, in getresponse
    httplib_response = super().getresponse()
                       ^^^^^^^^^^^^^^^^^^^^^
  File "/usr/lib/python3.12/http/client.py", line 1428, in getresponse
    response.begin()
  File "/usr/lib/python3.12/http/client.py", line 331, in begin
    version, status, reason = self._read_status()
                              ^^^^^^^^^^^^^^^^^^^
  File "/usr/lib/python3.12/http/client.py", line 300, in _read_status
    raise RemoteDisconnected("Remote end closed connection without"
urllib3.exceptions.ProtocolError: ('Connection aborted.', RemoteDisconnected('Remote end closed connection without response'))

During handling of the above exception, another exception occurred:

Traceback (most recent call last):
  File "/home/walter/Documentos/rakuntentv/venv/lib/python3.12/site-packages/airflow/models/taskinstance.py", line 465, in _execute_task
    result = _execute_callable(context=context, **execute_callable_kwargs)
             ^^^^^^^^^^^^^^^^^^^^^^^^^^^^^^^^^^^^^^^^^^^^^^^^^^^^^^^^^^^^^
  File "/home/walter/Documentos/rakuntentv/venv/lib/python3.12/site-packages/airflow/models/taskinstance.py", line 432, in _execute_callable
    return execute_callable(context=context, **execute_callable_kwargs)
           ^^^^^^^^^^^^^^^^^^^^^^^^^^^^^^^^^^^^^^^^^^^^^^^^^^^^^^^^^^^^
  File "/home/walter/Documentos/rakuntentv/venv/lib/python3.12/site-packages/airflow/models/baseoperator.py", line 401, in wrapper
    return func(self, *args, **kwargs)
           ^^^^^^^^^^^^^^^^^^^^^^^^^^^
  File "/home/walter/Documentos/rakuntentv/venv/lib/python3.12/site-packages/airflow/operators/python.py", line 235, in execute
    return_value = self.execute_callable()
                   ^^^^^^^^^^^^^^^^^^^^^^^
  File "/home/walter/Documentos/rakuntentv/venv/lib/python3.12/site-packages/airflow/operators/python.py", line 252, in execute_callable
    return self.python_callable(*self.op_args, **self.op_kwargs)
           ^^^^^^^^^^^^^^^^^^^^^^^^^^^^^^^^^^^^^^^^^^^^^^^^^^^^^
  File "/home/walter/Documentos/rakuntentv/airflow/dags/movie_recommend.py", line 57, in execute_post_details_fasapi
    response = requests.post(api_url)
               ^^^^^^^^^^^^^^^^^^^^^^
  File "/home/walter/Documentos/rakuntentv/venv/lib/python3.12/site-packages/requests/api.py", line 115, in post
    return request("post", url, data=data, json=json, **kwargs)
           ^^^^^^^^^^^^^^^^^^^^^^^^^^^^^^^^^^^^^^^^^^^^^^^^^^^^
  File "/home/walter/Documentos/rakuntentv/venv/lib/python3.12/site-packages/requests/api.py", line 59, in request
    return session.request(method=method, url=url, **kwargs)
           ^^^^^^^^^^^^^^^^^^^^^^^^^^^^^^^^^^^^^^^^^^^^^^^^^
  File "/home/walter/Documentos/rakuntentv/venv/lib/python3.12/site-packages/requests/sessions.py", line 589, in request
    resp = self.send(prep, **send_kwargs)
           ^^^^^^^^^^^^^^^^^^^^^^^^^^^^^^
  File "/home/walter/Documentos/rakuntentv/venv/lib/python3.12/site-packages/requests/sessions.py", line 703, in send
    r = adapter.send(request, **kwargs)
        ^^^^^^^^^^^^^^^^^^^^^^^^^^^^^^^
  File "/home/walter/Documentos/rakuntentv/venv/lib/python3.12/site-packages/requests/adapters.py", line 682, in send
    raise ConnectionError(err, request=request)
requests.exceptions.ConnectionError: ('Connection aborted.', RemoteDisconnected('Remote end closed connection without response'))
[2024-07-01T23:54:56.569-0400] {taskinstance.py:1206} INFO - Marking task as FAILED. dag_id=api_cuevana3_movie, task_id=execute_post_details_fasapi, run_id=scheduled__2024-07-01T00:00:00+00:00, execution_date=20240701T000000, start_date=20240702T035446, end_date=20240702T035456
[2024-07-01T23:54:56.598-0400] {standard_task_runner.py:110} ERROR - Failed to execute job 931 for task execute_post_details_fasapi (('Connection aborted.', RemoteDisconnected('Remote end closed connection without response')); 466240)
[2024-07-01T23:54:56.617-0400] {local_task_job_runner.py:240} INFO - Task exited with return code 1
[2024-07-01T23:54:56.662-0400] {taskinstance.py:3503} INFO - 0 downstream tasks scheduled from follow-on schedule check
[2024-07-01T23:54:56.701-0400] {local_task_job_runner.py:222} INFO - ::endgroup::
[2024-07-02T09:19:55.384-0400] {local_task_job_runner.py:120} INFO - ::group::Pre task execution logs
[2024-07-02T09:19:55.403-0400] {taskinstance.py:2076} INFO - Dependencies all met for dep_context=non-requeueable deps ti=<TaskInstance: api_cuevana3_movie.execute_post_details_fasapi scheduled__2024-07-01T00:00:00+00:00 [queued]>
[2024-07-02T09:19:55.408-0400] {taskinstance.py:2076} INFO - Dependencies all met for dep_context=requeueable deps ti=<TaskInstance: api_cuevana3_movie.execute_post_details_fasapi scheduled__2024-07-01T00:00:00+00:00 [queued]>
[2024-07-02T09:19:55.409-0400] {taskinstance.py:2306} INFO - Starting attempt 1 of 1
[2024-07-02T09:19:55.426-0400] {taskinstance.py:2330} INFO - Executing <Task(PythonOperator): execute_post_details_fasapi> on 2024-07-01 00:00:00+00:00
[2024-07-02T09:19:55.433-0400] {standard_task_runner.py:63} INFO - Started process 474938 to run task
[2024-07-02T09:19:55.436-0400] {standard_task_runner.py:90} INFO - Running: ['airflow', 'tasks', 'run', 'api_cuevana3_movie', 'execute_post_details_fasapi', 'scheduled__2024-07-01T00:00:00+00:00', '--job-id', '946', '--raw', '--subdir', 'DAGS_FOLDER/movie_recommend.py', '--cfg-path', '/tmp/tmpejhjyutt']
[2024-07-02T09:19:55.437-0400] {standard_task_runner.py:91} INFO - Job 946: Subtask execute_post_details_fasapi
[2024-07-02T09:19:55.504-0400] {task_command.py:426} INFO - Running <TaskInstance: api_cuevana3_movie.execute_post_details_fasapi scheduled__2024-07-01T00:00:00+00:00 [running]> on host walter-VirtualBox
[2024-07-02T09:19:55.629-0400] {taskinstance.py:2648} INFO - Exporting env vars: AIRFLOW_CTX_DAG_OWNER='airflow' AIRFLOW_CTX_DAG_ID='api_cuevana3_movie' AIRFLOW_CTX_TASK_ID='execute_post_details_fasapi' AIRFLOW_CTX_EXECUTION_DATE='2024-07-01T00:00:00+00:00' AIRFLOW_CTX_TRY_NUMBER='1' AIRFLOW_CTX_DAG_RUN_ID='scheduled__2024-07-01T00:00:00+00:00'
[2024-07-02T09:19:55.630-0400] {taskinstance.py:430} INFO - ::endgroup::
[2024-07-02T09:21:47.885-0400] {logging_mixin.py:188} INFO - Scraping movie details running successfully
[2024-07-02T09:21:50.016-0400] {logging_mixin.py:188} INFO - No se recibieron más mensajes, terminando la ejecución.
[2024-07-02T09:21:50.044-0400] {logging_mixin.py:188} INFO - {"image_url": "https://i0.wp.com/www.themoviedb.org/t/p/w185/jGOi939xU8BDRfAAhN6eiTSf3H8.jpg", "title": "Un lugar tranquilo: D\u00eda uno", "rating": 6.9, "duration": "1h 39m", "year": "2024", "quality": "HD", "description": "Ver un lugar tranquilo: d\u00eda uno Cuevana3.Una mujer llamada Sam trata de sobrevivir a una invasi\u00f3n en la ciudad de Nueva York por criaturas alien\u00edgenas sedientas de sangre con o\u00eddos ultras\u00f3nicos. Tercera entrega de la saga.", "genre": ["Terror", "Ciencia ficci\u00f3n", "Suspense"], "country": "United States", "director": "Michael Sarnoski", "actors": ["Lupita Nyong'o,", "Joseph Quinn,", "Alex Wolff,", "Djimon Hounsou,", "Cain Aiden,", "Jennifer Woodward,", "Elijah Ungvary,", "Alfie Todd,", "Eliane Umuhire,", "Ronnie Le Drew,", "Choy-Ling Man,", "Benjamin Wong,", "Michael Roberts,", "Thara Sch\u00f6\u00f6n,", "Thea Butler,"], "views": 169}
[2024-07-02T09:21:50.050-0400] {python.py:237} INFO - Done. Returned value was: None
[2024-07-02T09:21:50.059-0400] {taskinstance.py:441} INFO - ::group::Post task execution logs
[2024-07-02T09:21:50.076-0400] {taskinstance.py:1206} INFO - Marking task as SUCCESS. dag_id=api_cuevana3_movie, task_id=execute_post_details_fasapi, run_id=scheduled__2024-07-01T00:00:00+00:00, execution_date=20240701T000000, start_date=20240702T131955, end_date=20240702T132150
[2024-07-02T09:21:50.146-0400] {local_task_job_runner.py:240} INFO - Task exited with return code 0
[2024-07-02T09:21:50.163-0400] {taskinstance.py:3503} INFO - 0 downstream tasks scheduled from follow-on schedule check
[2024-07-02T09:21:50.163-0400] {local_task_job_runner.py:222} INFO - ::endgroup::
[2024-07-02T10:13:41.940-0400] {local_task_job_runner.py:120} INFO - ::group::Pre task execution logs
[2024-07-02T10:13:41.959-0400] {taskinstance.py:2076} INFO - Dependencies all met for dep_context=non-requeueable deps ti=<TaskInstance: api_cuevana3_movie.execute_post_details_fasapi scheduled__2024-07-01T00:00:00+00:00 [queued]>
[2024-07-02T10:13:41.974-0400] {taskinstance.py:2076} INFO - Dependencies all met for dep_context=requeueable deps ti=<TaskInstance: api_cuevana3_movie.execute_post_details_fasapi scheduled__2024-07-01T00:00:00+00:00 [queued]>
[2024-07-02T10:13:41.975-0400] {taskinstance.py:2306} INFO - Starting attempt 1 of 1
[2024-07-02T10:13:41.998-0400] {taskinstance.py:2330} INFO - Executing <Task(PythonOperator): execute_post_details_fasapi> on 2024-07-01 00:00:00+00:00
[2024-07-02T10:13:42.004-0400] {standard_task_runner.py:63} INFO - Started process 491322 to run task
[2024-07-02T10:13:42.007-0400] {standard_task_runner.py:90} INFO - Running: ['airflow', 'tasks', 'run', 'api_cuevana3_movie', 'execute_post_details_fasapi', 'scheduled__2024-07-01T00:00:00+00:00', '--job-id', '1128', '--raw', '--subdir', 'DAGS_FOLDER/movie_recommend.py', '--cfg-path', '/tmp/tmpen0ordmf']
[2024-07-02T10:13:42.008-0400] {standard_task_runner.py:91} INFO - Job 1128: Subtask execute_post_details_fasapi
[2024-07-02T10:13:42.058-0400] {task_command.py:426} INFO - Running <TaskInstance: api_cuevana3_movie.execute_post_details_fasapi scheduled__2024-07-01T00:00:00+00:00 [running]> on host walter-VirtualBox
[2024-07-02T10:13:42.136-0400] {taskinstance.py:2648} INFO - Exporting env vars: AIRFLOW_CTX_DAG_OWNER='airflow' AIRFLOW_CTX_DAG_ID='api_cuevana3_movie' AIRFLOW_CTX_TASK_ID='execute_post_details_fasapi' AIRFLOW_CTX_EXECUTION_DATE='2024-07-01T00:00:00+00:00' AIRFLOW_CTX_TRY_NUMBER='1' AIRFLOW_CTX_DAG_RUN_ID='scheduled__2024-07-01T00:00:00+00:00'
[2024-07-02T10:13:42.136-0400] {taskinstance.py:430} INFO - ::endgroup::
[2024-07-02T10:14:35.405-0400] {python.py:237} INFO - Done. Returned value was: None
[2024-07-02T10:14:35.406-0400] {taskinstance.py:441} INFO - ::group::Post task execution logs
[2024-07-02T10:14:35.411-0400] {taskinstance.py:1206} INFO - Marking task as SUCCESS. dag_id=api_cuevana3_movie, task_id=execute_post_details_fasapi, run_id=scheduled__2024-07-01T00:00:00+00:00, execution_date=20240701T000000, start_date=20240702T141341, end_date=20240702T141435
[2024-07-02T10:14:35.455-0400] {local_task_job_runner.py:240} INFO - Task exited with return code 0
[2024-07-02T10:14:35.481-0400] {taskinstance.py:3503} INFO - 3 downstream tasks scheduled from follow-on schedule check
[2024-07-02T10:14:35.489-0400] {local_task_job_runner.py:222} INFO - ::endgroup::
[2024-07-02T10:51:51.031-0400] {local_task_job_runner.py:120} INFO - ::group::Pre task execution logs
[2024-07-02T10:51:51.056-0400] {taskinstance.py:2076} INFO - Dependencies all met for dep_context=non-requeueable deps ti=<TaskInstance: api_cuevana3_movie.execute_post_details_fasapi scheduled__2024-07-01T00:00:00+00:00 [queued]>
[2024-07-02T10:51:51.066-0400] {taskinstance.py:2076} INFO - Dependencies all met for dep_context=requeueable deps ti=<TaskInstance: api_cuevana3_movie.execute_post_details_fasapi scheduled__2024-07-01T00:00:00+00:00 [queued]>
[2024-07-02T10:51:51.067-0400] {taskinstance.py:2306} INFO - Starting attempt 1 of 1
[2024-07-02T10:51:51.133-0400] {taskinstance.py:2330} INFO - Executing <Task(PythonOperator): execute_post_details_fasapi> on 2024-07-01 00:00:00+00:00
[2024-07-02T10:51:51.141-0400] {standard_task_runner.py:63} INFO - Started process 499565 to run task
[2024-07-02T10:51:51.175-0400] {standard_task_runner.py:90} INFO - Running: ['airflow', 'tasks', 'run', 'api_cuevana3_movie', 'execute_post_details_fasapi', 'scheduled__2024-07-01T00:00:00+00:00', '--job-id', '1317', '--raw', '--subdir', 'DAGS_FOLDER/movie_recommend.py', '--cfg-path', '/tmp/tmpptqkher7']
[2024-07-02T10:51:51.220-0400] {standard_task_runner.py:91} INFO - Job 1317: Subtask execute_post_details_fasapi
[2024-07-02T10:51:51.422-0400] {task_command.py:426} INFO - Running <TaskInstance: api_cuevana3_movie.execute_post_details_fasapi scheduled__2024-07-01T00:00:00+00:00 [running]> on host walter-VirtualBox
[2024-07-02T10:51:51.577-0400] {taskinstance.py:2648} INFO - Exporting env vars: AIRFLOW_CTX_DAG_OWNER='airflow' AIRFLOW_CTX_DAG_ID='api_cuevana3_movie' AIRFLOW_CTX_TASK_ID='execute_post_details_fasapi' AIRFLOW_CTX_EXECUTION_DATE='2024-07-01T00:00:00+00:00' AIRFLOW_CTX_TRY_NUMBER='1' AIRFLOW_CTX_DAG_RUN_ID='scheduled__2024-07-01T00:00:00+00:00'
[2024-07-02T10:51:51.578-0400] {taskinstance.py:430} INFO - ::endgroup::
[2024-07-02T10:52:45.454-0400] {python.py:237} INFO - Done. Returned value was: None
[2024-07-02T10:52:45.455-0400] {taskinstance.py:441} INFO - ::group::Post task execution logs
[2024-07-02T10:52:45.461-0400] {taskinstance.py:1206} INFO - Marking task as SUCCESS. dag_id=api_cuevana3_movie, task_id=execute_post_details_fasapi, run_id=scheduled__2024-07-01T00:00:00+00:00, execution_date=20240701T000000, start_date=20240702T145151, end_date=20240702T145245
[2024-07-02T10:52:45.504-0400] {local_task_job_runner.py:240} INFO - Task exited with return code 0
[2024-07-02T10:52:45.532-0400] {taskinstance.py:3503} INFO - 3 downstream tasks scheduled from follow-on schedule check
[2024-07-02T10:52:45.560-0400] {local_task_job_runner.py:222} INFO - ::endgroup::
[2024-07-02T11:23:58.085-0400] {local_task_job_runner.py:120} INFO - ::group::Pre task execution logs
[2024-07-02T11:23:58.115-0400] {taskinstance.py:2076} INFO - Dependencies all met for dep_context=non-requeueable deps ti=<TaskInstance: api_cuevana3_movie.execute_post_details_fasapi scheduled__2024-07-01T00:00:00+00:00 [queued]>
[2024-07-02T11:23:58.121-0400] {taskinstance.py:2076} INFO - Dependencies all met for dep_context=requeueable deps ti=<TaskInstance: api_cuevana3_movie.execute_post_details_fasapi scheduled__2024-07-01T00:00:00+00:00 [queued]>
[2024-07-02T11:23:58.121-0400] {taskinstance.py:2306} INFO - Starting attempt 1 of 1
[2024-07-02T11:23:58.160-0400] {taskinstance.py:2330} INFO - Executing <Task(PythonOperator): execute_post_details_fasapi> on 2024-07-01 00:00:00+00:00
[2024-07-02T11:23:58.167-0400] {standard_task_runner.py:63} INFO - Started process 502663 to run task
[2024-07-02T11:23:58.171-0400] {standard_task_runner.py:90} INFO - Running: ['airflow', 'tasks', 'run', 'api_cuevana3_movie', 'execute_post_details_fasapi', 'scheduled__2024-07-01T00:00:00+00:00', '--job-id', '1342', '--raw', '--subdir', 'DAGS_FOLDER/movie_recommend.py', '--cfg-path', '/tmp/tmp753lmhl3']
[2024-07-02T11:23:58.173-0400] {standard_task_runner.py:91} INFO - Job 1342: Subtask execute_post_details_fasapi
[2024-07-02T11:23:58.247-0400] {task_command.py:426} INFO - Running <TaskInstance: api_cuevana3_movie.execute_post_details_fasapi scheduled__2024-07-01T00:00:00+00:00 [running]> on host walter-VirtualBox
[2024-07-02T11:23:58.336-0400] {taskinstance.py:2648} INFO - Exporting env vars: AIRFLOW_CTX_DAG_OWNER='airflow' AIRFLOW_CTX_DAG_ID='api_cuevana3_movie' AIRFLOW_CTX_TASK_ID='execute_post_details_fasapi' AIRFLOW_CTX_EXECUTION_DATE='2024-07-01T00:00:00+00:00' AIRFLOW_CTX_TRY_NUMBER='1' AIRFLOW_CTX_DAG_RUN_ID='scheduled__2024-07-01T00:00:00+00:00'
[2024-07-02T11:23:58.337-0400] {taskinstance.py:430} INFO - ::endgroup::
[2024-07-02T11:24:47.560-0400] {python.py:237} INFO - Done. Returned value was: None
[2024-07-02T11:24:47.566-0400] {taskinstance.py:441} INFO - ::group::Post task execution logs
[2024-07-02T11:24:47.579-0400] {taskinstance.py:1206} INFO - Marking task as SUCCESS. dag_id=api_cuevana3_movie, task_id=execute_post_details_fasapi, run_id=scheduled__2024-07-01T00:00:00+00:00, execution_date=20240701T000000, start_date=20240702T152358, end_date=20240702T152447
[2024-07-02T11:24:47.642-0400] {local_task_job_runner.py:240} INFO - Task exited with return code 0
[2024-07-02T11:24:47.663-0400] {taskinstance.py:3503} INFO - 3 downstream tasks scheduled from follow-on schedule check
[2024-07-02T11:24:47.671-0400] {local_task_job_runner.py:222} INFO - ::endgroup::
