[2024-07-01T20:16:46.683-0400] {local_task_job_runner.py:120} INFO - ::group::Pre task execution logs
[2024-07-01T20:16:46.700-0400] {taskinstance.py:2076} INFO - Dependencies all met for dep_context=non-requeueable deps ti=<TaskInstance: api_cuevana3_movie.execute_post_details_fasapi scheduled__2024-07-01T12:00:00+00:00 [queued]>
[2024-07-01T20:16:46.706-0400] {taskinstance.py:2076} INFO - Dependencies all met for dep_context=requeueable deps ti=<TaskInstance: api_cuevana3_movie.execute_post_details_fasapi scheduled__2024-07-01T12:00:00+00:00 [queued]>
[2024-07-01T20:16:46.708-0400] {taskinstance.py:2306} INFO - Starting attempt 1 of 1
[2024-07-01T20:16:46.755-0400] {taskinstance.py:2330} INFO - Executing <Task(PythonOperator): execute_post_details_fasapi> on 2024-07-01 12:00:00+00:00
[2024-07-01T20:16:46.763-0400] {standard_task_runner.py:63} INFO - Started process 415088 to run task
[2024-07-01T20:16:46.766-0400] {standard_task_runner.py:90} INFO - Running: ['airflow', 'tasks', 'run', 'api_cuevana3_movie', 'execute_post_details_fasapi', 'scheduled__2024-07-01T12:00:00+00:00', '--job-id', '725', '--raw', '--subdir', 'DAGS_FOLDER/movie_recommend.py', '--cfg-path', '/tmp/tmpbz175ldq']
[2024-07-01T20:16:46.768-0400] {standard_task_runner.py:91} INFO - Job 725: Subtask execute_post_details_fasapi
[2024-07-01T20:16:46.893-0400] {task_command.py:426} INFO - Running <TaskInstance: api_cuevana3_movie.execute_post_details_fasapi scheduled__2024-07-01T12:00:00+00:00 [running]> on host walter-VirtualBox
[2024-07-01T20:16:47.015-0400] {taskinstance.py:2648} INFO - Exporting env vars: AIRFLOW_CTX_DAG_OWNER='airflow' AIRFLOW_CTX_DAG_ID='api_cuevana3_movie' AIRFLOW_CTX_TASK_ID='execute_post_details_fasapi' AIRFLOW_CTX_EXECUTION_DATE='2024-07-01T12:00:00+00:00' AIRFLOW_CTX_TRY_NUMBER='1' AIRFLOW_CTX_DAG_RUN_ID='scheduled__2024-07-01T12:00:00+00:00'
[2024-07-01T20:16:47.018-0400] {taskinstance.py:430} INFO - ::endgroup::
[2024-07-01T20:17:43.449-0400] {taskinstance.py:441} INFO - ::group::Post task execution logs
[2024-07-01T20:17:43.451-0400] {taskinstance.py:2905} ERROR - Task failed with exception
Traceback (most recent call last):
  File "/home/walter/Documentos/rakuntentv/venv/lib/python3.12/site-packages/urllib3/connectionpool.py", line 789, in urlopen
    response = self._make_request(
               ^^^^^^^^^^^^^^^^^^^
  File "/home/walter/Documentos/rakuntentv/venv/lib/python3.12/site-packages/urllib3/connectionpool.py", line 536, in _make_request
    response = conn.getresponse()
               ^^^^^^^^^^^^^^^^^^
  File "/home/walter/Documentos/rakuntentv/venv/lib/python3.12/site-packages/urllib3/connection.py", line 464, in getresponse
    httplib_response = super().getresponse()
                       ^^^^^^^^^^^^^^^^^^^^^
  File "/usr/lib/python3.12/http/client.py", line 1428, in getresponse
    response.begin()
  File "/usr/lib/python3.12/http/client.py", line 331, in begin
    version, status, reason = self._read_status()
                              ^^^^^^^^^^^^^^^^^^^
  File "/usr/lib/python3.12/http/client.py", line 300, in _read_status
    raise RemoteDisconnected("Remote end closed connection without"
http.client.RemoteDisconnected: Remote end closed connection without response

During handling of the above exception, another exception occurred:

Traceback (most recent call last):
  File "/home/walter/Documentos/rakuntentv/venv/lib/python3.12/site-packages/requests/adapters.py", line 667, in send
    resp = conn.urlopen(
           ^^^^^^^^^^^^^
  File "/home/walter/Documentos/rakuntentv/venv/lib/python3.12/site-packages/urllib3/connectionpool.py", line 843, in urlopen
    retries = retries.increment(
              ^^^^^^^^^^^^^^^^^^
  File "/home/walter/Documentos/rakuntentv/venv/lib/python3.12/site-packages/urllib3/util/retry.py", line 474, in increment
    raise reraise(type(error), error, _stacktrace)
          ^^^^^^^^^^^^^^^^^^^^^^^^^^^^^^^^^^^^^^^^
  File "/home/walter/Documentos/rakuntentv/venv/lib/python3.12/site-packages/urllib3/util/util.py", line 38, in reraise
    raise value.with_traceback(tb)
  File "/home/walter/Documentos/rakuntentv/venv/lib/python3.12/site-packages/urllib3/connectionpool.py", line 789, in urlopen
    response = self._make_request(
               ^^^^^^^^^^^^^^^^^^^
  File "/home/walter/Documentos/rakuntentv/venv/lib/python3.12/site-packages/urllib3/connectionpool.py", line 536, in _make_request
    response = conn.getresponse()
               ^^^^^^^^^^^^^^^^^^
  File "/home/walter/Documentos/rakuntentv/venv/lib/python3.12/site-packages/urllib3/connection.py", line 464, in getresponse
    httplib_response = super().getresponse()
                       ^^^^^^^^^^^^^^^^^^^^^
  File "/usr/lib/python3.12/http/client.py", line 1428, in getresponse
    response.begin()
  File "/usr/lib/python3.12/http/client.py", line 331, in begin
    version, status, reason = self._read_status()
                              ^^^^^^^^^^^^^^^^^^^
  File "/usr/lib/python3.12/http/client.py", line 300, in _read_status
    raise RemoteDisconnected("Remote end closed connection without"
urllib3.exceptions.ProtocolError: ('Connection aborted.', RemoteDisconnected('Remote end closed connection without response'))

During handling of the above exception, another exception occurred:

Traceback (most recent call last):
  File "/home/walter/Documentos/rakuntentv/venv/lib/python3.12/site-packages/airflow/models/taskinstance.py", line 465, in _execute_task
    result = _execute_callable(context=context, **execute_callable_kwargs)
             ^^^^^^^^^^^^^^^^^^^^^^^^^^^^^^^^^^^^^^^^^^^^^^^^^^^^^^^^^^^^^
  File "/home/walter/Documentos/rakuntentv/venv/lib/python3.12/site-packages/airflow/models/taskinstance.py", line 432, in _execute_callable
    return execute_callable(context=context, **execute_callable_kwargs)
           ^^^^^^^^^^^^^^^^^^^^^^^^^^^^^^^^^^^^^^^^^^^^^^^^^^^^^^^^^^^^
  File "/home/walter/Documentos/rakuntentv/venv/lib/python3.12/site-packages/airflow/models/baseoperator.py", line 401, in wrapper
    return func(self, *args, **kwargs)
           ^^^^^^^^^^^^^^^^^^^^^^^^^^^
  File "/home/walter/Documentos/rakuntentv/venv/lib/python3.12/site-packages/airflow/operators/python.py", line 235, in execute
    return_value = self.execute_callable()
                   ^^^^^^^^^^^^^^^^^^^^^^^
  File "/home/walter/Documentos/rakuntentv/venv/lib/python3.12/site-packages/airflow/operators/python.py", line 252, in execute_callable
    return self.python_callable(*self.op_args, **self.op_kwargs)
           ^^^^^^^^^^^^^^^^^^^^^^^^^^^^^^^^^^^^^^^^^^^^^^^^^^^^^
  File "/home/walter/Documentos/rakuntentv/airflow/dags/movie_recommend.py", line 60, in execute_post_details_fasapi
    response = requests.post(api_url)
               ^^^^^^^^^^^^^^^^^^^^^^
  File "/home/walter/Documentos/rakuntentv/venv/lib/python3.12/site-packages/requests/api.py", line 115, in post
    return request("post", url, data=data, json=json, **kwargs)
           ^^^^^^^^^^^^^^^^^^^^^^^^^^^^^^^^^^^^^^^^^^^^^^^^^^^^
  File "/home/walter/Documentos/rakuntentv/venv/lib/python3.12/site-packages/requests/api.py", line 59, in request
    return session.request(method=method, url=url, **kwargs)
           ^^^^^^^^^^^^^^^^^^^^^^^^^^^^^^^^^^^^^^^^^^^^^^^^^
  File "/home/walter/Documentos/rakuntentv/venv/lib/python3.12/site-packages/requests/sessions.py", line 589, in request
    resp = self.send(prep, **send_kwargs)
           ^^^^^^^^^^^^^^^^^^^^^^^^^^^^^^
  File "/home/walter/Documentos/rakuntentv/venv/lib/python3.12/site-packages/requests/sessions.py", line 703, in send
    r = adapter.send(request, **kwargs)
        ^^^^^^^^^^^^^^^^^^^^^^^^^^^^^^^
  File "/home/walter/Documentos/rakuntentv/venv/lib/python3.12/site-packages/requests/adapters.py", line 682, in send
    raise ConnectionError(err, request=request)
requests.exceptions.ConnectionError: ('Connection aborted.', RemoteDisconnected('Remote end closed connection without response'))
[2024-07-01T20:17:43.469-0400] {taskinstance.py:1206} INFO - Marking task as FAILED. dag_id=api_cuevana3_movie, task_id=execute_post_details_fasapi, run_id=scheduled__2024-07-01T12:00:00+00:00, execution_date=20240701T120000, start_date=20240702T001646, end_date=20240702T001743
[2024-07-01T20:17:43.508-0400] {standard_task_runner.py:110} ERROR - Failed to execute job 725 for task execute_post_details_fasapi (('Connection aborted.', RemoteDisconnected('Remote end closed connection without response')); 415088)
[2024-07-01T20:17:43.554-0400] {local_task_job_runner.py:240} INFO - Task exited with return code 1
[2024-07-01T20:17:43.581-0400] {taskinstance.py:3503} INFO - 0 downstream tasks scheduled from follow-on schedule check
[2024-07-01T20:17:43.626-0400] {local_task_job_runner.py:222} INFO - ::endgroup::
[2024-07-01T23:18:14.149-0400] {local_task_job_runner.py:120} INFO - ::group::Pre task execution logs
[2024-07-01T23:18:14.162-0400] {taskinstance.py:2076} INFO - Dependencies all met for dep_context=non-requeueable deps ti=<TaskInstance: api_cuevana3_movie.execute_post_details_fasapi scheduled__2024-07-01T12:00:00+00:00 [queued]>
[2024-07-01T23:18:14.166-0400] {taskinstance.py:2076} INFO - Dependencies all met for dep_context=requeueable deps ti=<TaskInstance: api_cuevana3_movie.execute_post_details_fasapi scheduled__2024-07-01T12:00:00+00:00 [queued]>
[2024-07-01T23:18:14.167-0400] {taskinstance.py:2306} INFO - Starting attempt 1 of 1
[2024-07-01T23:18:14.181-0400] {taskinstance.py:2330} INFO - Executing <Task(PythonOperator): execute_post_details_fasapi> on 2024-07-01 12:00:00+00:00
[2024-07-01T23:18:14.187-0400] {standard_task_runner.py:63} INFO - Started process 450330 to run task
[2024-07-01T23:18:14.189-0400] {standard_task_runner.py:90} INFO - Running: ['airflow', 'tasks', 'run', 'api_cuevana3_movie', 'execute_post_details_fasapi', 'scheduled__2024-07-01T12:00:00+00:00', '--job-id', '862', '--raw', '--subdir', 'DAGS_FOLDER/movie_recommend.py', '--cfg-path', '/tmp/tmpc6xfg6_o']
[2024-07-01T23:18:14.191-0400] {standard_task_runner.py:91} INFO - Job 862: Subtask execute_post_details_fasapi
[2024-07-01T23:18:14.221-0400] {task_command.py:426} INFO - Running <TaskInstance: api_cuevana3_movie.execute_post_details_fasapi scheduled__2024-07-01T12:00:00+00:00 [running]> on host walter-VirtualBox
[2024-07-01T23:18:14.302-0400] {taskinstance.py:2648} INFO - Exporting env vars: AIRFLOW_CTX_DAG_OWNER='airflow' AIRFLOW_CTX_DAG_ID='api_cuevana3_movie' AIRFLOW_CTX_TASK_ID='execute_post_details_fasapi' AIRFLOW_CTX_EXECUTION_DATE='2024-07-01T12:00:00+00:00' AIRFLOW_CTX_TRY_NUMBER='1' AIRFLOW_CTX_DAG_RUN_ID='scheduled__2024-07-01T12:00:00+00:00'
[2024-07-01T23:18:14.303-0400] {taskinstance.py:430} INFO - ::endgroup::
[2024-07-01T23:19:06.639-0400] {logging_mixin.py:188} INFO - Scraping movie details running successfully
[2024-07-01T23:19:06.716-0400] {logging_mixin.py:188} INFO - {"image_url": "https://i0.wp.com/www.themoviedb.org/t/p/w185/3HoBhPg6T5st6K09QfZh4lGB0hz.jpg", "title": "La academia del Sr. Kleks", "rating": 6.1, "duration": "2h 10m", "year": "2024", "quality": "HD", "description": "Ver la academia del sr. kleks Cuevana3.En busca de su padre, que ha desaparecido, una adolescente aparentemente normal acepta asistir a una universidad m\u00e1gica dirigida por un profesor exc\u00e9ntrico, el Sr. Kleks.", "genre": ["Fantas\u00eda", "Aventura", "Familia"], "country": "Bulgaria", "director": "Maciej Kawulski", "actors": ["Antonina Litwiniak,", "Tomasz Kot,", "Piotr Fronczewski,", "Sebastian Stankiewicz,", "Agnieszka Grochowska,", "Danuta Stenka,", "Daniel Walasek,", "Konrad Repi\u0144ski,", "Igor Fernandez-Kowalczyk,", "Apolonia Ga\u0142\u0119ska,", "Daria Kalinchuk,", "Amelia Luty\u0144ska,", "Enkhkhangaluun Byambadul,", "Jan Makowski,", "Jana Jachimek,", "Liu Sitkowska,", "Maria Al Tlfah,", "Dima Al Tlfah,", "Nikodem Adamski,", "Julian Mr\u00f3wczy\u0144ski,", "Adam Panikowski,"], "views": 50}
[2024-07-01T23:19:06.742-0400] {python.py:237} INFO - Done. Returned value was: {"image_url": "https://i0.wp.com/www.themoviedb.org/t/p/w185/3HoBhPg6T5st6K09QfZh4lGB0hz.jpg", "title": "La academia del Sr. Kleks", "rating": 6.1, "duration": "2h 10m", "year": "2024", "quality": "HD", "description": "Ver la academia del sr. kleks Cuevana3.En busca de su padre, que ha desaparecido, una adolescente aparentemente normal acepta asistir a una universidad m\u00e1gica dirigida por un profesor exc\u00e9ntrico, el Sr. Kleks.", "genre": ["Fantas\u00eda", "Aventura", "Familia"], "country": "Bulgaria", "director": "Maciej Kawulski", "actors": ["Antonina Litwiniak,", "Tomasz Kot,", "Piotr Fronczewski,", "Sebastian Stankiewicz,", "Agnieszka Grochowska,", "Danuta Stenka,", "Daniel Walasek,", "Konrad Repi\u0144ski,", "Igor Fernandez-Kowalczyk,", "Apolonia Ga\u0142\u0119ska,", "Daria Kalinchuk,", "Amelia Luty\u0144ska,", "Enkhkhangaluun Byambadul,", "Jan Makowski,", "Jana Jachimek,", "Liu Sitkowska,", "Maria Al Tlfah,", "Dima Al Tlfah,", "Nikodem Adamski,", "Julian Mr\u00f3wczy\u0144ski,", "Adam Panikowski,"], "views": 50}
[2024-07-01T23:19:06.746-0400] {taskinstance.py:441} INFO - ::group::Post task execution logs
[2024-07-01T23:19:06.770-0400] {taskinstance.py:1206} INFO - Marking task as SUCCESS. dag_id=api_cuevana3_movie, task_id=execute_post_details_fasapi, run_id=scheduled__2024-07-01T12:00:00+00:00, execution_date=20240701T120000, start_date=20240702T031814, end_date=20240702T031906
[2024-07-01T23:19:06.847-0400] {local_task_job_runner.py:240} INFO - Task exited with return code 0
[2024-07-01T23:19:06.862-0400] {taskinstance.py:3503} INFO - 0 downstream tasks scheduled from follow-on schedule check
[2024-07-01T23:19:06.863-0400] {local_task_job_runner.py:222} INFO - ::endgroup::
